###############################################################################
#                                                                             #
# IAR C/C++ Compiler V7.51A/W32 for 8051                25/May/2015  20:56:29 #
# Copyright 2004-2009 IAR Systems AB.                                         #
#                                                                             #
#    Core               =  plain                                              #
#    Code model         =  banked                                             #
#    Data model         =  large                                              #
#    Calling convention =  xdata reentrant                                    #
#    Constant location  =  data_rom                                           #
#    Dptr setup         =  1,16                                               #
#    Source file        =  C:\Texas Instruments\ZStack-CC2530-2.3.0-1.4.0\Com #
#                          ponents\mac\low_level\srf04\mac_low_level.c        #
#    Command line       =  -f "C:\Texas Instruments\ZStack-CC2530-2.3.0-1.4.0 #
#                          \Projects\zstack\Samples\ParkingS\CC2530DB\..\..\. #
#                          .\Tools\CC2530DB\f8wCoord.cfg" (-DCPU32MHZ         #
#                          -DROOT=__near_func -DMAC_CFG_APP_PENDING_QUEUE=TRU #
#                          E -DZDO_COORDINATOR -DRTR_NWK -DBLINK_LEDS) -f     #
#                          "C:\Texas Instruments\ZStack-CC2530-2.3.0-1.4.0\Pr #
#                          ojects\zstack\Samples\ParkingS\CC2530DB\..\..\..\T #
#                          ools\CC2530DB\f8wConfig.cfg" (-DSECURE=0           #
#                          -DZG_SECURE_DYNAMIC=0 -DREFLECTOR                  #
#                          -DDEFAULT_CHANLIST=0x00000800                      #
#                          -DZDAPP_CONFIG_PAN_ID=0xFFFF                       #
#                          -DNWK_START_DELAY=100 -DEXTENDED_JOINING_RANDOM_MA #
#                          SK=0x007F -DBEACON_REQUEST_DELAY=100               #
#                          -DBEACON_REQ_DELAY_MASK=0x00FF                     #
#                          -DROUTE_EXPIRY_TIME=30 -DAPSC_ACK_WAIT_DURATION_PO #
#                          LLED=3000 -DNWK_INDIRECT_MSG_TIMEOUT=7             #
#                          -DMAX_RREQ_ENTRIES=8 -DAPSC_MAX_FRAME_RETRIES=3    #
#                          -DNWK_MAX_DATA_RETRIES=2                           #
#                          -DMAX_POLL_FAILURE_RETRIES=2 -DMAX_BCAST=9         #
#                          -DAPS_MAX_GROUPS=16 -DMAX_RTG_ENTRIES=40           #
#                          -DNWK_MAX_BINDING_ENTRIES=4                        #
#                          -DMAX_BINDING_CLUSTER_IDS=4 "-DDEFAULT_KEY={0x01,  #
#                          0x03, 0x05, 0x07, 0x09, 0x0B, 0x0D, 0x0F, 0x00,    #
#                          0x02, 0x04, 0x06, 0x08, 0x0A, 0x0C, 0x0D}"         #
#                          -DMAC_MAX_FRAME_SIZE=116 "-DCONST=const __code"    #
#                          -DGENERIC=__generic -DRFD_RCVC_ALWAYS_ON=FALSE     #
#                          -DPOLL_RATE=1000 -DQUEUED_POLL_RATE=100            #
#                          -DRESPONSE_POLL_RATE=100) -DREJOIN_POLL_RATE=440   #
#                          "C:\Texas Instruments\ZStack-CC2530-2.3.0-1.4.0\Co #
#                          mponents\mac\low_level\srf04\mac_low_level.c" -D   #
#                          ZTOOL_P1 -D COORDINATOR -D MT_TASK -D MT_SYS_FUNC  #
#                          -D MT_ZDO_FUNC -D xLCD_SUPPORTED=DEBUG -lC         #
#                          "C:\Texas Instruments\ZStack-CC2530-2.3.0-1.4.0\Pr #
#                          ojects\zstack\Samples\ParkingS\CC2530DB\Coordinato #
#                          rEB\List\" -lA "C:\Texas                           #
#                          Instruments\ZStack-CC2530-2.3.0-1.4.0\Projects\zst #
#                          ack\Samples\ParkingS\CC2530DB\CoordinatorEB\List\" #
#                           --diag_suppress Pe001,Pa010 -o "C:\Texas          #
#                          Instruments\ZStack-CC2530-2.3.0-1.4.0\Projects\zst #
#                          ack\Samples\ParkingS\CC2530DB\CoordinatorEB\Obj\"  #
#                          -e --require_prototypes --debug --core=plain       #
#                          --dptr=16,1 --data_model=large                     #
#                          --code_model=banked --calling_convention=xdata_ree #
#                          ntrant --place_constants=data_rom                  #
#                          --nr_virtual_regs 16 -I "C:\Texas                  #
#                          Instruments\ZStack-CC2530-2.3.0-1.4.0\Projects\zst #
#                          ack\Samples\ParkingS\CC2530DB\" -I "C:\Texas       #
#                          Instruments\ZStack-CC2530-2.3.0-1.4.0\Projects\zst #
#                          ack\Samples\ParkingS\CC2530DB\..\SOURCE\" -I       #
#                          "C:\Texas Instruments\ZStack-CC2530-2.3.0-1.4.0\Pr #
#                          ojects\zstack\Samples\ParkingS\CC2530DB\..\..\..\Z #
#                          MAIN\TI2530DB\" -I "C:\Texas                       #
#                          Instruments\ZStack-CC2530-2.3.0-1.4.0\Projects\zst #
#                          ack\Samples\ParkingS\CC2530DB\..\..\..\..\..\COMPO #
#                          NENTS\MT\" -I "C:\Texas Instruments\ZStack-CC2530- #
#                          2.3.0-1.4.0\Projects\zstack\Samples\ParkingS\CC253 #
#                          0DB\..\..\..\..\..\COMPONENTS\HAL\INCLUDE\" -I     #
#                          "C:\Texas Instruments\ZStack-CC2530-2.3.0-1.4.0\Pr #
#                          ojects\zstack\Samples\ParkingS\CC2530DB\..\..\..\. #
#                          .\..\COMPONENTS\HAL\TARGET\CC2530EB\" -I           #
#                          "C:\Texas Instruments\ZStack-CC2530-2.3.0-1.4.0\Pr #
#                          ojects\zstack\Samples\ParkingS\CC2530DB\..\..\..\. #
#                          .\..\COMPONENTS\OSAL\MCU\CCSOC\" -I "C:\Texas      #
#                          Instruments\ZStack-CC2530-2.3.0-1.4.0\Projects\zst #
#                          ack\Samples\ParkingS\CC2530DB\..\..\..\..\..\COMPO #
#                          NENTS\OSAL\INCLUDE\" -I "C:\Texas                  #
#                          Instruments\ZStack-CC2530-2.3.0-1.4.0\Projects\zst #
#                          ack\Samples\ParkingS\CC2530DB\..\..\..\..\..\COMPO #
#                          NENTS\STACK\AF\" -I "C:\Texas                      #
#                          Instruments\ZStack-CC2530-2.3.0-1.4.0\Projects\zst #
#                          ack\Samples\ParkingS\CC2530DB\..\..\..\..\..\COMPO #
#                          NENTS\STACK\NWK\" -I "C:\Texas                     #
#                          Instruments\ZStack-CC2530-2.3.0-1.4.0\Projects\zst #
#                          ack\Samples\ParkingS\CC2530DB\..\..\..\..\..\COMPO #
#                          NENTS\STACK\SEC\" -I "C:\Texas                     #
#                          Instruments\ZStack-CC2530-2.3.0-1.4.0\Projects\zst #
#                          ack\Samples\ParkingS\CC2530DB\..\..\..\..\..\COMPO #
#                          NENTS\STACK\SAPI\" -I "C:\Texas                    #
#                          Instruments\ZStack-CC2530-2.3.0-1.4.0\Projects\zst #
#                          ack\Samples\ParkingS\CC2530DB\..\..\..\..\..\COMPO #
#                          NENTS\STACK\SYS\" -I "C:\Texas                     #
#                          Instruments\ZStack-CC2530-2.3.0-1.4.0\Projects\zst #
#                          ack\Samples\ParkingS\CC2530DB\..\..\..\..\..\COMPO #
#                          NENTS\STACK\ZDO\" -I "C:\Texas                     #
#                          Instruments\ZStack-CC2530-2.3.0-1.4.0\Projects\zst #
#                          ack\Samples\ParkingS\CC2530DB\..\..\..\..\..\COMPO #
#                          NENTS\ZMAC\F8W\" -I "C:\Texas                      #
#                          Instruments\ZStack-CC2530-2.3.0-1.4.0\Projects\zst #
#                          ack\Samples\ParkingS\CC2530DB\..\..\..\..\..\COMPO #
#                          NENTS\ZMAC\" -I "C:\Texas                          #
#                          Instruments\ZStack-CC2530-2.3.0-1.4.0\Projects\zst #
#                          ack\Samples\ParkingS\CC2530DB\..\..\..\..\..\COMPO #
#                          NENTS\SERVICES\SADDR\" -I "C:\Texas                #
#                          Instruments\ZStack-CC2530-2.3.0-1.4.0\Projects\zst #
#                          ack\Samples\ParkingS\CC2530DB\..\..\..\..\..\COMPO #
#                          NENTS\SERVICES\SDATA\" -I "C:\Texas                #
#                          Instruments\ZStack-CC2530-2.3.0-1.4.0\Projects\zst #
#                          ack\Samples\ParkingS\CC2530DB\..\..\..\..\..\COMPO #
#                          NENTS\MAC\INCLUDE\" -I "C:\Texas                   #
#                          Instruments\ZStack-CC2530-2.3.0-1.4.0\Projects\zst #
#                          ack\Samples\ParkingS\CC2530DB\..\..\..\..\..\COMPO #
#                          NENTS\MAC\HIGH_LEVEL\" -I "C:\Texas                #
#                          Instruments\ZStack-CC2530-2.3.0-1.4.0\Projects\zst #
#                          ack\Samples\ParkingS\CC2530DB\..\..\..\..\..\COMPO #
#                          NENTS\MAC\LOW_LEVEL\srf04\" -I "C:\Texas           #
#                          Instruments\ZStack-CC2530-2.3.0-1.4.0\Projects\zst #
#                          ack\Samples\ParkingS\CC2530DB\..\..\..\..\..\COMPO #
#                          NENTS\MAC\LOW_LEVEL\srf04\SINGLE_CHIP\" -I         #
#                          "C:\Program Files\IAR Systems\Embedded Workbench   #
#                          5.3\8051\INC\" -I "C:\Program Files\IAR            #
#                          Systems\Embedded Workbench 5.3\8051\INC\CLIB\"     #
#                          -Ohz                                               #
#    List file          =  C:\Texas Instruments\ZStack-CC2530-2.3.0-1.4.0\Pro #
#                          jects\zstack\Samples\ParkingS\CC2530DB\Coordinator #
#                          EB\List\mac_low_level.lst                          #
#    Object file        =  C:\Texas Instruments\ZStack-CC2530-2.3.0-1.4.0\Pro #
#                          jects\zstack\Samples\ParkingS\CC2530DB\Coordinator #
#                          EB\Obj\mac_low_level.r51                           #
#                                                                             #
#                                                                             #
###############################################################################

C:\Texas Instruments\ZStack-CC2530-2.3.0-1.4.0\Components\mac\low_level\srf04\mac_low_level.c
      1          /**************************************************************************************************
      2            Filename:       mac_low_level.c
      3            Revised:        $Date: 2007-09-11 10:58:41 -0700 (Tue, 11 Sep 2007) $
      4            Revision:       $Revision: 15371 $
      5          
      6            Description:    Describe the purpose and contents of the file.
      7          
      8          
      9            Copyright 2006-2009 Texas Instruments Incorporated. All rights reserved.
     10          
     11            IMPORTANT: Your use of this Software is limited to those specific rights
     12            granted under the terms of a software license agreement between the user
     13            who downloaded the software, his/her employer (which must be your employer)
     14            and Texas Instruments Incorporated (the "License").  You may not use this
     15            Software unless you agree to abide by the terms of the License. The License
     16            limits your use, and you acknowledge, that the Software may not be modified,
     17            copied or distributed unless embedded on a Texas Instruments microcontroller
     18            or used solely and exclusively in conjunction with a Texas Instruments radio
     19            frequency transceiver, which is integrated into your product.  Other than for
     20            the foregoing purpose, you may not use, reproduce, copy, prepare derivative
     21            works of, modify, distribute, perform, display or sell this Software and/or
     22            its documentation for any purpose.
     23          
     24            YOU FURTHER ACKNOWLEDGE AND AGREE THAT THE SOFTWARE AND DOCUMENTATION ARE
     25            PROVIDED “AS IS” WITHOUT WARRANTY OF ANY KIND, EITHER EXPRESS OR IMPLIED,
     26            INCLUDING WITHOUT LIMITATION, ANY WARRANTY OF MERCHANTABILITY, TITLE,
     27            NON-INFRINGEMENT AND FITNESS FOR A PARTICULAR PURPOSE. IN NO EVENT SHALL
     28            TEXAS INSTRUMENTS OR ITS LICENSORS BE LIABLE OR OBLIGATED UNDER CONTRACT,
     29            NEGLIGENCE, STRICT LIABILITY, CONTRIBUTION, BREACH OF WARRANTY, OR OTHER
     30            LEGAL EQUITABLE THEORY ANY DIRECT OR INDIRECT DAMAGES OR EXPENSES
     31            INCLUDING BUT NOT LIMITED TO ANY INCIDENTAL, SPECIAL, INDIRECT, PUNITIVE
     32            OR CONSEQUENTIAL DAMAGES, LOST PROFITS OR LOST DATA, COST OF PROCUREMENT
     33            OF SUBSTITUTE GOODS, TECHNOLOGY, SERVICES, OR ANY CLAIMS BY THIRD PARTIES
     34            (INCLUDING BUT NOT LIMITED TO ANY DEFENSE THEREOF), OR OTHER SIMILAR COSTS.
     35          
     36            Should you have any questions regarding your right to use this Software,
     37            contact Texas Instruments Incorporated at www.TI.com.
     38          **************************************************************************************************/
     39          
     40          /* ------------------------------------------------------------------------------------------------
     41           *                                          Includes
     42           * ------------------------------------------------------------------------------------------------
     43           */
     44          
     45          /* hal */
     46          #include "hal_types.h"
     47          #include "hal_mcu.h"

   \                                 In  segment SFR_AN, at 0xa8
   \   union <unnamed> volatile __sfr _A_IEN0
   \                     _A_IEN0:
   \   000000                DS 1
     48          
     49          /* exported low-level */
     50          #include "mac_low_level.h"
     51          
     52          /* low-level specific */
     53          #include "mac_radio.h"
     54          #include "mac_rx.h"
     55          #include "mac_tx.h"
     56          #include "mac_rx_onoff.h"
     57          #include "mac_backoff_timer.h"
     58          #include "mac_sleep.h"
     59          
     60          /* target specific */
     61          #include "mac_radio_defs.h"
     62          
     63          /* debug */
     64          #include "mac_assert.h"
     65          
     66          #if !defined ( HAL_CLOCK_CRYSTAL )
     67          /* DCO has a frequency error of 2% */

   \                                 In  segment CODE_C, align 1
     68          const uint16 CODE macBeaconMarginDCO[] =
   \                     macBeaconMarginDCO:
   \   000000   03000300     DW 3, 3, 4, 8, 16, 31, 62, 123, 246, 492, 983, 1967, 3933, 7865, 15729
   \            04000800
   \            10001F00
   \            3E007B00
   \            F600EC01
   \            D703AF07
   \            5D0FB91E
   \            713D    
   \   00001E   0000         DW 0
     69          {
     70            3,
     71            3,
     72            4,
     73            8,
     74            16,
     75            31,
     76            62,
     77            123,
     78            246,
     79            492,
     80            983,
     81            1967,
     82            3933,
     83            7865,
     84            15729,
     85            0
     86          };
     87          #endif
     88          
     89          /**************************************************************************************************
     90           * @fn          macLowLevelInit
     91           *
     92           * @brief       Initialize low-level MAC.  Called only once on system power-up.
     93           *
     94           * @param       none
     95           *
     96           * @return      none
     97           **************************************************************************************************
     98           */

   \                                 In  segment BANKED_CODE, align 1, keep-with-next
     99          MAC_INTERNAL_API void macLowLevelInit(void)
   \                     macLowLevelInit:
    100          {
   \   000000   C082         PUSH    DPL
   \   000002   C083         PUSH    DPH
   \   000004                ; Saved register size: 2
   \   000004                ; Auto size: 0
    101            /* initialize mcu before anything else */
    102            MAC_RADIO_MCU_INIT();
   \   000004                ; Setup parameters for call to function macMcuInit
   \   000004   12....       LCALL   ??macMcuInit?relay
    103          
    104            /* initialize (override) beacon margin timing table */
    105          #if !defined ( HAL_CLOCK_CRYSTAL )
    106            {
    107              uint8 i;
    108          
    109              for (i = 0; i < sizeof(macBeaconMarginDCO)/sizeof(macBeaconMarginDCO[0]); i++)
   \   000007   7C00         MOV     R4,#0x0
    110              {
    111                macBeaconMargin[i] = macBeaconMarginDCO[i];
   \                     ??macLowLevelInit_0:
   \   000009   EC           MOV     A,R4
   \   00000A   C3           CLR     C
   \   00000B   33           RLC     A
   \   00000C   F8           MOV     R0,A
   \   00000D   E4           CLR     A
   \   00000E   33           RLC     A
   \   00000F   F9           MOV     R1,A
   \   000010   E8           MOV     A,R0
   \   000011   24..         ADD     A,#(macBeaconMarginDCO & 0xff)
   \   000013   F582         MOV     DPL,A
   \   000015   E9           MOV     A,R1
   \   000016   34..         ADDC    A,#((macBeaconMarginDCO >> 8) & 0xff)
   \   000018   F583         MOV     DPH,A
   \   00001A   E4           CLR     A
   \   00001B   93           MOVC    A,@A+DPTR
   \   00001C   FA           MOV     R2,A
   \   00001D   7401         MOV     A,#0x1
   \   00001F   93           MOVC    A,@A+DPTR
   \   000020   FB           MOV     R3,A
   \   000021   E8           MOV     A,R0
   \   000022   24..         ADD     A,#(macBeaconMargin & 0xff)
   \   000024   F582         MOV     DPL,A
   \   000026   E9           MOV     A,R1
   \   000027   34..         ADDC    A,#((macBeaconMargin >> 8) & 0xff)
   \   000029   F583         MOV     DPH,A
   \   00002B   EA           MOV     A,R2
   \   00002C   F0           MOVX    @DPTR,A
   \   00002D   A3           INC     DPTR
   \   00002E   EB           MOV     A,R3
   \   00002F   F0           MOVX    @DPTR,A
    112              }
   \   000030   0C           INC     R4
   \   000031   EC           MOV     A,R4
   \   000032   C3           CLR     C
   \   000033   9410         SUBB    A,#0x10
   \   000035   40D2         JC      ??macLowLevelInit_0
    113            }
    114          #endif
    115          
    116            /* software initialziation */
    117            macRadioInit();
   \   000037                ; Setup parameters for call to function macRadioInit
   \   000037   12....       LCALL   ??macRadioInit?relay
    118            macRxOnOffInit();
   \   00003A                ; Setup parameters for call to function macRxOnOffInit
   \   00003A   12....       LCALL   ??macRxOnOffInit?relay
    119            macRxInit();
   \   00003D                ; Setup parameters for call to function macRxInit
   \   00003D   12....       LCALL   ??macRxInit?relay
    120            macTxInit();
   \   000040                ; Setup parameters for call to function macTxInit
   \   000040   12....       LCALL   ??macTxInit?relay
    121            macBackoffTimerInit();
   \   000043                ; Setup parameters for call to function macBackoffTimerInit
   \   000043   12....       LCALL   ??macBackoffTimerInit?relay
    122          }
   \   000046                REQUIRE ?Subroutine0
   \   000046                ; // Fall through to label ?Subroutine0

   \                                 In  segment BANKED_CODE, align 1, keep-with-next
   \                     ?Subroutine0:
   \   000000   D083         POP     DPH
   \   000002   D082         POP     DPL
   \   000004   02....       LJMP    ?BRET
    123          
    124          
    125          /**************************************************************************************************
    126           * @fn          macLowLevelReset
    127           *
    128           * @brief       Reset low-level MAC.
    129           *
    130           * @param       none
    131           *
    132           * @return      none
    133           **************************************************************************************************
    134           */

   \                                 In  segment BANKED_CODE, align 1, keep-with-next
    135          MAC_INTERNAL_API void macLowLevelReset(void)
   \                     macLowLevelReset:
    136          {
   \   000000   C082         PUSH    DPL
   \   000002   C083         PUSH    DPH
   \   000004                ; Saved register size: 2
   \   000004                ; Auto size: 0
    137            MAC_ASSERT(!HAL_INTERRUPTS_ARE_ENABLED());   /* interrupts must be disabled */
   \   000004   A2AF         MOV     C,0xa8.7
   \   000006   5003         JNC     ??macLowLevelReset_0
   \   000008                ; Setup parameters for call to function halAssertHandler
   \   000008   12....       LCALL   ??halAssertHandler?relay
    138          
    139            /* reset radio modules;  if not awake, skip this */
    140            if (macSleepState == MAC_SLEEP_STATE_AWAKE)
   \                     ??macLowLevelReset_0:
   \   00000B   90....       MOV     DPTR,#macSleepState
   \   00000E   E0           MOVX    A,@DPTR
   \   00000F   7006         JNZ     ??macLowLevelReset_1
    141            {
    142              macRxTxReset();
   \   000011                ; Setup parameters for call to function macRxTxReset
   \   000011   12....       LCALL   ??macRxTxReset?relay
    143              macRadioReset();
   \   000014                ; Setup parameters for call to function macRadioReset
   \   000014   12....       LCALL   ??macRadioReset?relay
    144            }
    145          
    146            /* reset timer */
    147            macBackoffTimerReset();
   \                     ??macLowLevelReset_1:
   \   000017                ; Setup parameters for call to function macBackoffTimerReset
   \   000017   12....       LCALL   ??macBackoffTimerReset?relay
    148          
    149            /* power up the radio */
    150            macSleepWakeUp();
   \   00001A                ; Setup parameters for call to function macSleepWakeUp
   \   00001A   12....       LCALL   ??macSleepWakeUp?relay
    151          }
   \   00001D   80..         SJMP    ?Subroutine0
   \   00001F                REQUIRE _A_IEN0

   \                                 In  segment BANK_RELAYS, align 1
   \                     ??macLowLevelInit?relay:
   \   000000   12....       LCALL   ?BDISPATCH
   \   000003   ......       DC24    macLowLevelInit

   \                                 In  segment BANK_RELAYS, align 1
   \                     ??macLowLevelReset?relay:
   \   000000   12....       LCALL   ?BDISPATCH
   \   000003   ......       DC24    macLowLevelReset
    152          
    153          
    154          /**************************************************************************************************
    155          */

   Maximum stack usage in bytes:

     Function                  ISTACK PSTACK XSTACK
     --------                  ------ ------ ------
     macLowLevelInit               2      0      0
       -> macMcuInit               4      0      0
       -> macRadioInit             4      0      0
       -> macRxOnOffInit           4      0      0
       -> macRxInit                4      0      0
       -> macTxInit                4      0      0
       -> macBackoffTimerInit      4      0      0
     macLowLevelReset              2      0      0
       -> halAssertHandler         4      0      0
       -> macRxTxReset             4      0      0
       -> macRadioReset            4      0      0
       -> macBackoffTimerReset     4      0      0
       -> macSleepWakeUp           4      0      0


   Segment part sizes:

     Function/Label           Bytes
     --------------           -----
     _A_IEN0                     1
     macBeaconMarginDCO         32
     macLowLevelInit            70
     ?Subroutine0                7
     macLowLevelReset           31
     ??macLowLevelInit?relay     6
     ??macLowLevelReset?relay    6

 
 108 bytes in segment BANKED_CODE
  12 bytes in segment BANK_RELAYS
  32 bytes in segment CODE_C
   1 byte  in segment SFR_AN
 
 152 bytes of CODE memory
   0 bytes of DATA memory (+ 1 byte shared)

Errors: none
Warnings: none
