###############################################################################
#                                                                             #
# IAR C/C++ Compiler V7.51A/W32 for 8051                25/May/2015  20:56:21 #
# Copyright 2004-2009 IAR Systems AB.                                         #
#                                                                             #
#    Core               =  plain                                              #
#    Code model         =  banked                                             #
#    Data model         =  large                                              #
#    Calling convention =  xdata reentrant                                    #
#    Constant location  =  data_rom                                           #
#    Dptr setup         =  1,16                                               #
#    Source file        =  C:\Texas Instruments\ZStack-CC2530-2.3.0-1.4.0\Pro #
#                          jects\zstack\ZMain\TI2530DB\OnBoard.c              #
#    Command line       =  -f "C:\Texas Instruments\ZStack-CC2530-2.3.0-1.4.0 #
#                          \Projects\zstack\Samples\ParkingS\CC2530DB\..\..\. #
#                          .\Tools\CC2530DB\f8wCoord.cfg" (-DCPU32MHZ         #
#                          -DROOT=__near_func -DMAC_CFG_APP_PENDING_QUEUE=TRU #
#                          E -DZDO_COORDINATOR -DRTR_NWK -DBLINK_LEDS) -f     #
#                          "C:\Texas Instruments\ZStack-CC2530-2.3.0-1.4.0\Pr #
#                          ojects\zstack\Samples\ParkingS\CC2530DB\..\..\..\T #
#                          ools\CC2530DB\f8wConfig.cfg" (-DSECURE=0           #
#                          -DZG_SECURE_DYNAMIC=0 -DREFLECTOR                  #
#                          -DDEFAULT_CHANLIST=0x00000800                      #
#                          -DZDAPP_CONFIG_PAN_ID=0xFFFF                       #
#                          -DNWK_START_DELAY=100 -DEXTENDED_JOINING_RANDOM_MA #
#                          SK=0x007F -DBEACON_REQUEST_DELAY=100               #
#                          -DBEACON_REQ_DELAY_MASK=0x00FF                     #
#                          -DROUTE_EXPIRY_TIME=30 -DAPSC_ACK_WAIT_DURATION_PO #
#                          LLED=3000 -DNWK_INDIRECT_MSG_TIMEOUT=7             #
#                          -DMAX_RREQ_ENTRIES=8 -DAPSC_MAX_FRAME_RETRIES=3    #
#                          -DNWK_MAX_DATA_RETRIES=2                           #
#                          -DMAX_POLL_FAILURE_RETRIES=2 -DMAX_BCAST=9         #
#                          -DAPS_MAX_GROUPS=16 -DMAX_RTG_ENTRIES=40           #
#                          -DNWK_MAX_BINDING_ENTRIES=4                        #
#                          -DMAX_BINDING_CLUSTER_IDS=4 "-DDEFAULT_KEY={0x01,  #
#                          0x03, 0x05, 0x07, 0x09, 0x0B, 0x0D, 0x0F, 0x00,    #
#                          0x02, 0x04, 0x06, 0x08, 0x0A, 0x0C, 0x0D}"         #
#                          -DMAC_MAX_FRAME_SIZE=116 "-DCONST=const __code"    #
#                          -DGENERIC=__generic -DRFD_RCVC_ALWAYS_ON=FALSE     #
#                          -DPOLL_RATE=1000 -DQUEUED_POLL_RATE=100            #
#                          -DRESPONSE_POLL_RATE=100) -DREJOIN_POLL_RATE=440   #
#                          "C:\Texas Instruments\ZStack-CC2530-2.3.0-1.4.0\Pr #
#                          ojects\zstack\ZMain\TI2530DB\OnBoard.c" -D         #
#                          ZTOOL_P1 -D COORDINATOR -D MT_TASK -D MT_SYS_FUNC  #
#                          -D MT_ZDO_FUNC -D xLCD_SUPPORTED=DEBUG -lC         #
#                          "C:\Texas Instruments\ZStack-CC2530-2.3.0-1.4.0\Pr #
#                          ojects\zstack\Samples\ParkingS\CC2530DB\Coordinato #
#                          rEB\List\" -lA "C:\Texas                           #
#                          Instruments\ZStack-CC2530-2.3.0-1.4.0\Projects\zst #
#                          ack\Samples\ParkingS\CC2530DB\CoordinatorEB\List\" #
#                           --diag_suppress Pe001,Pa010 -o "C:\Texas          #
#                          Instruments\ZStack-CC2530-2.3.0-1.4.0\Projects\zst #
#                          ack\Samples\ParkingS\CC2530DB\CoordinatorEB\Obj\"  #
#                          -e --require_prototypes --debug --core=plain       #
#                          --dptr=16,1 --data_model=large                     #
#                          --code_model=banked --calling_convention=xdata_ree #
#                          ntrant --place_constants=data_rom                  #
#                          --nr_virtual_regs 16 -I "C:\Texas                  #
#                          Instruments\ZStack-CC2530-2.3.0-1.4.0\Projects\zst #
#                          ack\Samples\ParkingS\CC2530DB\" -I "C:\Texas       #
#                          Instruments\ZStack-CC2530-2.3.0-1.4.0\Projects\zst #
#                          ack\Samples\ParkingS\CC2530DB\..\SOURCE\" -I       #
#                          "C:\Texas Instruments\ZStack-CC2530-2.3.0-1.4.0\Pr #
#                          ojects\zstack\Samples\ParkingS\CC2530DB\..\..\..\Z #
#                          MAIN\TI2530DB\" -I "C:\Texas                       #
#                          Instruments\ZStack-CC2530-2.3.0-1.4.0\Projects\zst #
#                          ack\Samples\ParkingS\CC2530DB\..\..\..\..\..\COMPO #
#                          NENTS\MT\" -I "C:\Texas Instruments\ZStack-CC2530- #
#                          2.3.0-1.4.0\Projects\zstack\Samples\ParkingS\CC253 #
#                          0DB\..\..\..\..\..\COMPONENTS\HAL\INCLUDE\" -I     #
#                          "C:\Texas Instruments\ZStack-CC2530-2.3.0-1.4.0\Pr #
#                          ojects\zstack\Samples\ParkingS\CC2530DB\..\..\..\. #
#                          .\..\COMPONENTS\HAL\TARGET\CC2530EB\" -I           #
#                          "C:\Texas Instruments\ZStack-CC2530-2.3.0-1.4.0\Pr #
#                          ojects\zstack\Samples\ParkingS\CC2530DB\..\..\..\. #
#                          .\..\COMPONENTS\OSAL\MCU\CCSOC\" -I "C:\Texas      #
#                          Instruments\ZStack-CC2530-2.3.0-1.4.0\Projects\zst #
#                          ack\Samples\ParkingS\CC2530DB\..\..\..\..\..\COMPO #
#                          NENTS\OSAL\INCLUDE\" -I "C:\Texas                  #
#                          Instruments\ZStack-CC2530-2.3.0-1.4.0\Projects\zst #
#                          ack\Samples\ParkingS\CC2530DB\..\..\..\..\..\COMPO #
#                          NENTS\STACK\AF\" -I "C:\Texas                      #
#                          Instruments\ZStack-CC2530-2.3.0-1.4.0\Projects\zst #
#                          ack\Samples\ParkingS\CC2530DB\..\..\..\..\..\COMPO #
#                          NENTS\STACK\NWK\" -I "C:\Texas                     #
#                          Instruments\ZStack-CC2530-2.3.0-1.4.0\Projects\zst #
#                          ack\Samples\ParkingS\CC2530DB\..\..\..\..\..\COMPO #
#                          NENTS\STACK\SEC\" -I "C:\Texas                     #
#                          Instruments\ZStack-CC2530-2.3.0-1.4.0\Projects\zst #
#                          ack\Samples\ParkingS\CC2530DB\..\..\..\..\..\COMPO #
#                          NENTS\STACK\SAPI\" -I "C:\Texas                    #
#                          Instruments\ZStack-CC2530-2.3.0-1.4.0\Projects\zst #
#                          ack\Samples\ParkingS\CC2530DB\..\..\..\..\..\COMPO #
#                          NENTS\STACK\SYS\" -I "C:\Texas                     #
#                          Instruments\ZStack-CC2530-2.3.0-1.4.0\Projects\zst #
#                          ack\Samples\ParkingS\CC2530DB\..\..\..\..\..\COMPO #
#                          NENTS\STACK\ZDO\" -I "C:\Texas                     #
#                          Instruments\ZStack-CC2530-2.3.0-1.4.0\Projects\zst #
#                          ack\Samples\ParkingS\CC2530DB\..\..\..\..\..\COMPO #
#                          NENTS\ZMAC\F8W\" -I "C:\Texas                      #
#                          Instruments\ZStack-CC2530-2.3.0-1.4.0\Projects\zst #
#                          ack\Samples\ParkingS\CC2530DB\..\..\..\..\..\COMPO #
#                          NENTS\ZMAC\" -I "C:\Texas                          #
#                          Instruments\ZStack-CC2530-2.3.0-1.4.0\Projects\zst #
#                          ack\Samples\ParkingS\CC2530DB\..\..\..\..\..\COMPO #
#                          NENTS\SERVICES\SADDR\" -I "C:\Texas                #
#                          Instruments\ZStack-CC2530-2.3.0-1.4.0\Projects\zst #
#                          ack\Samples\ParkingS\CC2530DB\..\..\..\..\..\COMPO #
#                          NENTS\SERVICES\SDATA\" -I "C:\Texas                #
#                          Instruments\ZStack-CC2530-2.3.0-1.4.0\Projects\zst #
#                          ack\Samples\ParkingS\CC2530DB\..\..\..\..\..\COMPO #
#                          NENTS\MAC\INCLUDE\" -I "C:\Texas                   #
#                          Instruments\ZStack-CC2530-2.3.0-1.4.0\Projects\zst #
#                          ack\Samples\ParkingS\CC2530DB\..\..\..\..\..\COMPO #
#                          NENTS\MAC\HIGH_LEVEL\" -I "C:\Texas                #
#                          Instruments\ZStack-CC2530-2.3.0-1.4.0\Projects\zst #
#                          ack\Samples\ParkingS\CC2530DB\..\..\..\..\..\COMPO #
#                          NENTS\MAC\LOW_LEVEL\srf04\" -I "C:\Texas           #
#                          Instruments\ZStack-CC2530-2.3.0-1.4.0\Projects\zst #
#                          ack\Samples\ParkingS\CC2530DB\..\..\..\..\..\COMPO #
#                          NENTS\MAC\LOW_LEVEL\srf04\SINGLE_CHIP\" -I         #
#                          "C:\Program Files\IAR Systems\Embedded Workbench   #
#                          5.3\8051\INC\" -I "C:\Program Files\IAR            #
#                          Systems\Embedded Workbench 5.3\8051\INC\CLIB\"     #
#                          -Ohz                                               #
#    List file          =  C:\Texas Instruments\ZStack-CC2530-2.3.0-1.4.0\Pro #
#                          jects\zstack\Samples\ParkingS\CC2530DB\Coordinator #
#                          EB\List\OnBoard.lst                                #
#    Object file        =  C:\Texas Instruments\ZStack-CC2530-2.3.0-1.4.0\Pro #
#                          jects\zstack\Samples\ParkingS\CC2530DB\Coordinator #
#                          EB\Obj\OnBoard.r51                                 #
#                                                                             #
#                                                                             #
###############################################################################

C:\Texas Instruments\ZStack-CC2530-2.3.0-1.4.0\Projects\zstack\ZMain\TI2530DB\OnBoard.c
      1          /**************************************************************************************************
      2            Filename:       OnBoard.c
      3            Revised:        $Date: 2009-12-16 17:44:49 -0800 (Wed, 16 Dec 2009) $
      4            Revision:       $Revision: 21351 $
      5          
      6            Description:    This file contains the UI and control for the
      7                            peripherals on the EVAL development board
      8            Notes:          This file targets the Chipcon CC2530
      9          
     10          
     11            Copyright 2005-2009 Texas Instruments Incorporated. All rights reserved.
     12          
     13            IMPORTANT: Your use of this Software is limited to those specific rights
     14            granted under the terms of a software license agreement between the user
     15            who downloaded the software, his/her employer (which must be your employer)
     16            and Texas Instruments Incorporated (the "License").  You may not use this
     17            Software unless you agree to abide by the terms of the License. The License
     18            limits your use, and you acknowledge, that the Software may not be modified,
     19            copied or distributed unless embedded on a Texas Instruments microcontroller
     20            or used solely and exclusively in conjunction with a Texas Instruments radio
     21            frequency transceiver, which is integrated into your product.  Other than for
     22            the foregoing purpose, you may not use, reproduce, copy, prepare derivative
     23            works of, modify, distribute, perform, display or sell this Software and/or
     24            its documentation for any purpose.
     25          
     26            YOU FURTHER ACKNOWLEDGE AND AGREE THAT THE SOFTWARE AND DOCUMENTATION ARE
     27            PROVIDED “AS IS” WITHOUT WARRANTY OF ANY KIND, EITHER EXPRESS OR IMPLIED,
     28            INCLUDING WITHOUT LIMITATION, ANY WARRANTY OF MERCHANTABILITY, TITLE,
     29            NON-INFRINGEMENT AND FITNESS FOR A PARTICULAR PURPOSE. IN NO EVENT SHALL
     30            TEXAS INSTRUMENTS OR ITS LICENSORS BE LIABLE OR OBLIGATED UNDER CONTRACT,
     31            NEGLIGENCE, STRICT LIABILITY, CONTRIBUTION, BREACH OF WARRANTY, OR OTHER
     32            LEGAL EQUITABLE THEORY ANY DIRECT OR INDIRECT DAMAGES OR EXPENSES
     33            INCLUDING BUT NOT LIMITED TO ANY INCIDENTAL, SPECIAL, INDIRECT, PUNITIVE
     34            OR CONSEQUENTIAL DAMAGES, LOST PROFITS OR LOST DATA, COST OF PROCUREMENT
     35            OF SUBSTITUTE GOODS, TECHNOLOGY, SERVICES, OR ANY CLAIMS BY THIRD PARTIES
     36            (INCLUDING BUT NOT LIMITED TO ANY DEFENSE THEREOF), OR OTHER SIMILAR COSTS.
     37          
     38            Should you have any questions regarding your right to use this Software,
     39            contact Texas Instruments Incorporated at www.TI.com.
     40          **************************************************************************************************/
     41          
     42          /*********************************************************************
     43           * INCLUDES
     44           */
     45          
     46          #include "ZComDef.h"
     47          #include "OnBoard.h"

   \                                 In  segment SFR_AN, at 0x9d
   \   unsigned char volatile __sfr SLEEPSTA
   \                     SLEEPSTA:
   \   000000                DS 1

   \                                 In  segment SFR_AN, at 0xa8
   \   union <unnamed> volatile __sfr _A_IEN0
   \                     _A_IEN0:
   \   000000                DS 1
     48          #include "OSAL.h"
     49          #include "MT.h"
     50          #include "MT_SYS.h"
     51          #include "DebugTrace.h"
     52          
     53          /* Hal */
     54          #include "hal_lcd.h"
     55          #include "hal_mcu.h"
     56          #include "hal_timer.h"
     57          #include "hal_key.h"
     58          #include "hal_led.h"
     59          
     60          /* Allow access macRandomByte() */
     61          #include "mac_radio_defs.h"
     62          
     63          /*********************************************************************
     64           * MACROS
     65           */
     66          
     67          /*********************************************************************
     68           * CONSTANTS
     69           */
     70          
     71          // Task ID not initialized
     72          #define NO_TASK_ID 0xFF
     73          
     74          // Minimum length RAM "pattern" for Stack check
     75          #define MIN_RAM_INIT 12
     76          
     77          /*********************************************************************
     78           * TYPEDEFS
     79           */
     80          
     81          /*********************************************************************
     82           * GLOBAL VARIABLES
     83           */
     84          

   \                                 In  segment XDATA_Z, align 1, keep-with-next
     85          uint8 OnboardKeyIntEnable;
   \                     OnboardKeyIntEnable:
   \   000000                DS 1
   \   000001                REQUIRE __INIT_XDATA_Z
     86          
     87          #if defined MAKE_CRC_SHDW
     88          #pragma location="CRC_SHDW"
     89          const CODE uint16 _crcShdw = 0xFFFF;
     90          #pragma required=_crcShdw
     91          #endif
     92          
     93          // 64-bit Extended Address of this device

   \                                 In  segment XDATA_Z, align 1, keep-with-next
     94          uint8 aExtendedAddress[8];
   \                     aExtendedAddress:
   \   000000                DS 8
   \   000008                REQUIRE __INIT_XDATA_Z
     95          
     96          /*********************************************************************
     97           * EXTERNAL VARIABLES
     98           */
     99          
    100          /*********************************************************************
    101           * EXTERNAL FUNCTIONS
    102           */
    103          
    104          /*********************************************************************
    105           * LOCAL VARIABLES
    106           */
    107          
    108          // Registered keys task ID, initialized to NOT USED.

   \                                 In  segment XDATA_I, align 1, keep-with-next
    109          static uint8 registeredKeysTaskID = NO_TASK_ID;
   \                     registeredKeysTaskID:
   \   000000                DS 1
   \   000001                REQUIRE `?<Initializer for registeredKeysTaskID>`
   \   000001                REQUIRE __INIT_XDATA_I
    110          
    111          /*********************************************************************
    112           * LOCAL FUNCTIONS
    113           */
    114          
    115          static void ChkReset( void );
    116          
    117          /*********************************************************************
    118           * @fn      InitBoard()
    119           * @brief   Initialize the CC2420DB Board Peripherals
    120           * @param   level: COLD,WARM,READY
    121           * @return  None
    122           */

   \                                 In  segment BANKED_CODE, align 1, keep-with-next
    123          void InitBoard( uint8 level )
   \                     InitBoard:
    124          {
   \   000000   74F7         MOV     A,#-0x9
   \   000002   12....       LCALL   ?BANKED_ENTER_XDATA
   \   000005                ; Saved register size: 9
   \   000005                ; Auto size: 0
    125            if ( level == OB_COLD )
   \   000005   E9           MOV     A,R1
   \   000006   7053         JNZ     ??InitBoard_0
    126            {
    127              // Interrupts off
    128              osal_int_disable( INTS_ALL );
   \   000008                ; Setup parameters for call to function osal_int_disable
   \   000008   79FF         MOV     R1,#-0x1
   \   00000A   12....       LCALL   ??osal_int_disable?relay
    129              // Turn all LEDs off
    130              HalLedSet( HAL_LED_ALL, HAL_LED_MODE_OFF );
   \   00000D                ; Setup parameters for call to function HalLedSet
   \   00000D   7A00         MOV     R2,#0x0
   \   00000F   790F         MOV     R1,#0xf
   \   000011   12....       LCALL   ??HalLedSet?relay
    131              // Check for Brown-Out reset
    132              ChkReset();
   \   000014   7418         MOV     A,#0x18
   \   000016   559D         ANL     A,0x9d
   \   000018   FA           MOV     R2,A
   \   000019   604D         JZ      ??InitBoard_1
   \   00001B   7408         MOV     A,#0x8
   \   00001D   6A           XRL     A,R2
   \   00001E   6048         JZ      ??InitBoard_1
   \   000020   7410         MOV     A,#0x10
   \   000022   6A           XRL     A,R2
   \   000023   6043         JZ      ??InitBoard_1
   \   000025   C2AF         CLR     0xa8.7
   \                     ??InitBoard_2:
   \   000027   7E08         MOV     R6,#0x8
   \                     ??InitBoard_3:
   \   000029                ; Setup parameters for call to function HalLedSet
   \   000029   7A01         MOV     R2,#0x1
   \   00002B   EE           MOV     A,R6
   \   00002C   F9           MOV     R1,A
   \   00002D   12....       LCALL   ??HalLedSet?relay
   \   000030                ; Setup parameters for call to function Onboard_wait
   \   000030   7A24         MOV     R2,#0x24
   \   000032   7BF4         MOV     R3,#-0xc
   \   000034   12....       LCALL   ??Onboard_wait?relay
   \   000037                ; Setup parameters for call to function Onboard_wait
   \   000037   7A24         MOV     R2,#0x24
   \   000039   7BF4         MOV     R3,#-0xc
   \   00003B   12....       LCALL   ??Onboard_wait?relay
   \   00003E                ; Setup parameters for call to function HalLedSet
   \   00003E   7A00         MOV     R2,#0x0
   \   000040   EE           MOV     A,R6
   \   000041   F9           MOV     R1,A
   \   000042   12....       LCALL   ??HalLedSet?relay
   \   000045                ; Setup parameters for call to function Onboard_wait
   \   000045   7A7C         MOV     R2,#0x7c
   \   000047   7B92         MOV     R3,#-0x6e
   \   000049   12....       LCALL   ??Onboard_wait?relay
   \   00004C                ; Setup parameters for call to function Onboard_wait
   \   00004C   7A7C         MOV     R2,#0x7c
   \   00004E   7B92         MOV     R3,#-0x6e
   \   000050   12....       LCALL   ??Onboard_wait?relay
   \   000053   EE           MOV     A,R6
   \   000054   C3           CLR     C
   \   000055   13           RRC     A
   \   000056   FE           MOV     R6,A
   \   000057   70D0         JNZ     ??InitBoard_3
   \   000059   80CC         SJMP    ??InitBoard_2
    133            }
    134            else  // !OB_COLD
    135            {
    136              /* Initialize Key stuff */
    137              OnboardKeyIntEnable = HAL_KEY_INTERRUPT_DISABLE;
   \                     ??InitBoard_0:
   \   00005B   E4           CLR     A
   \   00005C   90....       MOV     DPTR,#OnboardKeyIntEnable
   \   00005F   F0           MOVX    @DPTR,A
    138              HalKeyConfig( OnboardKeyIntEnable, OnBoard_KeyCallback);
   \   000060                ; Setup parameters for call to function HalKeyConfig
   \   000060   7A..         MOV     R2,#(??OnBoard_KeyCallback?relay & 0xff)
   \   000062   7B..         MOV     R3,#((??OnBoard_KeyCallback?relay >> 8) & 0xff)
   \   000064   F9           MOV     R1,A
   \   000065   12....       LCALL   ??HalKeyConfig?relay
    139            }
    140          }
   \                     ??InitBoard_1:
   \   000068   7F01         MOV     R7,#0x1
   \   00006A   02....       LJMP    ?BANKED_LEAVE_XDATA
   \   00006D                REQUIRE SLEEPSTA
   \   00006D                REQUIRE _A_IEN0
    141          
    142          /*********************************************************************
    143           * @fn      ChkReset()
    144           * @brief   Check reset bits - if reset cause is unknown, assume a
    145           *          brown-out (low power), assume batteries are not reliable,
    146           *          hang in a loop and sequence through the LEDs.
    147           * @param   None
    148           * @return  None
    149           *********************************************************************/
    150          void ChkReset( void )
    151          {
    152            uint8 led;
    153            uint8 rib;
    154          
    155            // Isolate reset indicator bits
    156            rib = SLEEPSTA & LRESET;
    157          
    158            if ( rib == RESETPO )
    159            {
    160              // Put code here to handle Power-On reset
    161            }
    162            else if ( rib == RESETEX )
    163            {
    164              // Put code here to handle External reset
    165            }
    166            else if ( rib == RESETWD )
    167            {
    168              // Put code here to handle WatchDog reset
    169            }
    170            else
    171            {
    172              // Unknown, hang and blink
    173              HAL_DISABLE_INTERRUPTS();
    174              led = HAL_LED_4;
    175              while ( 1 ) {
    176                HalLedSet( led, HAL_LED_MODE_ON );
    177                MicroWait( 62500 );
    178                MicroWait( 62500 );
    179                HalLedSet( led, HAL_LED_MODE_OFF );
    180                MicroWait( 37500 );
    181                MicroWait( 37500 );
    182                if ( !(led >>= 1) )
    183                  led = HAL_LED_4;
    184              }
    185            }
    186          }
    187          
    188          /*********************************************************************
    189           *                        "Keyboard" Support
    190           *********************************************************************/
    191          
    192          /*********************************************************************
    193           * Keyboard Register function
    194           *
    195           * The keyboard handler is setup to send all keyboard changes to
    196           * one task (if a task is registered).
    197           *
    198           * If a task registers, it will get all the keys. You can change this
    199           * to register for individual keys.
    200           *********************************************************************/

   \                                 In  segment BANKED_CODE, align 1, keep-with-next
    201          uint8 RegisterForKeys( uint8 task_id )
   \                     RegisterForKeys:
    202          {
   \   000000   C082         PUSH    DPL
   \   000002   C083         PUSH    DPH
   \   000004                ; Saved register size: 2
   \   000004                ; Auto size: 0
    203            // Allow only the first task
    204            if ( registeredKeysTaskID == NO_TASK_ID )
   \   000004   90....       MOV     DPTR,#registeredKeysTaskID
   \   000007   E0           MOVX    A,@DPTR
   \   000008   64FF         XRL     A,#0xff
   \   00000A   7006         JNZ     ??RegisterForKeys_0
    205            {
    206              registeredKeysTaskID = task_id;
   \   00000C   E9           MOV     A,R1
   \   00000D   F0           MOVX    @DPTR,A
    207              return ( true );
   \   00000E   7901         MOV     R1,#0x1
   \   000010   8002         SJMP    ??RegisterForKeys_1
    208            }
    209            else
    210              return ( false );
   \                     ??RegisterForKeys_0:
   \   000012   7900         MOV     R1,#0x0
   \                     ??RegisterForKeys_1:
   \   000014   02....       LJMP    ?Subroutine0 & 0xFFFF
    211          }

   \                                 In  segment BANKED_CODE, align 1, keep-with-next
   \                     ?Subroutine0:
   \   000000   D083         POP     DPH
   \   000002   D082         POP     DPL
   \   000004   02....       LJMP    ?BRET
    212          
    213          /*********************************************************************
    214           * @fn      OnBoard_SendKeys
    215           *
    216           * @brief   Send "Key Pressed" message to application.
    217           *
    218           * @param   keys  - keys that were pressed
    219           *          state - shifted
    220           *
    221           * @return  status
    222           *********************************************************************/

   \                                 In  segment BANKED_CODE, align 1, keep-with-next
    223          uint8 OnBoard_SendKeys( uint8 keys, uint8 state )
   \                     OnBoard_SendKeys:
    224          {
   \   000000   74F6         MOV     A,#-0xa
   \   000002   12....       LCALL   ?BANKED_ENTER_XDATA
   \   000005                ; Saved register size: 10
   \   000005                ; Auto size: 0
   \   000005   E9           MOV     A,R1
   \   000006   FE           MOV     R6,A
   \   000007   EA           MOV     A,R2
   \   000008   FF           MOV     R7,A
    225            keyChange_t *msgPtr;
    226          
    227            if ( registeredKeysTaskID != NO_TASK_ID )
   \   000009   90....       MOV     DPTR,#registeredKeysTaskID
   \   00000C   E0           MOVX    A,@DPTR
   \   00000D   64FF         XRL     A,#0xff
   \   00000F   602D         JZ      ??OnBoard_SendKeys_0
    228            {
    229              // Send the address to the task
    230              msgPtr = (keyChange_t *)osal_msg_allocate( sizeof(keyChange_t) );
   \   000011                ; Setup parameters for call to function osal_msg_allocate
   \   000011   7A04         MOV     R2,#0x4
   \   000013   7B00         MOV     R3,#0x0
   \   000015   12....       LCALL   ??osal_msg_allocate?relay
    231              if ( msgPtr )
   \   000018   EA           MOV     A,R2
   \   000019   7001         JNZ     ??OnBoard_SendKeys_1
   \   00001B   EB           MOV     A,R3
   \                     ??OnBoard_SendKeys_1:
   \   00001C   601C         JZ      ??OnBoard_SendKeys_2
    232              {
    233                msgPtr->hdr.event = KEY_CHANGE;
   \   00001E   74C0         MOV     A,#-0x40
   \   000020   8A82         MOV     DPL,R2
   \   000022   8B83         MOV     DPH,R3
   \   000024   F0           MOVX    @DPTR,A
    234                msgPtr->state = state;
   \   000025   EF           MOV     A,R7
   \   000026   A3           INC     DPTR
   \   000027   A3           INC     DPTR
   \   000028   F0           MOVX    @DPTR,A
    235                msgPtr->keys = keys;
   \   000029   EE           MOV     A,R6
   \   00002A   8A82         MOV     DPL,R2
   \   00002C   8B83         MOV     DPH,R3
   \   00002E   A3           INC     DPTR
   \   00002F   A3           INC     DPTR
   \   000030   A3           INC     DPTR
   \   000031   F0           MOVX    @DPTR,A
    236          
    237                osal_msg_send( registeredKeysTaskID, (uint8 *)msgPtr );
   \   000032                ; Setup parameters for call to function osal_msg_send
   \   000032   90....       MOV     DPTR,#registeredKeysTaskID
   \   000035   E0           MOVX    A,@DPTR
   \   000036   F9           MOV     R1,A
   \   000037   12....       LCALL   ??osal_msg_send?relay
    238              }
    239              return ( ZSuccess );
   \                     ??OnBoard_SendKeys_2:
   \   00003A   7900         MOV     R1,#0x0
   \   00003C   8002         SJMP    ??OnBoard_SendKeys_3
    240            }
    241            else
    242              return ( ZFailure );
   \                     ??OnBoard_SendKeys_0:
   \   00003E   7901         MOV     R1,#0x1
   \                     ??OnBoard_SendKeys_3:
   \   000040   7F02         MOV     R7,#0x2
   \   000042   02....       LJMP    ?BANKED_LEAVE_XDATA
    243          }
    244          
    245          /*********************************************************************
    246           * @fn      OnBoard_KeyCallback
    247           *
    248           * @brief   Callback service for keys
    249           *
    250           * @param   keys  - keys that were pressed
    251           *          state - shifted
    252           *
    253           * @return  void
    254           *********************************************************************/

   \                                 In  segment BANKED_CODE, align 1, keep-with-next
    255          void OnBoard_KeyCallback ( uint8 keys, uint8 state )
   \                     OnBoard_KeyCallback:
    256          {
   \   000000   C082         PUSH    DPL
   \   000002   C083         PUSH    DPH
   \   000004                ; Saved register size: 2
   \   000004                ; Auto size: 0
    257            uint8 shift;
    258            (void)state;
    259          
    260            /* Get shift key status */
    261            shift = ((keys & HAL_KEY_SW_6) ? true : false);
    262          
    263            if ( OnBoard_SendKeys( keys, shift ) != ZSuccess )
   \   000004                ; Setup parameters for call to function OnBoard_SendKeys
   \   000004   E9           MOV     A,R1
   \   000005   A2E5         MOV     C,0xE0 /* A   */.5
   \   000007   E4           CLR     A
   \   000008   92E0         MOV     0xE0 /* A   */.0,C
   \   00000A   FA           MOV     R2,A
   \   00000B   12....       LCALL   ??OnBoard_SendKeys?relay
    264            {
    265              // Process SW1 here
    266              if ( keys & HAL_KEY_SW_1 )  // Switch 1
    267              {
    268              }
    269              // Process SW2 here
    270              if ( keys & HAL_KEY_SW_2 )  // Switch 2
    271              {
    272              }
    273              // Process SW3 here
    274              if ( keys & HAL_KEY_SW_3 )  // Switch 3
    275              {
    276              }
    277              // Process SW4 here
    278              if ( keys & HAL_KEY_SW_4 )  // Switch 4
    279              {
    280              }
    281              // Process SW5 here
    282              if ( keys & HAL_KEY_SW_5 )  // Switch 5
    283              {
    284              }
    285              // Process SW6 here
    286              if ( keys & HAL_KEY_SW_6 )  // Switch 6
    287              {
    288              }
    289            }
    290          }
   \   00000E   80..         SJMP    ?Subroutine0
    291          
    292          /*********************************************************************
    293           * @fn      OnBoard_stack_used
    294           *
    295           * @brief   Runs through the stack looking for touched memory.
    296           *
    297           * @param   none
    298           *
    299           * @return  Maximum number of bytes used by the stack.
    300           *********************************************************************/

   \                                 In  segment BANKED_CODE, align 1, keep-with-next
    301          uint16 OnBoard_stack_used(void)
   \                     OnBoard_stack_used:
    302          {
   \   000000   C082         PUSH    DPL
   \   000002   C083         PUSH    DPH
   \   000004                ; Saved register size: 2
   \   000004                ; Auto size: 0
    303            uint8 const *ptr;
    304            uint8 cnt = 0;
   \   000004   7A00         MOV     R2,#0x0
    305          
    306            for (ptr = XSTACK_END; ptr > XSTACK_BEG; ptr--)
   \   000006   7582..       MOV     DPL,#((SFE(XSTACK) + 255) & 0xff)
   \   000009   7583..       MOV     DPH,#(((SFE(XSTACK) - 1) >> 8) & 0xff)
   \   00000C   800E         SJMP    ??OnBoard_stack_used_0
    307            {
    308              if (STACK_INIT_VALUE == *ptr)
    309              {
    310                if (++cnt >= MIN_RAM_INIT)
    311                {
    312                  ptr += MIN_RAM_INIT;
    313                  break;
    314                }
    315              }
    316              else
    317              {
    318                cnt = 0;
   \                     ??OnBoard_stack_used_1:
   \   00000E   7A00         MOV     R2,#0x0
    319              }
   \                     ??OnBoard_stack_used_2:
   \   000010   E582         MOV     A,DPL
   \   000012   24FF         ADD     A,#-0x1
   \   000014   F582         MOV     DPL,A
   \   000016   E583         MOV     A,DPH
   \   000018   34FF         ADDC    A,#-0x1
   \   00001A   F583         MOV     DPH,A
   \                     ??OnBoard_stack_used_0:
   \   00001C   C3           CLR     C
   \   00001D   74..         MOV     A,#(SFB(XSTACK) & 0xff)
   \   00001F   9582         SUBB    A,DPL
   \   000021   74..         MOV     A,#((SFB(XSTACK) >> 8) & 0xff)
   \   000023   9583         SUBB    A,DPH
   \   000025   5018         JNC     ??OnBoard_stack_used_3
   \   000027   E0           MOVX    A,@DPTR
   \   000028   64CD         XRL     A,#0xcd
   \   00002A   70E2         JNZ     ??OnBoard_stack_used_1
   \   00002C   0A           INC     R2
   \   00002D   EA           MOV     A,R2
   \   00002E   C3           CLR     C
   \   00002F   940C         SUBB    A,#0xc
   \   000031   40DD         JC      ??OnBoard_stack_used_2
   \   000033   E582         MOV     A,DPL
   \   000035   240C         ADD     A,#0xc
   \   000037   F582         MOV     DPL,A
   \   000039   E583         MOV     A,DPH
   \   00003B   3400         ADDC    A,#0x0
   \   00003D   F583         MOV     DPH,A
    320            }
    321          
    322            return (uint16)(XSTACK_END - ptr + 1);
   \                     ??OnBoard_stack_used_3:
   \   00003F   74..         MOV     A,#((SFE(XSTACK) + 255) & 0xff)
   \   000041   C3           CLR     C
   \   000042   9582         SUBB    A,DPL
   \   000044   F8           MOV     R0,A
   \   000045   74..         MOV     A,#(((SFE(XSTACK) - 1) >> 8) & 0xff)
   \   000047   9583         SUBB    A,DPH
   \   000049   F9           MOV     R1,A
   \   00004A   7401         MOV     A,#0x1
   \   00004C   28           ADD     A,R0
   \   00004D   FA           MOV     R2,A
   \   00004E   E4           CLR     A
   \   00004F   39           ADDC    A,R1
   \   000050   FB           MOV     R3,A
   \   000051                REQUIRE ?Subroutine0
   \   000051                ; // Fall through to label ?Subroutine0
    323          }
    324          
    325          /*********************************************************************
    326           * @fn      _itoa
    327           *
    328           * @brief   convert a 16bit number to ASCII
    329           *
    330           * @param   num -
    331           *          buf -
    332           *          radix -
    333           *
    334           * @return  void
    335           *
    336           *********************************************************************/

   \                                 In  segment BANKED_CODE, align 1, keep-with-next
    337          void _itoa(uint16 num, uint8 *buf, uint8 radix)
   \                     _itoa:
    338          {
   \   000000   74F0         MOV     A,#-0x10
   \   000002   12....       LCALL   ?BANKED_ENTER_XDATA
   \   000005                ; Saved register size: 16
   \   000005                ; Auto size: 5
   \   000005   74FB         MOV     A,#-0x5
   \   000007   12....       LCALL   ?ALLOC_XSTACK8
   \   00000A   EA           MOV     A,R2
   \   00000B   FE           MOV     R6,A
   \   00000C   EB           MOV     A,R3
   \   00000D   FF           MOV     R7,A
   \   00000E   8C..         MOV     ?V0 + 0,R4
   \   000010   8D..         MOV     ?V0 + 1,R5
    339            char c,i;
    340            uint8 *p, rst[5];
    341          
    342            p = rst;
   \   000012   85..82       MOV     DPL,?XSP + 0
   \   000015   85..83       MOV     DPH,?XSP + 1
   \   000018   AC82         MOV     R4,DPL
   \   00001A   AD83         MOV     R5,DPH
    343            for ( i=0; i<5; i++,p++ )
   \   00001C   75..00       MOV     ?V0 + 4,#0x0
   \   00001F   8982         MOV     DPL,R1
   \   000021   8582..       MOV     ?V0 + 2,DPL
    344            {
    345              c = num % radix;  // Isolate a digit
   \                     ??_itoa_0:
   \   000024   EE           MOV     A,R6
   \   000025   F8           MOV     R0,A
   \   000026   EF           MOV     A,R7
   \   000027   F9           MOV     R1,A
   \   000028   AA..         MOV     R2,?V0 + 2
   \   00002A   7B00         MOV     R3,#0x0
   \   00002C   12....       LCALL   ?US_DIV_MOD
   \   00002F   EA           MOV     A,R2
    346              *p = c + (( c < 10 ) ? '0' : '7');  // Convert to Ascii
   \   000030   940A         SUBB    A,#0xa
   \   000032   5004         JNC     ??_itoa_1
   \   000034   7830         MOV     R0,#0x30
   \   000036   8002         SJMP    ??_itoa_2
   \                     ??_itoa_1:
   \   000038   7837         MOV     R0,#0x37
   \                     ??_itoa_2:
   \   00003A   E8           MOV     A,R0
   \   00003B   2A           ADD     A,R2
   \   00003C   8C82         MOV     DPL,R4
   \   00003E   8D83         MOV     DPH,R5
   \   000040   F0           MOVX    @DPTR,A
    347              num /= radix;
   \   000041   EE           MOV     A,R6
   \   000042   F8           MOV     R0,A
   \   000043   EF           MOV     A,R7
   \   000044   F9           MOV     R1,A
   \   000045   AA..         MOV     R2,?V0 + 2
   \   000047   7B00         MOV     R3,#0x0
   \   000049   12....       LCALL   ?US_DIV_MOD
   \   00004C   88..         MOV     ?V0 + 6,R0
   \   00004E   89..         MOV     ?V0 + 7,R1
   \   000050   AE..         MOV     R6,?V0 + 6
   \   000052   AF..         MOV     R7,?V0 + 7
    348              if ( !num )
   \   000054   EE           MOV     A,R6
   \   000055   7001         JNZ     ??_itoa_3
   \   000057   EF           MOV     A,R7
   \                     ??_itoa_3:
   \   000058   600D         JZ      ??_itoa_4
    349                break;
    350            }
   \   00005A   05..         INC     ?V0 + 4
   \   00005C   A3           INC     DPTR
   \   00005D   AC82         MOV     R4,DPL
   \   00005F   AD83         MOV     R5,DPH
   \   000061   E5..         MOV     A,?V0 + 4
   \   000063   9405         SUBB    A,#0x5
   \   000065   40BD         JC      ??_itoa_0
    351          
    352            for ( c=0 ; c<=i; c++ )
   \                     ??_itoa_4:
   \   000067   7A00         MOV     R2,#0x0
    353              *buf++ = *p--;  // Reverse character order
   \                     ??_itoa_5:
   \   000069   8C82         MOV     DPL,R4
   \   00006B   8D83         MOV     DPH,R5
   \   00006D   E0           MOVX    A,@DPTR
   \   00006E   85..82       MOV     DPL,?V0 + 0
   \   000071   85..83       MOV     DPH,?V0 + 1
   \   000074   F0           MOVX    @DPTR,A
   \   000075   EC           MOV     A,R4
   \   000076   24FF         ADD     A,#-0x1
   \   000078   1C           DEC     R4
   \   000079   ED           MOV     A,R5
   \   00007A   34FF         ADDC    A,#-0x1
   \   00007C   FD           MOV     R5,A
   \   00007D   A3           INC     DPTR
   \   00007E   8582..       MOV     ?V0 + 0,DPL
   \   000081   8583..       MOV     ?V0 + 1,DPH
   \   000084   0A           INC     R2
   \   000085   E5..         MOV     A,?V0 + 4
   \   000087   C3           CLR     C
   \   000088   9A           SUBB    A,R2
   \   000089   50DE         JNC     ??_itoa_5
    354          
    355            *buf = '\0';
   \   00008B   E4           CLR     A
   \   00008C   F0           MOVX    @DPTR,A
    356          }
   \   00008D   7405         MOV     A,#0x5
   \   00008F   12....       LCALL   ?DEALLOC_XSTACK8
   \   000092   7F08         MOV     R7,#0x8
   \   000094   02....       LJMP    ?BANKED_LEAVE_XDATA
    357          
    358          /*********************************************************************
    359           * @fn        Onboard_rand
    360           *
    361           * @brief    Random number generator
    362           *
    363           * @param   none
    364           *
    365           * @return  uint16 - new random number
    366           *
    367           *********************************************************************/

   \                                 In  segment BANKED_CODE, align 1, keep-with-next
    368          uint16 Onboard_rand( void )
   \                     Onboard_rand:
    369          {
   \   000000   C082         PUSH    DPL
   \   000002   C083         PUSH    DPH
   \   000004                ; Saved register size: 2
   \   000004                ; Auto size: 0
    370            return ( MAC_RADIO_RANDOM_WORD() );
   \   000004                ; Setup parameters for call to function macMcuRandomWord
   \   000004   12....       LCALL   ??macMcuRandomWord?relay
   \   000007   02....       LJMP    ?Subroutine0 & 0xFFFF
    371          }
    372          
    373          /*********************************************************************
    374           * @fn        Onboard_wait
    375           *
    376           * @brief    Delay wait
    377           *
    378           * @param   uint16 - time to wait
    379           *
    380           * @return  none
    381           *
    382           *********************************************************************/

   \                                 In  segment BANKED_CODE, align 1, keep-with-next
    383          void Onboard_wait( uint16 timeout )
   \                     Onboard_wait:
    384          {
   \   000000                ; Saved register size: 0
   \   000000                ; Auto size: 0
   \   000000   8003         SJMP    ??Onboard_wait_0
    385            while (timeout--)
    386            {
    387              asm("NOP");
   \                     ??Onboard_wait_1:
   \   000002   00           NOP
    388              asm("NOP");
   \   000003   00           NOP
    389              asm("NOP");
   \   000004   00           NOP
    390            }
   \                     ??Onboard_wait_0:
   \   000005   EA           MOV     A,R2
   \   000006   F8           MOV     R0,A
   \   000007   EB           MOV     A,R3
   \   000008   F9           MOV     R1,A
   \   000009   74FF         MOV     A,#-0x1
   \   00000B   28           ADD     A,R0
   \   00000C   1A           DEC     R2
   \   00000D   74FF         MOV     A,#-0x1
   \   00000F   39           ADDC    A,R1
   \   000010   FB           MOV     R3,A
   \   000011   E8           MOV     A,R0
   \   000012   7001         JNZ     ??Onboard_wait_2
   \   000014   E9           MOV     A,R1
   \                     ??Onboard_wait_2:
   \   000015   70EB         JNZ     ??Onboard_wait_1
    391          }
   \   000017   02....       LJMP    ?BRET
    392          
    393          /*********************************************************************
    394           *                    EXTERNAL I/O FUNCTIONS
    395           *
    396           * User defined functions to control external devices. Add your code
    397           * to the following functions to control devices wired to DB outputs.
    398           *
    399           *********************************************************************/
    400          

   \                                 In  segment BANKED_CODE, align 1, keep-with-next
    401          void BigLight_On( void )
   \                     BigLight_On:
    402          {
   \   000000                ; Saved register size: 0
   \   000000                ; Auto size: 0
    403            // Put code here to turn on an external light
    404          }
   \   000000   02....       LJMP    ?BRET
    405          

   \                                 In  segment BANKED_CODE, align 1, keep-with-next
    406          void BigLight_Off( void )
   \                     BigLight_Off:
    407          {
   \   000000                ; Saved register size: 0
   \   000000                ; Auto size: 0
    408            // Put code here to turn off an external light
    409          }
   \   000000   02....       LJMP    ?BRET
    410          

   \                                 In  segment BANKED_CODE, align 1, keep-with-next
    411          void BuzzerControl( uint8 on )
   \                     BuzzerControl:
    412          {
   \   000000                ; Saved register size: 0
   \   000000                ; Auto size: 0
    413            // Put code here to turn a buzzer on/off
    414            (void)on;
    415          }
   \   000000   02....       LJMP    ?BRET
    416          

   \                                 In  segment BANKED_CODE, align 1, keep-with-next
    417          void Dimmer( uint8 lvl )
   \                     Dimmer:
    418          {
   \   000000                ; Saved register size: 0
   \   000000                ; Auto size: 0
    419            // Put code here to control a dimmer
    420            (void)lvl;
    421          }
   \   000000   02....       LJMP    ?BRET
    422          
    423          // No dip switches on this board

   \                                 In  segment BANKED_CODE, align 1, keep-with-next
    424          uint8 GetUserDipSw( void )
   \                     GetUserDipSw:
    425          {
   \   000000                ; Saved register size: 0
   \   000000                ; Auto size: 0
    426            return 0;
   \   000000   7900         MOV     R1,#0x0
   \   000002   02....       LJMP    ?BRET
    427          }

   \                                 In  segment XDATA_ID, align 1, keep-with-next
   \                     `?<Initializer for registeredKeysTaskID>`:
   \   000000   FF           DB 255

   \                                 In  segment BANK_RELAYS, align 1
   \                     ??InitBoard?relay:
   \   000000   12....       LCALL   ?BDISPATCH
   \   000003   ......       DC24    InitBoard

   \                                 In  segment BANK_RELAYS, align 1
   \                     ??RegisterForKeys?relay:
   \   000000   12....       LCALL   ?BDISPATCH
   \   000003   ......       DC24    RegisterForKeys

   \                                 In  segment BANK_RELAYS, align 1
   \                     ??OnBoard_SendKeys?relay:
   \   000000   12....       LCALL   ?BDISPATCH
   \   000003   ......       DC24    OnBoard_SendKeys

   \                                 In  segment BANK_RELAYS, align 1
   \                     ??OnBoard_KeyCallback?relay:
   \   000000   12....       LCALL   ?BDISPATCH
   \   000003   ......       DC24    OnBoard_KeyCallback

   \                                 In  segment BANK_RELAYS, align 1
   \                     ??OnBoard_stack_used?relay:
   \   000000   12....       LCALL   ?BDISPATCH
   \   000003   ......       DC24    OnBoard_stack_used

   \                                 In  segment BANK_RELAYS, align 1
   \                     ??_itoa?relay:
   \   000000   12....       LCALL   ?BDISPATCH
   \   000003   ......       DC24    _itoa

   \                                 In  segment BANK_RELAYS, align 1
   \                     ??Onboard_rand?relay:
   \   000000   12....       LCALL   ?BDISPATCH
   \   000003   ......       DC24    Onboard_rand

   \                                 In  segment BANK_RELAYS, align 1
   \                     ??Onboard_wait?relay:
   \   000000   12....       LCALL   ?BDISPATCH
   \   000003   ......       DC24    Onboard_wait

   \                                 In  segment BANK_RELAYS, align 1
   \                     ??BigLight_On?relay:
   \   000000   12....       LCALL   ?BDISPATCH
   \   000003   ......       DC24    BigLight_On

   \                                 In  segment BANK_RELAYS, align 1
   \                     ??BigLight_Off?relay:
   \   000000   12....       LCALL   ?BDISPATCH
   \   000003   ......       DC24    BigLight_Off

   \                                 In  segment BANK_RELAYS, align 1
   \                     ??BuzzerControl?relay:
   \   000000   12....       LCALL   ?BDISPATCH
   \   000003   ......       DC24    BuzzerControl

   \                                 In  segment BANK_RELAYS, align 1
   \                     ??Dimmer?relay:
   \   000000   12....       LCALL   ?BDISPATCH
   \   000003   ......       DC24    Dimmer

   \                                 In  segment BANK_RELAYS, align 1
   \                     ??GetUserDipSw?relay:
   \   000000   12....       LCALL   ?BDISPATCH
   \   000003   ......       DC24    GetUserDipSw
    428          
    429          /*********************************************************************
    430          *********************************************************************/

   Maximum stack usage in bytes:

     Function               ISTACK PSTACK XSTACK
     --------               ------ ------ ------
     BigLight_Off               0      0      0
     BigLight_On                0      0      0
     BuzzerControl              0      0      0
     Dimmer                     0      0      0
     GetUserDipSw               0      0      0
     InitBoard                  0      0      9
       -> osal_int_disable      0      0     18
       -> HalLedSet             0      0     18
       -> HalLedSet             0      0     18
       -> Onboard_wait          0      0     18
       -> Onboard_wait          0      0     18
       -> HalLedSet             0      0     18
       -> Onboard_wait          0      0     18
       -> Onboard_wait          0      0     18
       -> HalKeyConfig          0      0     18
     OnBoard_KeyCallback        2      0      0
       -> OnBoard_SendKeys      4      0      0
     OnBoard_SendKeys           1      0     10
       -> osal_msg_allocate     0      0     20
       -> osal_msg_send         0      0     20
     OnBoard_stack_used         2      0      0
     Onboard_rand               2      0      0
       -> macMcuRandomWord      4      0      0
     Onboard_wait               0      0      9
     RegisterForKeys            2      0      0
     _itoa                      1      0     21


   Segment part sizes:

     Function/Label                          Bytes
     --------------                          -----
     SLEEPSTA                                   1
     _A_IEN0                                    1
     OnboardKeyIntEnable                        1
     aExtendedAddress                           8
     registeredKeysTaskID                       1
     InitBoard                                109
     RegisterForKeys                           23
     ?Subroutine0                               7
     OnBoard_SendKeys                          69
     OnBoard_KeyCallback                       16
     OnBoard_stack_used                        81
     _itoa                                    151
     Onboard_rand                              10
     Onboard_wait                              26
     BigLight_On                                3
     BigLight_Off                               3
     BuzzerControl                              3
     Dimmer                                     3
     GetUserDipSw                               5
     ?<Initializer for registeredKeysTaskID>    1
     ??InitBoard?relay                          6
     ??RegisterForKeys?relay                    6
     ??OnBoard_SendKeys?relay                   6
     ??OnBoard_KeyCallback?relay                6
     ??OnBoard_stack_used?relay                 6
     ??_itoa?relay                              6
     ??Onboard_rand?relay                       6
     ??Onboard_wait?relay                       6
     ??BigLight_On?relay                        6
     ??BigLight_Off?relay                       6
     ??BuzzerControl?relay                      6
     ??Dimmer?relay                             6
     ??GetUserDipSw?relay                       6

 
 509 bytes in segment BANKED_CODE
  78 bytes in segment BANK_RELAYS
   2 bytes in segment SFR_AN
   1 byte  in segment XDATA_I
   1 byte  in segment XDATA_ID
   9 bytes in segment XDATA_Z
 
 588 bytes of CODE  memory
   0 bytes of DATA  memory (+ 2 bytes shared)
  10 bytes of XDATA memory

Errors: none
Warnings: none
