###############################################################################
#                                                                             #
# IAR C/C++ Compiler V7.51A/W32 for 8051                07/May/2015  10:56:06 #
# Copyright 2004-2009 IAR Systems AB.                                         #
#                                                                             #
#    Core               =  plain                                              #
#    Code model         =  banked                                             #
#    Data model         =  large                                              #
#    Calling convention =  xdata reentrant                                    #
#    Constant location  =  data_rom                                           #
#    Dptr setup         =  1,16                                               #
#    Source file        =  C:\Texas Instruments\ZStack-CC2530-2.3.0-1.4.0\Com #
#                          ponents\mt\MT_TASK.c                               #
#    Command line       =  -f "C:\Texas Instruments\ZStack-CC2530-2.3.0-1.4.0 #
#                          \Projects\zstack\Samples\ParkingS\CC2530DB\..\..\. #
#                          .\Tools\CC2530DB\f8wEndev.cfg" (-DCPU32MHZ         #
#                          -DROOT=__near_func -DBLINK_LEDS) -f "C:\Texas      #
#                          Instruments\ZStack-CC2530-2.3.0-1.4.0\Projects\zst #
#                          ack\Samples\ParkingS\CC2530DB\..\..\..\Tools\CC253 #
#                          0DB\f8wConfig.cfg" (-DSECURE=0                     #
#                          -DZG_SECURE_DYNAMIC=0 -DREFLECTOR                  #
#                          -DDEFAULT_CHANLIST=0x00000800                      #
#                          -DZDAPP_CONFIG_PAN_ID=0xFFFF                       #
#                          -DNWK_START_DELAY=100 -DEXTENDED_JOINING_RANDOM_MA #
#                          SK=0x007F -DBEACON_REQUEST_DELAY=100               #
#                          -DBEACON_REQ_DELAY_MASK=0x00FF                     #
#                          -DROUTE_EXPIRY_TIME=30 -DAPSC_ACK_WAIT_DURATION_PO #
#                          LLED=3000 -DNWK_INDIRECT_MSG_TIMEOUT=7             #
#                          -DMAX_RREQ_ENTRIES=8 -DAPSC_MAX_FRAME_RETRIES=3    #
#                          -DNWK_MAX_DATA_RETRIES=2                           #
#                          -DMAX_POLL_FAILURE_RETRIES=2 -DMAX_BCAST=9         #
#                          -DAPS_MAX_GROUPS=16 -DMAX_RTG_ENTRIES=40           #
#                          -DNWK_MAX_BINDING_ENTRIES=4                        #
#                          -DMAX_BINDING_CLUSTER_IDS=4 "-DDEFAULT_KEY={0x01,  #
#                          0x03, 0x05, 0x07, 0x09, 0x0B, 0x0D, 0x0F, 0x00,    #
#                          0x02, 0x04, 0x06, 0x08, 0x0A, 0x0C, 0x0D}"         #
#                          -DMAC_MAX_FRAME_SIZE=116 "-DCONST=const __code"    #
#                          -DGENERIC=__generic -DRFD_RCVC_ALWAYS_ON=FALSE     #
#                          -DPOLL_RATE=1000 -DQUEUED_POLL_RATE=100            #
#                          -DRESPONSE_POLL_RATE=100) -DREJOIN_POLL_RATE=440   #
#                          "C:\Texas Instruments\ZStack-CC2530-2.3.0-1.4.0\Co #
#                          mponents\mt\MT_TASK.c" -D ZIGBEEPRO -D             #
#                          NWK_AUTO_POLL -D ZTOOL_P1 -D MT_TASK -D            #
#                          MT_SYS_FUNC -D MT_ZDO_FUNC -D LCD_SUPPORTED=DEBUG  #
#                          -lC "C:\Texas Instruments\ZStack-CC2530-2.3.0-1.4. #
#                          0\Projects\zstack\Samples\ParkingS\CC2530DB\EndDev #
#                          iceEB-Pro\List\" -lA "C:\Texas                     #
#                          Instruments\ZStack-CC2530-2.3.0-1.4.0\Projects\zst #
#                          ack\Samples\ParkingS\CC2530DB\EndDeviceEB-Pro\List #
#                          \" --diag_suppress Pe001,Pa010 -o "C:\Texas        #
#                          Instruments\ZStack-CC2530-2.3.0-1.4.0\Projects\zst #
#                          ack\Samples\ParkingS\CC2530DB\EndDeviceEB-Pro\Obj\ #
#                          " -e --require_prototypes --debug --core=plain     #
#                          --dptr=16,1 --data_model=large                     #
#                          --code_model=banked --calling_convention=xdata_ree #
#                          ntrant --place_constants=data_rom                  #
#                          --nr_virtual_regs 16 -I "C:\Texas                  #
#                          Instruments\ZStack-CC2530-2.3.0-1.4.0\Projects\zst #
#                          ack\Samples\ParkingS\CC2530DB\" -I "C:\Texas       #
#                          Instruments\ZStack-CC2530-2.3.0-1.4.0\Projects\zst #
#                          ack\Samples\ParkingS\CC2530DB\..\SOURCE\" -I       #
#                          "C:\Texas Instruments\ZStack-CC2530-2.3.0-1.4.0\Pr #
#                          ojects\zstack\Samples\ParkingS\CC2530DB\..\..\..\Z #
#                          MAIN\TI2530DB\" -I "C:\Texas                       #
#                          Instruments\ZStack-CC2530-2.3.0-1.4.0\Projects\zst #
#                          ack\Samples\ParkingS\CC2530DB\..\..\..\..\..\COMPO #
#                          NENTS\MT\" -I "C:\Texas Instruments\ZStack-CC2530- #
#                          2.3.0-1.4.0\Projects\zstack\Samples\ParkingS\CC253 #
#                          0DB\..\..\..\..\..\COMPONENTS\HAL\INCLUDE\" -I     #
#                          "C:\Texas Instruments\ZStack-CC2530-2.3.0-1.4.0\Pr #
#                          ojects\zstack\Samples\ParkingS\CC2530DB\..\..\..\. #
#                          .\..\COMPONENTS\HAL\TARGET\CC2530EB\" -I           #
#                          "C:\Texas Instruments\ZStack-CC2530-2.3.0-1.4.0\Pr #
#                          ojects\zstack\Samples\ParkingS\CC2530DB\..\..\..\. #
#                          .\..\COMPONENTS\OSAL\MCU\CCSOC\" -I "C:\Texas      #
#                          Instruments\ZStack-CC2530-2.3.0-1.4.0\Projects\zst #
#                          ack\Samples\ParkingS\CC2530DB\..\..\..\..\..\COMPO #
#                          NENTS\OSAL\INCLUDE\" -I "C:\Texas                  #
#                          Instruments\ZStack-CC2530-2.3.0-1.4.0\Projects\zst #
#                          ack\Samples\ParkingS\CC2530DB\..\..\..\..\..\COMPO #
#                          NENTS\STACK\AF\" -I "C:\Texas                      #
#                          Instruments\ZStack-CC2530-2.3.0-1.4.0\Projects\zst #
#                          ack\Samples\ParkingS\CC2530DB\..\..\..\..\..\COMPO #
#                          NENTS\STACK\NWK\" -I "C:\Texas                     #
#                          Instruments\ZStack-CC2530-2.3.0-1.4.0\Projects\zst #
#                          ack\Samples\ParkingS\CC2530DB\..\..\..\..\..\COMPO #
#                          NENTS\STACK\SEC\" -I "C:\Texas                     #
#                          Instruments\ZStack-CC2530-2.3.0-1.4.0\Projects\zst #
#                          ack\Samples\ParkingS\CC2530DB\..\..\..\..\..\COMPO #
#                          NENTS\STACK\SAPI\" -I "C:\Texas                    #
#                          Instruments\ZStack-CC2530-2.3.0-1.4.0\Projects\zst #
#                          ack\Samples\ParkingS\CC2530DB\..\..\..\..\..\COMPO #
#                          NENTS\STACK\SYS\" -I "C:\Texas                     #
#                          Instruments\ZStack-CC2530-2.3.0-1.4.0\Projects\zst #
#                          ack\Samples\ParkingS\CC2530DB\..\..\..\..\..\COMPO #
#                          NENTS\STACK\ZDO\" -I "C:\Texas                     #
#                          Instruments\ZStack-CC2530-2.3.0-1.4.0\Projects\zst #
#                          ack\Samples\ParkingS\CC2530DB\..\..\..\..\..\COMPO #
#                          NENTS\ZMAC\F8W\" -I "C:\Texas                      #
#                          Instruments\ZStack-CC2530-2.3.0-1.4.0\Projects\zst #
#                          ack\Samples\ParkingS\CC2530DB\..\..\..\..\..\COMPO #
#                          NENTS\ZMAC\" -I "C:\Texas                          #
#                          Instruments\ZStack-CC2530-2.3.0-1.4.0\Projects\zst #
#                          ack\Samples\ParkingS\CC2530DB\..\..\..\..\..\COMPO #
#                          NENTS\SERVICES\SADDR\" -I "C:\Texas                #
#                          Instruments\ZStack-CC2530-2.3.0-1.4.0\Projects\zst #
#                          ack\Samples\ParkingS\CC2530DB\..\..\..\..\..\COMPO #
#                          NENTS\SERVICES\SDATA\" -I "C:\Texas                #
#                          Instruments\ZStack-CC2530-2.3.0-1.4.0\Projects\zst #
#                          ack\Samples\ParkingS\CC2530DB\..\..\..\..\..\COMPO #
#                          NENTS\MAC\INCLUDE\" -I "C:\Texas                   #
#                          Instruments\ZStack-CC2530-2.3.0-1.4.0\Projects\zst #
#                          ack\Samples\ParkingS\CC2530DB\..\..\..\..\..\COMPO #
#                          NENTS\MAC\HIGH_LEVEL\" -I "C:\Texas                #
#                          Instruments\ZStack-CC2530-2.3.0-1.4.0\Projects\zst #
#                          ack\Samples\ParkingS\CC2530DB\..\..\..\..\..\COMPO #
#                          NENTS\MAC\LOW_LEVEL\srf04\" -I "C:\Texas           #
#                          Instruments\ZStack-CC2530-2.3.0-1.4.0\Projects\zst #
#                          ack\Samples\ParkingS\CC2530DB\..\..\..\..\..\COMPO #
#                          NENTS\MAC\LOW_LEVEL\srf04\SINGLE_CHIP\" -I         #
#                          "C:\Program Files\IAR Systems\Embedded Workbench   #
#                          5.3\8051\INC\" -I "C:\Program Files\IAR            #
#                          Systems\Embedded Workbench 5.3\8051\INC\CLIB\"     #
#                          -Ohz                                               #
#    List file          =  C:\Texas Instruments\ZStack-CC2530-2.3.0-1.4.0\Pro #
#                          jects\zstack\Samples\ParkingS\CC2530DB\EndDeviceEB #
#                          -Pro\List\MT_TASK.lst                              #
#    Object file        =  C:\Texas Instruments\ZStack-CC2530-2.3.0-1.4.0\Pro #
#                          jects\zstack\Samples\ParkingS\CC2530DB\EndDeviceEB #
#                          -Pro\Obj\MT_TASK.r51                               #
#                                                                             #
#                                                                             #
###############################################################################

C:\Texas Instruments\ZStack-CC2530-2.3.0-1.4.0\Components\mt\MT_TASK.c
      1          /***************************************************************************************************
      2            Filename:       MT_TASK.c
      3            Revised:        $Date: 2009-11-09 20:03:17 -0800 (Mon, 09 Nov 2009) $
      4            Revision:       $Revision: 21106 $
      5          
      6            Description:    MonitorTest Task handling routines
      7          
      8            Copyright 2007 Texas Instruments Incorporated. All rights reserved.
      9          
     10            IMPORTANT: Your use of this Software is limited to those specific rights
     11            granted under the terms of a software license agreement between the user
     12            who downloaded the software, his/her employer (which must be your employer)
     13            and Texas Instruments Incorporated (the "License").  You may not use this
     14            Software unless you agree to abide by the terms of the License. The License
     15            limits your use, and you acknowledge, that the Software may not be modified,
     16            copied or distributed unless embedded on a Texas Instruments microcontroller
     17            or used solely and exclusively in conjunction with a Texas Instruments radio
     18            frequency transceiver, which is integrated into your product.  Other than for
     19            the foregoing purpose, you may not use, reproduce, copy, prepare derivative
     20            works of, modify, distribute, perform, display or sell this Software and/or
     21            its documentation for any purpose.
     22          
     23            YOU FURTHER ACKNOWLEDGE AND AGREE THAT THE SOFTWARE AND DOCUMENTATION ARE
     24            PROVIDED “AS IS” WITHOUT WARRANTY OF ANY KIND, EITHER EXPRESS OR IMPLIED,
     25            INCLUDING WITHOUT LIMITATION, ANY WARRANTY OF MERCHANTABILITY, TITLE,
     26            NON-INFRINGEMENT AND FITNESS FOR A PARTICULAR PURPOSE. IN NO EVENT SHALL
     27            TEXAS INSTRUMENTS OR ITS LICENSORS BE LIABLE OR OBLIGATED UNDER CONTRACT,
     28            NEGLIGENCE, STRICT LIABILITY, CONTRIBUTION, BREACH OF WARRANTY, OR OTHER
     29            LEGAL EQUITABLE THEORY ANY DIRECT OR INDIRECT DAMAGES OR EXPENSES
     30            INCLUDING BUT NOT LIMITED TO ANY INCIDENTAL, SPECIAL, INDIRECT, PUNITIVE
     31            OR CONSEQUENTIAL DAMAGES, LOST PROFITS OR LOST DATA, COST OF PROCUREMENT
     32            OF SUBSTITUTE GOODS, TECHNOLOGY, SERVICES, OR ANY CLAIMS BY THIRD PARTIES
     33            (INCLUDING BUT NOT LIMITED TO ANY DEFENSE THEREOF), OR OTHER SIMILAR COSTS.
     34          
     35            Should you have any questions regarding your right to use this Software,
     36            contact Texas Instruments Incorporated at www.TI.com.
     37          
     38           ***************************************************************************************************/
     39          
     40          /***************************************************************************************************
     41           * INCLUDES
     42           ***************************************************************************************************/
     43          #include "ZComDef.h"
     44          #include "MT_TASK.h"
     45          #include "MT.h"
     46          #include "MT_DEBUG.h"
     47          #include "MT_UART.h"
     48          #include "MT_UTIL.h"
     49          #include "MT_SYS.h"
     50          #include "MT_ZDO.h"
     51          
     52          #include "hal_uart.h"
     53          
     54          #include "OSAL_Memory.h"
     55          
     56          /***************************************************************************************************
     57           * LOCAL FUNCTIONS
     58           ***************************************************************************************************/
     59          void MT_ProcessIncomingCommand( mtOSALSerialData_t *msg );
     60          
     61          /***************************************************************************************************
     62           * GLOBALS
     63           ***************************************************************************************************/
     64          
     65          /***************************************************************************************************
     66           * @fn      MT_TaskInit
     67           *
     68           * @brief  MonitorTest Task Initialization.  This function is put into the
     69           *         task table.
     70           *
     71           * @param   byte task_id - task ID of the MT Task
     72           *
     73           * @return  void
     74           ***************************************************************************************************/

   \                                 In  segment BANKED_CODE, align 1, keep-with-next
     75          void MT_TaskInit(uint8 task_id)
   \                     MT_TaskInit:
     76          {
   \   000000   74F7         MOV     A,#-0x9
   \   000002   12....       LCALL   ?BANKED_ENTER_XDATA
   \   000005                ; Saved register size: 9
   \   000005                ; Auto size: 0
   \   000005   E9           MOV     A,R1
   \   000006   FE           MOV     R6,A
     77            /* Initialize the Serial port */
     78            MT_UartInit();
   \   000007                ; Setup parameters for call to function MT_UartInit
   \   000007   12....       LCALL   ??MT_UartInit?relay
     79          
     80            /* Register taskID - Do this after UartInit() because it will reset the taskID */
     81            MT_UartRegisterTaskID(task_id);
   \   00000A                ; Setup parameters for call to function MT_UartRegisterTaskID
   \   00000A   EE           MOV     A,R6
   \   00000B   F9           MOV     R1,A
   \   00000C   12....       LCALL   ??MT_UartRegisterTaskID?relay
     82          
     83            /* Initialize MT */
     84            MT_Init(task_id);
   \   00000F                ; Setup parameters for call to function MT_Init
   \   00000F   EE           MOV     A,R6
   \   000010   F9           MOV     R1,A
   \   000011   12....       LCALL   ??MT_Init?relay
     85          }
   \   000014   7F01         MOV     R7,#0x1
   \   000016   02....       LJMP    ?BANKED_LEAVE_XDATA
     86          
     87          /***************************************************************************************************
     88           * @fn      MT_ProcessEvent
     89           *
     90           * @brief MonitorTest Task Event Processor.  This task is put into the task table.
     91           *
     92           * @param   byte task_id - task ID of the MT Task
     93           * @param   UINT16 events - event(s) for the MT Task
     94           *
     95           * @return  void
     96           ***************************************************************************************************/

   \                                 In  segment BANKED_CODE, align 1, keep-with-next
     97          UINT16 MT_ProcessEvent(uint8 task_id, uint16 events)
   \                     MT_ProcessEvent:
     98          {
   \   000000   74F6         MOV     A,#-0xa
   \   000002   12....       LCALL   ?BANKED_ENTER_XDATA
   \   000005                ; Saved register size: 10
   \   000005                ; Auto size: 0
   \   000005   EA           MOV     A,R2
   \   000006   FE           MOV     R6,A
   \   000007   EB           MOV     A,R3
   \   000008   FF           MOV     R7,A
     99            uint8 *msg_ptr;
    100            
    101            (void)task_id;  // Intentionally unreferenced parameter
    102          
    103            /* Could be multiple events, so switch won't work */
    104            if ( events & SYS_EVENT_MSG )
   \   000009   7480         MOV     A,#-0x80
   \   00000B   5F           ANL     A,R7
   \   00000C   F9           MOV     R1,A
   \   00000D   E4           CLR     A
   \   00000E   7001         JNZ     ??MT_ProcessEvent_0
   \   000010   E9           MOV     A,R1
   \                     ??MT_ProcessEvent_0:
   \   000011   700E         JNZ     ??MT_ProcessEvent_1
    105            {
    106              while ( (msg_ptr = osal_msg_receive( MT_TaskID )) )
    107              {
    108                MT_ProcessIncomingCommand((mtOSALSerialData_t *)msg_ptr);
    109              }
    110          
    111              /* Return unproccessed events */
    112              return (events ^ SYS_EVENT_MSG);
    113            }
    114          
    115            if ( events & MT_ZTOOL_SERIAL_RCV_BUFFER_FULL )
   \   000013   EE           MOV     A,R6
   \   000014   5404         ANL     A,#0x4
   \   000016   601F         JZ      ??MT_ProcessEvent_2
    116            {
    117              /* Return unproccessed events */
    118              return (events ^ MT_ZTOOL_SERIAL_RCV_BUFFER_FULL);
   \   000018   7404         MOV     A,#0x4
   \   00001A   6E           XRL     A,R6
   \   00001B   FA           MOV     R2,A
   \   00001C   8078         SJMP    ??MT_ProcessEvent_3
    119            }
   \                     ??MT_ProcessEvent_4:
   \   00001E                ; Setup parameters for call to function MT_ProcessIncomingCommand
   \   00001E   12....       LCALL   ??MT_ProcessIncomingCommand?relay
   \                     ??MT_ProcessEvent_1:
   \   000021                ; Setup parameters for call to function osal_msg_receive
   \   000021   90....       MOV     DPTR,#MT_TaskID
   \   000024   E0           MOVX    A,@DPTR
   \   000025   F9           MOV     R1,A
   \   000026   12....       LCALL   ??osal_msg_receive?relay
   \   000029   EA           MOV     A,R2
   \   00002A   7001         JNZ     ??MT_ProcessEvent_5
   \   00002C   EB           MOV     A,R3
   \                     ??MT_ProcessEvent_5:
   \   00002D   70EF         JNZ     ??MT_ProcessEvent_4
   \   00002F   EE           MOV     A,R6
   \   000030   FA           MOV     R2,A
   \   000031   7480         MOV     A,#-0x80
   \   000033   6F           XRL     A,R7
   \                     ??MT_ProcessEvent_6:
   \   000034   FB           MOV     R3,A
   \   000035   805F         SJMP    ??MT_ProcessEvent_3
    120          
    121            /* Handle MT_SYS_OSAL_START_TIMER callbacks */
    122          #if defined MT_SYS_FUNC
    123            if ( events & (MT_SYS_OSAL_EVENT_MASK))
   \                     ??MT_ProcessEvent_2:
   \   000037   740F         MOV     A,#0xf
   \   000039   5F           ANL     A,R7
   \   00003A   F9           MOV     R1,A
   \   00003B   E4           CLR     A
   \   00003C   7001         JNZ     ??MT_ProcessEvent_7
   \   00003E   E9           MOV     A,R1
   \                     ??MT_ProcessEvent_7:
   \   00003F   6051         JZ      ??MT_ProcessEvent_8
    124            {
    125              if (events & MT_SYS_OSAL_EVENT_0)
   \   000041   7408         MOV     A,#0x8
   \   000043   5F           ANL     A,R7
   \   000044   F9           MOV     R1,A
   \   000045   E4           CLR     A
   \   000046   7001         JNZ     ??MT_ProcessEvent_9
   \   000048   E9           MOV     A,R1
   \                     ??MT_ProcessEvent_9:
   \   000049   6009         JZ      ??MT_ProcessEvent_10
    126              {
    127                MT_SysOsalTimerExpired(0x00);
   \   00004B                ; Setup parameters for call to function MT_SysOsalTimerExpired
   \   00004B   7900         MOV     R1,#0x0
   \   00004D   12....       LCALL   ??MT_SysOsalTimerExpired?relay
    128                events ^= MT_SYS_OSAL_EVENT_0;
   \   000050   7408         MOV     A,#0x8
   \   000052   6F           XRL     A,R7
   \   000053   FF           MOV     R7,A
    129              }
    130          
    131              if (events & MT_SYS_OSAL_EVENT_1)
   \                     ??MT_ProcessEvent_10:
   \   000054   7404         MOV     A,#0x4
   \   000056   5F           ANL     A,R7
   \   000057   F9           MOV     R1,A
   \   000058   E4           CLR     A
   \   000059   7001         JNZ     ??MT_ProcessEvent_11
   \   00005B   E9           MOV     A,R1
   \                     ??MT_ProcessEvent_11:
   \   00005C   6009         JZ      ??MT_ProcessEvent_12
    132              {
    133                MT_SysOsalTimerExpired(0x01);
   \   00005E                ; Setup parameters for call to function MT_SysOsalTimerExpired
   \   00005E   7901         MOV     R1,#0x1
   \   000060   12....       LCALL   ??MT_SysOsalTimerExpired?relay
    134                events ^= MT_SYS_OSAL_EVENT_1;
   \   000063   7404         MOV     A,#0x4
   \   000065   6F           XRL     A,R7
   \   000066   FF           MOV     R7,A
    135              }
    136          
    137              if (events & MT_SYS_OSAL_EVENT_2)
   \                     ??MT_ProcessEvent_12:
   \   000067   7402         MOV     A,#0x2
   \   000069   5F           ANL     A,R7
   \   00006A   F9           MOV     R1,A
   \   00006B   E4           CLR     A
   \   00006C   7001         JNZ     ??MT_ProcessEvent_13
   \   00006E   E9           MOV     A,R1
   \                     ??MT_ProcessEvent_13:
   \   00006F   6009         JZ      ??MT_ProcessEvent_14
    138              {
    139                MT_SysOsalTimerExpired(0x02);
   \   000071                ; Setup parameters for call to function MT_SysOsalTimerExpired
   \   000071   7902         MOV     R1,#0x2
   \   000073   12....       LCALL   ??MT_SysOsalTimerExpired?relay
    140                events ^= MT_SYS_OSAL_EVENT_2;
   \   000076   7402         MOV     A,#0x2
   \   000078   6F           XRL     A,R7
   \   000079   FF           MOV     R7,A
    141              }
    142          
    143              if (events & MT_SYS_OSAL_EVENT_3)
   \                     ??MT_ProcessEvent_14:
   \   00007A   7401         MOV     A,#0x1
   \   00007C   5F           ANL     A,R7
   \   00007D   F9           MOV     R1,A
   \   00007E   E4           CLR     A
   \   00007F   7001         JNZ     ??MT_ProcessEvent_15
   \   000081   E9           MOV     A,R1
   \                     ??MT_ProcessEvent_15:
   \   000082   6009         JZ      ??MT_ProcessEvent_16
    144              {
    145                MT_SysOsalTimerExpired(0x03);
   \   000084                ; Setup parameters for call to function MT_SysOsalTimerExpired
   \   000084   7903         MOV     R1,#0x3
   \   000086   12....       LCALL   ??MT_SysOsalTimerExpired?relay
    146                events ^= MT_SYS_OSAL_EVENT_3;
   \   000089   7401         MOV     A,#0x1
   \   00008B   6F           XRL     A,R7
   \   00008C   FF           MOV     R7,A
    147              }
    148          
    149              return events;
   \                     ??MT_ProcessEvent_16:
   \   00008D   EE           MOV     A,R6
   \   00008E   FA           MOV     R2,A
   \   00008F   EF           MOV     A,R7
   \   000090   80A2         SJMP    ??MT_ProcessEvent_6
    150            }
    151          #endif
    152          
    153            /* Discard or make more handlers */
    154            return 0;
   \                     ??MT_ProcessEvent_8:
   \   000092   7A00         MOV     R2,#0x0
   \   000094   7B00         MOV     R3,#0x0
   \                     ??MT_ProcessEvent_3:
   \   000096                REQUIRE ?Subroutine0
   \   000096                ; // Fall through to label ?Subroutine0
    155          
    156          } /* MT_ProcessEvent() */

   \                                 In  segment BANKED_CODE, align 1, keep-with-next
   \                     ?Subroutine0:
   \   000000   7F02         MOV     R7,#0x2
   \   000002   02....       LJMP    ?BANKED_LEAVE_XDATA
    157          
    158          /***************************************************************************************************
    159           * @fn      MT_ProcessIncomingCommand
    160           *
    161           * @brief
    162           *
    163           *   Process Event Messages.
    164           *
    165           * @param   byte *msg - pointer to event message
    166           *
    167           * @return
    168           ***************************************************************************************************/

   \                                 In  segment BANKED_CODE, align 1, keep-with-next
    169          void MT_ProcessIncomingCommand( mtOSALSerialData_t *msg )
   \                     MT_ProcessIncomingCommand:
    170          {
   \   000000   74F2         MOV     A,#-0xe
   \   000002   12....       LCALL   ?BANKED_ENTER_XDATA
   \   000005                ; Saved register size: 14
   \   000005                ; Auto size: 0
   \   000005   EA           MOV     A,R2
   \   000006   FE           MOV     R6,A
   \   000007   EB           MOV     A,R3
   \   000008   FF           MOV     R7,A
    171            byte deallocate;
    172            byte *msg_ptr;
    173            byte len;
    174          
    175            /* A little setup for AF, CB_FUNC and MT_SYS_APP_RSP_MSG */
    176            msg_ptr = msg->msg;
   \   000009   8E82         MOV     DPL,R6
   \   00000B   8F83         MOV     DPH,R7
   \   00000D   A3           INC     DPTR
   \   00000E   A3           INC     DPTR
   \   00000F   E0           MOVX    A,@DPTR
   \   000010   FA           MOV     R2,A
   \   000011   A3           INC     DPTR
   \   000012   E0           MOVX    A,@DPTR
   \   000013   FB           MOV     R3,A
   \   000014   8A..         MOV     ?V0 + 0,R2
   \   000016   8B..         MOV     ?V0 + 1,R3
    177          
    178            deallocate = true;
    179          
    180            /* Use the first byte of the message as the command ID */
    181            switch ( msg->hdr.event )
   \   000018   EA           MOV     A,R2
   \   000019   2403         ADD     A,#0x3
   \   00001B   F8           MOV     R0,A
   \   00001C   EB           MOV     A,R3
   \   00001D   3400         ADDC    A,#0x0
   \   00001F   F9           MOV     R1,A
   \   000020   8E82         MOV     DPL,R6
   \   000022   8F83         MOV     DPH,R7
   \   000024   E0           MOVX    A,@DPTR
   \   000025   12....       LCALL   ?UC_SWITCH_SPARSE
   \                     `?<Jumptable for MT_ProcessIncomingCommand>_0`:
   \   000028   00           DB        0
   \   000029   05           DB        5
   \   00002A   01           DB        1
   \   00002B   ....         DW        ??MT_ProcessIncomingCommand_0
   \   00002D   02           DB        2
   \   00002E   ....         DW        ??MT_ProcessIncomingCommand_1
   \   000030   04           DB        4
   \   000031   ....         DW        ??MT_ProcessIncomingCommand_2
   \   000033   06           DB        6
   \   000034   ....         DW        ??MT_ProcessIncomingCommand_3
   \   000036   24           DB        36
   \   000037   ....         DW        ??MT_ProcessIncomingCommand_4
   \   000039   ....         DW        ??MT_ProcessIncomingCommand_5
    182            {
    183              case CMD_SERIAL_MSG:
    184                MT_ProcessIncoming(msg->msg);
   \                     ??MT_ProcessIncomingCommand_0:
   \   00003B                ; Setup parameters for call to function MT_ProcessIncoming
   \   00003B   12....       LCALL   ??MT_ProcessIncoming?relay
   \   00003E   8063         SJMP    ??MT_ProcessIncomingCommand_5
    185                break;
    186          
    187              case CMD_DEBUG_MSG:
    188                MT_ProcessDebugMsg( (mtDebugMsg_t *)msg );
   \                     ??MT_ProcessIncomingCommand_1:
   \   000040                ; Setup parameters for call to function MT_ProcessDebugMsg
   \   000040   EE           MOV     A,R6
   \   000041   FA           MOV     R2,A
   \   000042   EF           MOV     A,R7
   \   000043   FB           MOV     R3,A
   \   000044   12....       LCALL   ??MT_ProcessDebugMsg?relay
   \   000047   805A         SJMP    ??MT_ProcessIncomingCommand_5
    189                break;
    190          
    191              case CB_FUNC:
    192                /*
    193                  Build SPI message here instead of redundantly calling MT_BuildSPIMsg
    194                  because we have copied data already in the allocated message
    195                */
    196          
    197                /* msg_ptr is the beginning of the intended SPI message */
    198                len = SPI_0DATA_MSG_LEN + msg_ptr[DATALEN_FIELD];
   \                     ??MT_ProcessIncomingCommand_2:
   \   000049   8882         MOV     DPL,R0
   \   00004B   8983         MOV     DPH,R1
   \   00004D   E0           MOVX    A,@DPTR
   \   00004E   2405         ADD     A,#0x5
   \   000050   F5..         MOV     ?V0 + 2,A
    199          
    200                /*
    201                  FCS goes to the last byte in the message and is calculated over all
    202                  the bytes except FCS and SOP
    203                */
    204                msg_ptr[len-1] = MT_UartCalcFCS(msg_ptr + 1, (byte)(len-2));
   \   000052                ; Setup parameters for call to function MT_UartCalcFCS
   \   000052   74FE         MOV     A,#-0x2
   \   000054   25..         ADD     A,?V0 + 2
   \   000056   F9           MOV     R1,A
   \   000057   8A82         MOV     DPL,R2
   \   000059   8B83         MOV     DPH,R3
   \   00005B   A3           INC     DPTR
   \   00005C   AA82         MOV     R2,DPL
   \   00005E   AB83         MOV     R3,DPH
   \   000060   12....       LCALL   ??MT_UartCalcFCS?relay
   \   000063   E9           MOV     A,R1
   \   000064   C0E0         PUSH    A
   \   000066   85....       MOV     ?V0 + 4,?V0 + 2
   \   000069   E5..         MOV     A,?V0 + 0
   \   00006B   25..         ADD     A,?V0 + 4
   \   00006D   F8           MOV     R0,A
   \   00006E   E5..         MOV     A,?V0 + 1
   \   000070   3400         ADDC    A,#0x0
   \   000072   F9           MOV     R1,A
   \   000073   74FF         MOV     A,#-0x1
   \   000075   28           ADD     A,R0
   \   000076   F582         MOV     DPL,A
   \   000078   74FF         MOV     A,#-0x1
   \   00007A   39           ADDC    A,R1
   \   00007B   F583         MOV     DPH,A
   \   00007D   D0E0         POP     A
   \   00007F   F0           MOVX    @DPTR,A
    205          
    206          #ifdef MT_UART_DEFAULT_PORT
    207                HalUARTWrite ( MT_UART_DEFAULT_PORT, msg_ptr, len );
   \   000080                ; Setup parameters for call to function HalUARTWrite
   \   000080   AC..         MOV     R4,?V0 + 2
   \   000082   7D00         MOV     R5,#0x0
   \   000084   AA..         MOV     R2,?V0 + 0
   \   000086   AB..         MOV     R3,?V0 + 1
   \   000088   7900         MOV     R1,#0x0
   \   00008A   12....       LCALL   ??HalUARTWrite?relay
   \   00008D   8014         SJMP    ??MT_ProcessIncomingCommand_5
    208          #endif
    209                break;
    210          
    211              case CMD_DEBUG_STR:
    212                MT_ProcessDebugStr( (mtDebugStr_t *)msg );
   \                     ??MT_ProcessIncomingCommand_3:
   \   00008F                ; Setup parameters for call to function MT_ProcessDebugStr
   \   00008F   EE           MOV     A,R6
   \   000090   FA           MOV     R2,A
   \   000091   EF           MOV     A,R7
   \   000092   FB           MOV     R3,A
   \   000093   12....       LCALL   ??MT_ProcessDebugStr?relay
   \   000096   800B         SJMP    ??MT_ProcessIncomingCommand_5
    213                break;
    214          
    215          #if !defined ( NONWK )
    216              case MT_SYS_APP_RSP_MSG:
    217                len = SPI_0DATA_MSG_LEN + msg_ptr[DATALEN_FIELD];
    218                MTProcessAppRspMsg( msg_ptr, len );
   \                     ??MT_ProcessIncomingCommand_4:
   \   000098                ; Setup parameters for call to function MTProcessAppRspMsg
   \   000098   8882         MOV     DPL,R0
   \   00009A   8983         MOV     DPH,R1
   \   00009C   E0           MOVX    A,@DPTR
   \   00009D   2405         ADD     A,#0x5
   \   00009F   F9           MOV     R1,A
   \   0000A0   12....       LCALL   ??MTProcessAppRspMsg?relay
    219                break;
    220          #endif  // NONWK
    221          
    222          #if defined (MT_UTIL_FUNC)
    223          #if defined ZCL_KEY_ESTABLISH
    224              case ZCL_KEY_ESTABLISH_IND:
    225                MT_UtilKeyEstablishInd((keyEstablishmentInd_t *)msg);
    226                break;
    227          #endif        
    228          #endif        
    229          #ifdef MT_ZDO_CB_FUNC
    230              case ZDO_STATE_CHANGE:
    231                MT_ZdoStateChangeCB((osal_event_hdr_t *)msg);
    232                break;
    233          #endif
    234          
    235              default:
    236                break;
    237            }
    238          
    239            if ( deallocate )
    240            {
    241              osal_msg_deallocate( (uint8 *)msg );
   \                     ??MT_ProcessIncomingCommand_5:
   \   0000A3                ; Setup parameters for call to function osal_msg_deallocate
   \   0000A3   EE           MOV     A,R6
   \   0000A4   FA           MOV     R2,A
   \   0000A5   EF           MOV     A,R7
   \   0000A6   FB           MOV     R3,A
   \   0000A7   12....       LCALL   ??osal_msg_deallocate?relay
    242            }
    243          }
   \   0000AA   7F06         MOV     R7,#0x6
   \   0000AC   02....       LJMP    ?BANKED_LEAVE_XDATA
    244          
    245          #ifdef MT_TASK
    246          /***************************************************************************************************
    247           * @fn      MT_TransportAlloc
    248           *
    249           * @brief   Allocate memory for transport msg
    250           *
    251           * @param   uint8 cmd0 - The first byte of the MT command id containing the command type and subsystem.
    252           *          uint8 len - length
    253           *
    254           * @return  pointer the allocated memory or NULL if fail to allocate the memory
    255           ***************************************************************************************************/

   \                                 In  segment BANKED_CODE, align 1, keep-with-next
    256          uint8 *MT_TransportAlloc(uint8 cmd0, uint8 len)
   \                     MT_TransportAlloc:
    257          {
   \   000000   74F6         MOV     A,#-0xa
   \   000002   12....       LCALL   ?BANKED_ENTER_XDATA
   \   000005                ; Saved register size: 10
   \   000005                ; Auto size: 0
    258            uint8 *p;
    259          
    260            (void)cmd0;  // Intentionally unreferenced parameter
    261            
    262            /* Allocate a buffer of data length + SOP+CMD+FCS (5bytes) */
    263            p = osal_msg_allocate(len + SPI_0DATA_MSG_LEN);
   \   000005                ; Setup parameters for call to function osal_msg_allocate
   \   000005   8A..         MOV     ?V0 + 0,R2
   \   000007   7405         MOV     A,#0x5
   \   000009   25..         ADD     A,?V0 + 0
   \   00000B   FA           MOV     R2,A
   \   00000C   E4           CLR     A
   \   00000D   3400         ADDC    A,#0x0
   \   00000F   FB           MOV     R3,A
   \   000010   12....       LCALL   ??osal_msg_allocate?relay
   \   000013   8A82         MOV     DPL,R2
   \   000015   8B83         MOV     DPH,R3
    264          
    265            if (p)
   \   000017   E582         MOV     A,DPL
   \   000019   7002         JNZ     ??MT_TransportAlloc_0
   \   00001B   E583         MOV     A,DPH
   \                     ??MT_TransportAlloc_0:
   \   00001D   6007         JZ      ??MT_TransportAlloc_1
    266            {
    267              p++; /* Save space for SOP_VALUE, msg structure */
    268              return p;
   \   00001F   A3           INC     DPTR
   \   000020   AA82         MOV     R2,DPL
   \   000022   AB83         MOV     R3,DPH
   \   000024   8004         SJMP    ??MT_TransportAlloc_2
    269            }
    270            else
    271            {
    272              return NULL;
   \                     ??MT_TransportAlloc_1:
   \   000026   7A00         MOV     R2,#0x0
   \   000028   7B00         MOV     R3,#0x0
    273            }
   \                     ??MT_TransportAlloc_2:
   \   00002A   02....       LJMP    ?Subroutine0 & 0xFFFF
    274          }
    275          
    276          /***************************************************************************************************
    277           * @fn      MT_TransportSend
    278           *
    279           * @brief   Fill in SOP and FCS then send out the msg
    280           *
    281           * @param   uint8 *pBuf - pointer to the message that contains CMD, length, data and FCS
    282           *
    283           * @return  None
    284           ***************************************************************************************************/

   \                                 In  segment BANKED_CODE, align 1, keep-with-next
    285          void MT_TransportSend(uint8 *pBuf)
   \                     MT_TransportSend:
    286          {
   \   000000   74F6         MOV     A,#-0xa
   \   000002   12....       LCALL   ?BANKED_ENTER_XDATA
   \   000005                ; Saved register size: 10
   \   000005                ; Auto size: 0
    287            uint8 *msgPtr;
    288            uint8 dataLen = pBuf[0]; /* Data length is on byte #1 from the pointer */
   \   000005   8A82         MOV     DPL,R2
   \   000007   8B83         MOV     DPH,R3
   \   000009   E0           MOVX    A,@DPTR
   \   00000A   FC           MOV     R4,A
    289          
    290            /* Move back to the SOP */
    291            msgPtr = pBuf-1;
   \   00000B   EA           MOV     A,R2
   \   00000C   24FF         ADD     A,#-0x1
   \   00000E   FE           MOV     R6,A
   \   00000F   EB           MOV     A,R3
   \   000010   34FF         ADDC    A,#-0x1
   \   000012   FF           MOV     R7,A
    292          
    293            /* Insert SOP */
    294            msgPtr[0] = MT_UART_SOF;
   \   000013   74FE         MOV     A,#-0x2
   \   000015   8E82         MOV     DPL,R6
   \   000017   8F83         MOV     DPH,R7
   \   000019   F0           MOVX    @DPTR,A
    295          
    296            /* Insert FCS */
    297            msgPtr[SPI_0DATA_MSG_LEN - 1 + dataLen] = MT_UartCalcFCS (pBuf, (3 + dataLen));
   \   00001A   8C82         MOV     DPL,R4
   \   00001C   8582..       MOV     ?V0 + 0,DPL
   \   00001F                ; Setup parameters for call to function MT_UartCalcFCS
   \   00001F   7403         MOV     A,#0x3
   \   000021   2C           ADD     A,R4
   \   000022   F9           MOV     R1,A
   \   000023   12....       LCALL   ??MT_UartCalcFCS?relay
   \   000026   EE           MOV     A,R6
   \   000027   25..         ADD     A,?V0 + 0
   \   000029   F582         MOV     DPL,A
   \   00002B   EF           MOV     A,R7
   \   00002C   3400         ADDC    A,#0x0
   \   00002E   F583         MOV     DPH,A
   \   000030   A3           INC     DPTR
   \   000031   A3           INC     DPTR
   \   000032   A3           INC     DPTR
   \   000033   A3           INC     DPTR
   \   000034   E9           MOV     A,R1
   \   000035   F0           MOVX    @DPTR,A
    298          
    299            /* Send to UART */
    300          #ifdef MT_UART_DEFAULT_PORT
    301            HalUARTWrite(MT_UART_DEFAULT_PORT, msgPtr, dataLen + SPI_0DATA_MSG_LEN);
   \   000036                ; Setup parameters for call to function HalUARTWrite
   \   000036   7405         MOV     A,#0x5
   \   000038   25..         ADD     A,?V0 + 0
   \   00003A   FC           MOV     R4,A
   \   00003B   E4           CLR     A
   \   00003C   3400         ADDC    A,#0x0
   \   00003E   FD           MOV     R5,A
   \   00003F   EE           MOV     A,R6
   \   000040   FA           MOV     R2,A
   \   000041   EF           MOV     A,R7
   \   000042   FB           MOV     R3,A
   \   000043   7900         MOV     R1,#0x0
   \   000045   12....       LCALL   ??HalUARTWrite?relay
    302          #endif
    303          
    304            /* Deallocate */
    305            osal_msg_deallocate(msgPtr);
   \   000048                ; Setup parameters for call to function osal_msg_deallocate
   \   000048   EE           MOV     A,R6
   \   000049   FA           MOV     R2,A
   \   00004A   EF           MOV     A,R7
   \   00004B   FB           MOV     R3,A
   \   00004C   12....       LCALL   ??osal_msg_deallocate?relay
    306          }
   \   00004F   02....       LJMP    ?Subroutine0 & 0xFFFF

   \                                 In  segment BANK_RELAYS, align 1
   \                     ??MT_TaskInit?relay:
   \   000000   12....       LCALL   ?BDISPATCH
   \   000003   ......       DC24    MT_TaskInit

   \                                 In  segment BANK_RELAYS, align 1
   \                     ??MT_ProcessEvent?relay:
   \   000000   12....       LCALL   ?BDISPATCH
   \   000003   ......       DC24    MT_ProcessEvent

   \                                 In  segment BANK_RELAYS, align 1
   \                     ??MT_ProcessIncomingCommand?relay:
   \   000000   12....       LCALL   ?BDISPATCH
   \   000003   ......       DC24    MT_ProcessIncomingCommand

   \                                 In  segment BANK_RELAYS, align 1
   \                     ??MT_TransportAlloc?relay:
   \   000000   12....       LCALL   ?BDISPATCH
   \   000003   ......       DC24    MT_TransportAlloc

   \                                 In  segment BANK_RELAYS, align 1
   \                     ??MT_TransportSend?relay:
   \   000000   12....       LCALL   ?BDISPATCH
   \   000003   ......       DC24    MT_TransportSend
    307          #endif /* MT_TASK */
    308          /***************************************************************************************************
    309           ***************************************************************************************************/

   Maximum stack usage in bytes:

     Function                       ISTACK PSTACK XSTACK
     --------                       ------ ------ ------
     MT_ProcessEvent                    0      0     10
       -> MT_ProcessIncomingCommand     0      0     20
       -> osal_msg_receive              0      0     20
       -> MT_SysOsalTimerExpired        0      0     20
       -> MT_SysOsalTimerExpired        0      0     20
       -> MT_SysOsalTimerExpired        0      0     20
       -> MT_SysOsalTimerExpired        0      0     20
     MT_ProcessIncomingCommand          1      0     24
       -> MT_ProcessIncoming            0      0     28
       -> MT_ProcessDebugMsg            0      0     28
       -> MT_UartCalcFCS                0      0     28
       -> HalUARTWrite                  0      0     28
       -> MT_ProcessDebugStr            0      0     28
       -> MTProcessAppRspMsg            0      0     28
       -> osal_msg_deallocate           0      0     28
     MT_TaskInit                        0      0      9
       -> MT_UartInit                   0      0     18
       -> MT_UartRegisterTaskID         0      0     18
       -> MT_Init                       0      0     18
     MT_TransportAlloc                  0      0     10
       -> osal_msg_allocate             0      0     20
     MT_TransportSend                   1      0     10
       -> MT_UartCalcFCS                0      0     20
       -> HalUARTWrite                  0      0     20
       -> osal_msg_deallocate           0      0     20


   Segment part sizes:

     Function/Label                    Bytes
     --------------                    -----
     MT_TaskInit                         25
     MT_ProcessEvent                    150
     ?Subroutine0                         5
     MT_ProcessIncomingCommand          175
     MT_TransportAlloc                   45
     MT_TransportSend                    82
     ??MT_TaskInit?relay                  6
     ??MT_ProcessEvent?relay              6
     ??MT_ProcessIncomingCommand?relay    6
     ??MT_TransportAlloc?relay            6
     ??MT_TransportSend?relay             6

 
 482 bytes in segment BANKED_CODE
  30 bytes in segment BANK_RELAYS
 
 512 bytes of CODE memory

Errors: none
Warnings: none
