###############################################################################
#                                                                             #
# IAR C/C++ Compiler V7.51A/W32 for 8051                30/May/2015  21:46:00 #
# Copyright 2004-2009 IAR Systems AB.                                         #
#                                                                             #
#    Core               =  plain                                              #
#    Code model         =  banked                                             #
#    Data model         =  large                                              #
#    Calling convention =  xdata reentrant                                    #
#    Constant location  =  data_rom                                           #
#    Dptr setup         =  1,16                                               #
#    Source file        =  C:\Texas Instruments\ZStack-CC2530-2.3.0-1.4.0\Com #
#                          ponents\mac\low_level\srf04\mac_radio.c            #
#    Command line       =  -f "C:\Texas Instruments\ZStack-CC2530-2.3.0-1.4.0 #
#                          \Projects\zstack\Samples\ParkingS\CC2530DB\..\..\. #
#                          .\Tools\CC2530DB\f8wEndev.cfg" (-DCPU32MHZ         #
#                          -DROOT=__near_func -DBLINK_LEDS) -f "C:\Texas      #
#                          Instruments\ZStack-CC2530-2.3.0-1.4.0\Projects\zst #
#                          ack\Samples\ParkingS\CC2530DB\..\..\..\Tools\CC253 #
#                          0DB\f8wConfig.cfg" (-DSECURE=0                     #
#                          -DZG_SECURE_DYNAMIC=0 -DREFLECTOR                  #
#                          -DDEFAULT_CHANLIST=0x00000800                      #
#                          -DZDAPP_CONFIG_PAN_ID=0xFFFF                       #
#                          -DNWK_START_DELAY=100 -DEXTENDED_JOINING_RANDOM_MA #
#                          SK=0x007F -DBEACON_REQUEST_DELAY=100               #
#                          -DBEACON_REQ_DELAY_MASK=0x00FF                     #
#                          -DROUTE_EXPIRY_TIME=30 -DAPSC_ACK_WAIT_DURATION_PO #
#                          LLED=3000 -DNWK_INDIRECT_MSG_TIMEOUT=7             #
#                          -DMAX_RREQ_ENTRIES=8 -DAPSC_MAX_FRAME_RETRIES=3    #
#                          -DNWK_MAX_DATA_RETRIES=2                           #
#                          -DMAX_POLL_FAILURE_RETRIES=2 -DMAX_BCAST=9         #
#                          -DAPS_MAX_GROUPS=16 -DMAX_RTG_ENTRIES=40           #
#                          -DNWK_MAX_BINDING_ENTRIES=4                        #
#                          -DMAX_BINDING_CLUSTER_IDS=4 "-DDEFAULT_KEY={0x01,  #
#                          0x03, 0x05, 0x07, 0x09, 0x0B, 0x0D, 0x0F, 0x00,    #
#                          0x02, 0x04, 0x06, 0x08, 0x0A, 0x0C, 0x0D}"         #
#                          -DMAC_MAX_FRAME_SIZE=116 "-DCONST=const __code"    #
#                          -DGENERIC=__generic -DRFD_RCVC_ALWAYS_ON=FALSE     #
#                          -DPOLL_RATE=1000 -DQUEUED_POLL_RATE=100            #
#                          -DRESPONSE_POLL_RATE=100) -DREJOIN_POLL_RATE=440   #
#                          "C:\Texas Instruments\ZStack-CC2530-2.3.0-1.4.0\Co #
#                          mponents\mac\low_level\srf04\mac_radio.c" -D       #
#                          NWK_AUTO_POLL -D ENDDEVICE -D ZTOOL_P1 -D MT_TASK  #
#                          -D MT_SYS_FUNC -D MT_ZDO_FUNC -D                   #
#                          SerialApp_CallBack -D xLCD_SUPPORTED=DEBUG -lC     #
#                          "C:\Texas Instruments\ZStack-CC2530-2.3.0-1.4.0\Pr #
#                          ojects\zstack\Samples\ParkingS\CC2530DB\EndDeviceE #
#                          B\List\" -lA "C:\Texas Instruments\ZStack-CC2530-2 #
#                          .3.0-1.4.0\Projects\zstack\Samples\ParkingS\CC2530 #
#                          DB\EndDeviceEB\List\" --diag_suppress Pe001,Pa010  #
#                          -o "C:\Texas Instruments\ZStack-CC2530-2.3.0-1.4.0 #
#                          \Projects\zstack\Samples\ParkingS\CC2530DB\EndDevi #
#                          ceEB\Obj\" -e --require_prototypes --debug         #
#                          --core=plain --dptr=16,1 --data_model=large        #
#                          --code_model=banked --calling_convention=xdata_ree #
#                          ntrant --place_constants=data_rom                  #
#                          --nr_virtual_regs 16 -I "C:\Texas                  #
#                          Instruments\ZStack-CC2530-2.3.0-1.4.0\Projects\zst #
#                          ack\Samples\ParkingS\CC2530DB\" -I "C:\Texas       #
#                          Instruments\ZStack-CC2530-2.3.0-1.4.0\Projects\zst #
#                          ack\Samples\ParkingS\CC2530DB\..\SOURCE\" -I       #
#                          "C:\Texas Instruments\ZStack-CC2530-2.3.0-1.4.0\Pr #
#                          ojects\zstack\Samples\ParkingS\CC2530DB\..\..\..\Z #
#                          MAIN\TI2530DB\" -I "C:\Texas                       #
#                          Instruments\ZStack-CC2530-2.3.0-1.4.0\Projects\zst #
#                          ack\Samples\ParkingS\CC2530DB\..\..\..\..\..\COMPO #
#                          NENTS\MT\" -I "C:\Texas Instruments\ZStack-CC2530- #
#                          2.3.0-1.4.0\Projects\zstack\Samples\ParkingS\CC253 #
#                          0DB\..\..\..\..\..\COMPONENTS\HAL\INCLUDE\" -I     #
#                          "C:\Texas Instruments\ZStack-CC2530-2.3.0-1.4.0\Pr #
#                          ojects\zstack\Samples\ParkingS\CC2530DB\..\..\..\. #
#                          .\..\COMPONENTS\HAL\TARGET\CC2530EB\" -I           #
#                          "C:\Texas Instruments\ZStack-CC2530-2.3.0-1.4.0\Pr #
#                          ojects\zstack\Samples\ParkingS\CC2530DB\..\..\..\. #
#                          .\..\COMPONENTS\OSAL\MCU\CCSOC\" -I "C:\Texas      #
#                          Instruments\ZStack-CC2530-2.3.0-1.4.0\Projects\zst #
#                          ack\Samples\ParkingS\CC2530DB\..\..\..\..\..\COMPO #
#                          NENTS\OSAL\INCLUDE\" -I "C:\Texas                  #
#                          Instruments\ZStack-CC2530-2.3.0-1.4.0\Projects\zst #
#                          ack\Samples\ParkingS\CC2530DB\..\..\..\..\..\COMPO #
#                          NENTS\STACK\AF\" -I "C:\Texas                      #
#                          Instruments\ZStack-CC2530-2.3.0-1.4.0\Projects\zst #
#                          ack\Samples\ParkingS\CC2530DB\..\..\..\..\..\COMPO #
#                          NENTS\STACK\NWK\" -I "C:\Texas                     #
#                          Instruments\ZStack-CC2530-2.3.0-1.4.0\Projects\zst #
#                          ack\Samples\ParkingS\CC2530DB\..\..\..\..\..\COMPO #
#                          NENTS\STACK\SEC\" -I "C:\Texas                     #
#                          Instruments\ZStack-CC2530-2.3.0-1.4.0\Projects\zst #
#                          ack\Samples\ParkingS\CC2530DB\..\..\..\..\..\COMPO #
#                          NENTS\STACK\SAPI\" -I "C:\Texas                    #
#                          Instruments\ZStack-CC2530-2.3.0-1.4.0\Projects\zst #
#                          ack\Samples\ParkingS\CC2530DB\..\..\..\..\..\COMPO #
#                          NENTS\STACK\SYS\" -I "C:\Texas                     #
#                          Instruments\ZStack-CC2530-2.3.0-1.4.0\Projects\zst #
#                          ack\Samples\ParkingS\CC2530DB\..\..\..\..\..\COMPO #
#                          NENTS\STACK\ZDO\" -I "C:\Texas                     #
#                          Instruments\ZStack-CC2530-2.3.0-1.4.0\Projects\zst #
#                          ack\Samples\ParkingS\CC2530DB\..\..\..\..\..\COMPO #
#                          NENTS\ZMAC\F8W\" -I "C:\Texas                      #
#                          Instruments\ZStack-CC2530-2.3.0-1.4.0\Projects\zst #
#                          ack\Samples\ParkingS\CC2530DB\..\..\..\..\..\COMPO #
#                          NENTS\ZMAC\" -I "C:\Texas                          #
#                          Instruments\ZStack-CC2530-2.3.0-1.4.0\Projects\zst #
#                          ack\Samples\ParkingS\CC2530DB\..\..\..\..\..\COMPO #
#                          NENTS\SERVICES\SADDR\" -I "C:\Texas                #
#                          Instruments\ZStack-CC2530-2.3.0-1.4.0\Projects\zst #
#                          ack\Samples\ParkingS\CC2530DB\..\..\..\..\..\COMPO #
#                          NENTS\SERVICES\SDATA\" -I "C:\Texas                #
#                          Instruments\ZStack-CC2530-2.3.0-1.4.0\Projects\zst #
#                          ack\Samples\ParkingS\CC2530DB\..\..\..\..\..\COMPO #
#                          NENTS\MAC\INCLUDE\" -I "C:\Texas                   #
#                          Instruments\ZStack-CC2530-2.3.0-1.4.0\Projects\zst #
#                          ack\Samples\ParkingS\CC2530DB\..\..\..\..\..\COMPO #
#                          NENTS\MAC\HIGH_LEVEL\" -I "C:\Texas                #
#                          Instruments\ZStack-CC2530-2.3.0-1.4.0\Projects\zst #
#                          ack\Samples\ParkingS\CC2530DB\..\..\..\..\..\COMPO #
#                          NENTS\MAC\LOW_LEVEL\srf04\" -I "C:\Texas           #
#                          Instruments\ZStack-CC2530-2.3.0-1.4.0\Projects\zst #
#                          ack\Samples\ParkingS\CC2530DB\..\..\..\..\..\COMPO #
#                          NENTS\MAC\LOW_LEVEL\srf04\SINGLE_CHIP\" -I         #
#                          "C:\Program Files\IAR Systems\Embedded Workbench   #
#                          5.3\8051\INC\" -I "C:\Program Files\IAR            #
#                          Systems\Embedded Workbench 5.3\8051\INC\CLIB\"     #
#                          -Ohz                                               #
#    List file          =  C:\Texas Instruments\ZStack-CC2530-2.3.0-1.4.0\Pro #
#                          jects\zstack\Samples\ParkingS\CC2530DB\EndDeviceEB #
#                          \List\mac_radio.lst                                #
#    Object file        =  C:\Texas Instruments\ZStack-CC2530-2.3.0-1.4.0\Pro #
#                          jects\zstack\Samples\ParkingS\CC2530DB\EndDeviceEB #
#                          \Obj\mac_radio.r51                                 #
#                                                                             #
#                                                                             #
###############################################################################

C:\Texas Instruments\ZStack-CC2530-2.3.0-1.4.0\Components\mac\low_level\srf04\mac_radio.c
      1          /**************************************************************************************************
      2            Filename:       mac_radio.c
      3            Revised:        $Date: 2007-09-11 10:58:41 -0700 (Tue, 11 Sep 2007) $
      4            Revision:       $Revision: 15371 $
      5          
      6            Description:    Describe the purpose and contents of the file.
      7          
      8          
      9            Copyright 2006-2009 Texas Instruments Incorporated. All rights reserved.
     10          
     11            IMPORTANT: Your use of this Software is limited to those specific rights
     12            granted under the terms of a software license agreement between the user
     13            who downloaded the software, his/her employer (which must be your employer)
     14            and Texas Instruments Incorporated (the "License").  You may not use this
     15            Software unless you agree to abide by the terms of the License. The License
     16            limits your use, and you acknowledge, that the Software may not be modified,
     17            copied or distributed unless embedded on a Texas Instruments microcontroller
     18            or used solely and exclusively in conjunction with a Texas Instruments radio
     19            frequency transceiver, which is integrated into your product.  Other than for
     20            the foregoing purpose, you may not use, reproduce, copy, prepare derivative
     21            works of, modify, distribute, perform, display or sell this Software and/or
     22            its documentation for any purpose.
     23          
     24            YOU FURTHER ACKNOWLEDGE AND AGREE THAT THE SOFTWARE AND DOCUMENTATION ARE
     25            PROVIDED “AS IS” WITHOUT WARRANTY OF ANY KIND, EITHER EXPRESS OR IMPLIED,
     26            INCLUDING WITHOUT LIMITATION, ANY WARRANTY OF MERCHANTABILITY, TITLE,
     27            NON-INFRINGEMENT AND FITNESS FOR A PARTICULAR PURPOSE. IN NO EVENT SHALL
     28            TEXAS INSTRUMENTS OR ITS LICENSORS BE LIABLE OR OBLIGATED UNDER CONTRACT,
     29            NEGLIGENCE, STRICT LIABILITY, CONTRIBUTION, BREACH OF WARRANTY, OR OTHER
     30            LEGAL EQUITABLE THEORY ANY DIRECT OR INDIRECT DAMAGES OR EXPENSES
     31            INCLUDING BUT NOT LIMITED TO ANY INCIDENTAL, SPECIAL, INDIRECT, PUNITIVE
     32            OR CONSEQUENTIAL DAMAGES, LOST PROFITS OR LOST DATA, COST OF PROCUREMENT
     33            OF SUBSTITUTE GOODS, TECHNOLOGY, SERVICES, OR ANY CLAIMS BY THIRD PARTIES
     34            (INCLUDING BUT NOT LIMITED TO ANY DEFENSE THEREOF), OR OTHER SIMILAR COSTS.
     35          
     36            Should you have any questions regarding your right to use this Software,
     37            contact Texas Instruments Incorporated at www.TI.com.
     38          **************************************************************************************************/
     39          
     40          /* ------------------------------------------------------------------------------------------------
     41           *                                          Includes
     42           * ------------------------------------------------------------------------------------------------
     43           */
     44          
     45          /* hal */
     46          #include "hal_types.h"
     47          
     48          /* high-level */
     49          #include "mac_pib.h"
     50          
     51          /* exported low-level */
     52          #include "mac_low_level.h"
     53          
     54          /* low-level specific */
     55          #include "mac_radio.h"
     56          #include "mac_tx.h"
     57          #include "mac_rx.h"
     58          #include "mac_rx_onoff.h"
     59          #include "mac_sleep.h"
     60          #include "mac_backoff_timer.h"
     61          
     62          /* target specific */
     63          #include "mac_radio_defs.h"

   \                                 In  segment SFR_AN, at 0xa8
   \   union <unnamed> volatile __sfr _A_IEN0
   \                     _A_IEN0:
   \   000000                DS 1
     64          
     65          /* debug */
     66          #include "mac_assert.h"
     67          
     68          
     69          /* ------------------------------------------------------------------------------------------------
     70           *                                          Includes
     71           * ------------------------------------------------------------------------------------------------
     72           */
     73          #define ED_RF_POWER_MIN_DBM   (MAC_RADIO_RECEIVER_SENSITIVITY_DBM + MAC_SPEC_ED_MIN_DBM_ABOVE_RECEIVER_SENSITIVITY)
     74          #define ED_RF_POWER_MAX_DBM   MAC_RADIO_RECEIVER_SATURATION_DBM
     75          
     76          
     77          /* ------------------------------------------------------------------------------------------------
     78           *                                        Global Variables
     79           * ------------------------------------------------------------------------------------------------
     80           */

   \                                 In  segment XDATA_Z, align 1, keep-with-next
     81          uint8 macPhyTxPower;
   \                     macPhyTxPower:
   \   000000                DS 1
   \   000001                REQUIRE __INIT_XDATA_Z

   \                                 In  segment XDATA_Z, align 1, keep-with-next
     82          uint8 macPhyChannel;
   \                     macPhyChannel:
   \   000000                DS 1
   \   000001                REQUIRE __INIT_XDATA_Z
     83          
     84          
     85          /* ------------------------------------------------------------------------------------------------
     86           *                                        Local Variables
     87           * ------------------------------------------------------------------------------------------------
     88           */

   \                                 In  segment XDATA_Z, align 1, keep-with-next
     89          static uint8 reqChannel;
   \                     reqChannel:
   \   000000                DS 1
   \   000001                REQUIRE __INIT_XDATA_Z

   \                                 In  segment XDATA_Z, align 1, keep-with-next
     90          static uint8 reqTxPower;
   \                     reqTxPower:
   \   000000                DS 1
   \   000001                REQUIRE __INIT_XDATA_Z
     91          
     92          
     93          /* ------------------------------------------------------------------------------------------------
     94           *                                        Local Functions
     95           * ------------------------------------------------------------------------------------------------
     96           */
     97          static uint8 radioComputeED(int8 rssiDbm);
     98          
     99          
    100          /**************************************************************************************************
    101           * @fn          macRadioInit
    102           *
    103           * @brief       Initialize radio software.
    104           *
    105           * @param       none
    106           *
    107           * @return      none
    108           **************************************************************************************************
    109           */

   \                                 In  segment BANKED_CODE, align 1, keep-with-next
    110          MAC_INTERNAL_API void macRadioInit(void)
   \                     macRadioInit:
    111          {
   \   000000   C082         PUSH    DPL
   \   000002   C083         PUSH    DPH
   \   000004                ; Saved register size: 2
   \   000004                ; Auto size: 0
    112            /* variable initialization for this module */
    113            reqChannel    = MAC_RADIO_CHANNEL_DEFAULT;
   \   000004   740B         MOV     A,#0xb
   \   000006   90....       MOV     DPTR,#reqChannel
   \   000009   F0           MOVX    @DPTR,A
    114            macPhyChannel = MAC_RADIO_CHANNEL_DEFAULT;
   \   00000A   90....       MOV     DPTR,#macPhyChannel
   \   00000D   F0           MOVX    @DPTR,A
    115            reqTxPower    = MAC_RADIO_TX_POWER_DEFAULT;
   \   00000E   7432         MOV     A,#0x32
   \   000010   90....       MOV     DPTR,#reqTxPower
   \   000013   F0           MOVX    @DPTR,A
    116            macPhyTxPower = MAC_RADIO_TX_POWER_DEFAULT;
   \   000014   90....       MOV     DPTR,#macPhyTxPower
   \   000017   80..         SJMP    ??Subroutine3_0
    117          }

   \                                 In  segment BANKED_CODE, align 1, keep-with-next
   \                     ??Subroutine3_0:
   \   000000   F0           MOVX    @DPTR,A
   \   000001                REQUIRE ??Subroutine4_0
   \   000001                ; // Fall through to label ??Subroutine4_0

   \                                 In  segment BANKED_CODE, align 1, keep-with-next
   \                     ??Subroutine4_0:
   \   000000   D083         POP     DPH
   \   000002   D082         POP     DPL
   \   000004   02....       LJMP    ?BRET
    118          
    119          
    120          /**************************************************************************************************
    121           * @fn          macRadioReset
    122           *
    123           * @brief       Resets the radio module.
    124           *
    125           * @param       none
    126           *
    127           * @return      none
    128           **************************************************************************************************
    129           */

   \                                 In  segment BANKED_CODE, align 1, keep-with-next
    130          MAC_INTERNAL_API void macRadioReset(void)
   \                     macRadioReset:
    131          {
   \   000000   C082         PUSH    DPL
   \   000002   C083         PUSH    DPH
   \   000004                ; Saved register size: 2
   \   000004                ; Auto size: 0
    132            macRadioStopScan();
   \   000004                ; Setup parameters for call to function macRadioStopScan
   \   000004   12....       LCALL   ??macRadioStopScan?relay
    133            macRadioEnergyDetectStop();
   \   000007                ; Setup parameters for call to function macRadioEnergyDetectStop
   \   000007   12....       LCALL   ??macRadioEnergyDetectStop?relay
    134          }
   \   00000A   80..         SJMP    ??Subroutine4_0
    135          
    136          
    137          /**************************************************************************************************
    138           * @fn          macRadioRandomByte
    139           *
    140           * @brief       Return a random byte derived from previously set random seed.
    141           *
    142           * @param       none
    143           *
    144           * @return      a random byte
    145           **************************************************************************************************
    146           */

   \                                 In  segment BANKED_CODE, align 1, keep-with-next
    147          MAC_INTERNAL_API uint8 macRadioRandomByte(void)
   \                     macRadioRandomByte:
    148          {
   \   000000   C082         PUSH    DPL
   \   000002   C083         PUSH    DPH
   \   000004                ; Saved register size: 2
   \   000004                ; Auto size: 0
    149            return(MAC_RADIO_RANDOM_BYTE());
   \   000004                ; Setup parameters for call to function macMcuRandomByte
   \   000004   12....       LCALL   ??macMcuRandomByte?relay
   \   000007   80..         SJMP    ??Subroutine4_0
    150          }
    151          
    152          
    153          /**************************************************************************************************
    154           * @fn          macRadioSetPanCoordinator
    155           *
    156           * @brief       Configure the pan coordinator status of the radio
    157           *
    158           * @param       panCoordFlag - non-zero to configure radio to be pan coordinator
    159           *                             zero to configure radio as NON pan coordinator
    160           *
    161           * @return      none
    162           **************************************************************************************************
    163           */

   \                                 In  segment BANKED_CODE, align 1, keep-with-next
    164          MAC_INTERNAL_API void macRadioSetPanCoordinator(uint8 panCoordFlag)
   \                     macRadioSetPanCoordinator:
    165          {
   \   000000   C082         PUSH    DPL
   \   000002   C083         PUSH    DPH
   \   000004                ; Saved register size: 2
   \   000004                ; Auto size: 0
    166            /* abstracted radio configuration */
    167            MAC_RADIO_SET_PAN_COORDINATOR(panCoordFlag);
   \   000004   906180       MOV     DPTR,#0x6180
   \   000007   E0           MOVX    A,@DPTR
   \   000008   FA           MOV     R2,A
   \   000009   E9           MOV     A,R1
   \   00000A   6004         JZ      ??macRadioSetPanCoordinator_0
   \   00000C   D2F0         SETB    B.0
   \   00000E   8002         SJMP    ??macRadioSetPanCoordinator_1
   \                     ??macRadioSetPanCoordinator_0:
   \   000010   C2F0         CLR     B.0
   \                     ??macRadioSetPanCoordinator_1:
   \   000012   A2F0         MOV     C,B.0
   \   000014   E4           CLR     A
   \   000015   92E0         MOV     0xE0 /* A   */.0,C
   \   000017   C3           CLR     C
   \   000018   33           RLC     A
   \   000019   C0E0         PUSH    A
   \   00001B   74FD         MOV     A,#-0x3
   \   00001D   5A           ANL     A,R2
   \   00001E   FA           MOV     R2,A
   \   00001F   D0E0         POP     A
   \   000021   4A           ORL     A,R2
   \   000022   80..         SJMP    ??Subroutine3_0
    168          }
    169          
    170          
    171          /**************************************************************************************************
    172           * @fn          macRadioSetPanID
    173           *
    174           * @brief       Set the pan ID on the radio.
    175           *
    176           * @param       panID - 16 bit PAN identifier
    177           *
    178           * @return      none
    179           **************************************************************************************************
    180           */

   \                                 In  segment BANKED_CODE, align 1, keep-with-next
    181          void macRadioSetPanID(uint16 panID)
   \                     macRadioSetPanID:
    182          {
   \   000000   C082         PUSH    DPL
   \   000002   C083         PUSH    DPH
   \   000004                ; Saved register size: 2
   \   000004                ; Auto size: 0
    183            /* abstracted radio configuration */
    184            MAC_RADIO_SET_PAN_ID(panID);
   \   000004   EA           MOV     A,R2
   \   000005   906172       MOV     DPTR,#0x6172
   \   000008   F0           MOVX    @DPTR,A
   \   000009   EB           MOV     A,R3
   \   00000A   80..         SJMP    ?Subroutine0
    185          }

   \                                 In  segment BANKED_CODE, align 1, keep-with-next
   \                     ?Subroutine0:
   \   000000   906173       MOV     DPTR,#0x6173
   \   000003                REQUIRE ??Subroutine3_0
   \   000003                ; // Fall through to label ??Subroutine3_0
    186          
    187          
    188          /**************************************************************************************************
    189           * @fn          macRadioSetShortAddr
    190           *
    191           * @brief       Set the short addrss on the radio.
    192           *
    193           * @param       shortAddr - 16 bit short address
    194           *
    195           * @return      none
    196           **************************************************************************************************
    197           */

   \                                 In  segment BANKED_CODE, align 1, keep-with-next
    198          MAC_INTERNAL_API void macRadioSetShortAddr(uint16 shortAddr)
   \                     macRadioSetShortAddr:
    199          {
   \   000000   C082         PUSH    DPL
   \   000002   C083         PUSH    DPH
   \   000004                ; Saved register size: 2
   \   000004                ; Auto size: 0
    200            /* abstracted radio configuration */
    201            MAC_RADIO_SET_SHORT_ADDR(shortAddr);
   \   000004   EA           MOV     A,R2
   \   000005   906174       MOV     DPTR,#0x6174
   \   000008   F0           MOVX    @DPTR,A
   \   000009   EB           MOV     A,R3
   \   00000A   906175       MOV     DPTR,#0x6175
   \   00000D   80..         SJMP    ??Subroutine3_0
    202          }
    203          
    204          
    205          /**************************************************************************************************
    206           * @fn          macRadioSetIEEEAddr
    207           *
    208           * @brief       Set the IEEE address on the radio.
    209           *
    210           * @param       pIEEEAddr - pointer to array holding 64 bit IEEE address; array must be little
    211           *                          endian format (starts with lowest signficant byte)
    212           *
    213           * @return      none
    214           **************************************************************************************************
    215           */

   \                                 In  segment BANKED_CODE, align 1, keep-with-next
    216          MAC_INTERNAL_API void macRadioSetIEEEAddr(uint8 * pIEEEAddr)
   \                     macRadioSetIEEEAddr:
    217          {
   \   000000   C082         PUSH    DPL
   \   000002   C083         PUSH    DPH
   \   000004                ; Saved register size: 2
   \   000004                ; Auto size: 0
   \   000004   EA           MOV     A,R2
   \   000005   FC           MOV     R4,A
   \   000006   EB           MOV     A,R3
   \   000007   FD           MOV     R5,A
    218            /* abstracted radio configuration */
    219            MAC_RADIO_SET_IEEE_ADDR(pIEEEAddr);
   \   000008                ; Setup parameters for call to function macMemWriteRam
   \   000008   7908         MOV     R1,#0x8
   \   00000A   7A6A         MOV     R2,#0x6a
   \   00000C   7B61         MOV     R3,#0x61
   \   00000E   12....       LCALL   ??macMemWriteRam?relay
    220          }
   \   000011   80..         SJMP    ??Subroutine4_0
    221          
    222          
    223          /**************************************************************************************************
    224           * @fn          macRadioSetTxPower
    225           *
    226           * @brief       Set transmitter power of the radio.
    227           *
    228           * @param       txPower - the minus dBm for power but as a postive integer (or if configured
    229           *                        for it, txPower is the raw register value). If PA/LNA is installed
    230           *                        then txPower becomes positive dBm.
    231           *
    232           * @return      none
    233           **************************************************************************************************
    234           */
    235          #ifndef HAL_MAC_USE_REGISTER_POWER_VALUES
    236          /* - - - - - - - - - - - - - - - - - - - - - - - - - - - - - - - - - - - - - - - - - */
    237          

   \                                 In  segment BANKED_CODE, align 1, keep-with-next
    238          MAC_INTERNAL_API void macRadioSetTxPower(uint8 txPower)
   \                     macRadioSetTxPower:
    239          {
   \   000000   C082         PUSH    DPL
   \   000002   C083         PUSH    DPH
   \   000004                ; Saved register size: 2
   \   000004                ; Auto size: 0
    240            halIntState_t  s;
    241          #if defined MAC_RUNTIME_CC2591 || defined MAC_RUNTIME_CC2590
    242            const uint8 CODE *pTable = macRadioDefsTxPwrTables[macRadioDefsRefTableId >> 4];
    243          #elif defined HAL_PA_LNA || defined HAL_PA_LNA_CC2590
    244            const uint8 CODE *pTable = macRadioDefsTxPwrTables[0];
    245          #else
    246            const uint8 CODE *pTable = macRadioDefsTxPwrBare;
    247          #endif
    248          
    249            /* if the selected dBm is out of range, use the closest available */
    250            if ((int8)txPower > (int8)pTable[MAC_RADIO_DEFS_TBL_TXPWR_FIRST_ENTRY])
   \   000004   90....       MOV     DPTR,#macRadioDefsTxPwrBare
   \   000007   E4           CLR     A
   \   000008   93           MOVC    A,@A+DPTR
   \   000009   C3           CLR     C
   \   00000A   99           SUBB    A,R1
   \   00000B   A2D2         MOV     C,0xD0 /* PSW */.2
   \   00000D   65D0         XRL     A,PSW
   \   00000F   33           RLC     A
   \   000010   5004         JNC     ??macRadioSetTxPower_0
    251            {
    252              /* greater than base value -- out of table range */
    253              txPower = pTable[MAC_RADIO_DEFS_TBL_TXPWR_FIRST_ENTRY];
   \   000012   E4           CLR     A
   \   000013   93           MOVC    A,@A+DPTR
   \   000014   8011         SJMP    ??macRadioSetTxPower_1
    254            }
    255            else if ((int8)txPower < (int8)pTable[MAC_RADIO_DEFS_TBL_TXPWR_LAST_ENTRY])
   \                     ??macRadioSetTxPower_0:
   \   000016   90....       MOV     DPTR,#(macRadioDefsTxPwrBare + 1)
   \   000019   E4           CLR     A
   \   00001A   93           MOVC    A,@A+DPTR
   \   00001B   FA           MOV     R2,A
   \   00001C   E9           MOV     A,R1
   \   00001D   C3           CLR     C
   \   00001E   9A           SUBB    A,R2
   \   00001F   A2D2         MOV     C,0xD0 /* PSW */.2
   \   000021   65D0         XRL     A,PSW
   \   000023   33           RLC     A
   \   000024   5002         JNC     ??macRadioSetTxPower_2
    256            {
    257              /* smaller than the lowest power level -- out of table range */
    258              txPower = pTable[MAC_RADIO_DEFS_TBL_TXPWR_LAST_ENTRY];
   \   000026   EA           MOV     A,R2
   \                     ??macRadioSetTxPower_1:
   \   000027   F9           MOV     R1,A
    259            }
    260          
    261            /*
    262             *  Set the global variable reqTxPower.  This variable is referenced
    263             *  by the function macRadioUpdateTxPower() to write the radio register.
    264             *
    265             *  A lookup table is used to translate the power level to the register
    266             *  value.
    267             */
    268            HAL_ENTER_CRITICAL_SECTION(s);
   \                     ??macRadioSetTxPower_2:
   \   000028   A2AF         MOV     C,0xa8.7
   \   00002A   E4           CLR     A
   \   00002B   92E0         MOV     0xE0 /* A   */.0,C
   \   00002D   FA           MOV     R2,A
   \   00002E   C2AF         CLR     0xa8.7
    269            /* When calculating index to the power register value table,
    270             * either txPower (of uint8 type) has to be explicitly type-casted to int8
    271             * or the subtraction expression has to be type-casted to uint8 to work
    272             * with the integral promotions.
    273             * The latter is more code size efficient and hence the latter is used.
    274             */
    275            {
    276              uint8 index = pTable[MAC_RADIO_DEFS_TBL_TXPWR_FIRST_ENTRY] - txPower
    277                + MAC_RADIO_DEFS_TBL_TXPWR_ENTRIES;
    278              reqTxPower = pTable[index];
   \   000030   90....       MOV     DPTR,#macRadioDefsTxPwrBare
   \   000033   E4           CLR     A
   \   000034   93           MOVC    A,@A+DPTR
   \   000035   C3           CLR     C
   \   000036   99           SUBB    A,R1
   \   000037   2402         ADD     A,#0x2
   \   000039   24..         ADD     A,#(macRadioDefsTxPwrBare & 0xff)
   \   00003B   F582         MOV     DPL,A
   \   00003D   E4           CLR     A
   \   00003E   34..         ADDC    A,#((macRadioDefsTxPwrBare >> 8) & 0xff)
   \   000040   F583         MOV     DPH,A
   \   000042   E4           CLR     A
   \   000043   93           MOVC    A,@A+DPTR
   \   000044   90....       MOV     DPTR,#reqTxPower
   \   000047   F0           MOVX    @DPTR,A
    279            }
    280            HAL_EXIT_CRITICAL_SECTION(s);
   \   000048   EA           MOV     A,R2
   \   000049   A2E0         MOV     C,0xE0 /* A   */.0
   \   00004B   92AF         MOV     0xa8.7,C
    281          
    282            /* update the radio power setting */
    283            macRadioUpdateTxPower();
   \   00004D                ; Setup parameters for call to function macRadioUpdateTxPower
   \   00004D   12....       LCALL   ??macRadioUpdateTxPower?relay
    284          }
   \   000050   80..         SJMP    ??Subroutine4_0
   \   000052                REQUIRE _A_IEN0
    285          
    286          #else
    287          /* - - - - - - - - - - - - - - - - - - - - - - - - - - - - - - - - - - - - - - - - - */
    288          
    289          MAC_INTERNAL_API void macRadioSetTxPower(uint8 txPower)
    290          {
    291            halIntState_t  s;
    292          
    293            /* same as above but with no lookup table, use raw register value */
    294            HAL_ENTER_CRITICAL_SECTION(s);
    295            reqTxPower = txPower;
    296            HAL_EXIT_CRITICAL_SECTION(s);
    297          
    298            /* update the radio power setting */
    299            macRadioUpdateTxPower();
    300          }
    301          
    302          #endif
    303          
    304          
    305          /**************************************************************************************************
    306           * @fn          macRadioUpdateTxPower
    307           *
    308           * @brief       Update the radio's transmit power if a new power level has been requested
    309           *
    310           * @param       reqTxPower - file scope variable that holds the last request power level
    311           *              macPhyTxPower - global variable that holds radio's set power level
    312           *
    313           * @return      none
    314           **************************************************************************************************
    315           */

   \                                 In  segment BANKED_CODE, align 1, keep-with-next
    316          MAC_INTERNAL_API void macRadioUpdateTxPower(void)
   \                     macRadioUpdateTxPower:
    317          {
   \   000000   C082         PUSH    DPL
   \   000002   C083         PUSH    DPH
   \   000004                ; Saved register size: 2
   \   000004                ; Auto size: 0
    318            halIntState_t  s;
    319          
    320            /*
    321             *  If the requested power setting is different from the actual radio setting,
    322             *  attempt to udpate to the new power setting.
    323             */
    324            HAL_ENTER_CRITICAL_SECTION(s);
   \   000004   A2AF         MOV     C,0xa8.7
   \   000006   E4           CLR     A
   \   000007   92E0         MOV     0xE0 /* A   */.0,C
   \   000009   FB           MOV     R3,A
   \   00000A   C2AF         CLR     0xa8.7
    325            if (reqTxPower != macPhyTxPower)
   \   00000C   90....       MOV     DPTR,#reqTxPower
   \   00000F   E0           MOVX    A,@DPTR
   \   000010   FA           MOV     R2,A
   \   000011   90....       MOV     DPTR,#macPhyTxPower
   \   000014   E0           MOVX    A,@DPTR
   \   000015   6A           XRL     A,R2
   \   000016   601A         JZ      ??macRadioUpdateTxPower_0
    326            {
    327              /*
    328               *  Radio power cannot be updated when the radio is physically transmitting.
    329               *  If there is a possibility radio is transmitting, do not change the power
    330               *  setting.  This function will be called again after the current transmit
    331               *  completes.
    332               */
    333              if (!macRxOutgoingAckFlag && !MAC_TX_IS_PHYSICALLY_ACTIVE())
   \   000018   90....       MOV     DPTR,#macRxOutgoingAckFlag
   \   00001B   E0           MOVX    A,@DPTR
   \   00001C   7014         JNZ     ??macRadioUpdateTxPower_0
   \   00001E   90....       MOV     DPTR,#macTxActive
   \   000021   E0           MOVX    A,@DPTR
   \   000022   A2E7         MOV     C,0xE0 /* A   */.7
   \   000024   400C         JC      ??macRadioUpdateTxPower_0
    334              {
    335                /*
    336                 *  Set new power level;  update the shadow value and write
    337                 *  the new value to the radio hardware.
    338                 */
    339                macPhyTxPower = reqTxPower;
   \   000026   90....       MOV     DPTR,#reqTxPower
   \   000029   E0           MOVX    A,@DPTR
   \   00002A   90....       MOV     DPTR,#macPhyTxPower
   \   00002D   F0           MOVX    @DPTR,A
    340                MAC_RADIO_SET_TX_POWER(macPhyTxPower);
   \   00002E   906190       MOV     DPTR,#0x6190
   \   000031   F0           MOVX    @DPTR,A
    341              }
    342            }
    343            HAL_EXIT_CRITICAL_SECTION(s);
   \                     ??macRadioUpdateTxPower_0:
   \   000032   EB           MOV     A,R3
   \   000033   A2E0         MOV     C,0xE0 /* A   */.0
   \   000035   92AF         MOV     0xa8.7,C
    344          }
   \   000037   02....       LJMP    ??Subroutine4_0 & 0xFFFF
   \   00003A                REQUIRE _A_IEN0
    345          
    346          
    347          /**************************************************************************************************
    348           * @fn          macRadioSetChannel
    349           *
    350           * @brief       Set radio channel.
    351           *
    352           * @param       channel - channel number, valid range is 11 through 26
    353           *
    354           * @return      none
    355           **************************************************************************************************
    356           */

   \                                 In  segment BANKED_CODE, align 1, keep-with-next
    357          MAC_INTERNAL_API void macRadioSetChannel(uint8 channel)
   \                     macRadioSetChannel:
    358          {
   \   000000   74F7         MOV     A,#-0x9
   \   000002   12....       LCALL   ?BANKED_ENTER_XDATA
   \   000005                ; Saved register size: 9
   \   000005                ; Auto size: 0
   \   000005   E9           MOV     A,R1
   \   000006   FE           MOV     R6,A
    359            halIntState_t  s;
    360          
    361            MAC_ASSERT((channel >= 11) && (channel <= 28));  /* illegal channel */
   \   000007   C3           CLR     C
   \   000008   940B         SUBB    A,#0xb
   \   00000A   4006         JC      ??macRadioSetChannel_0
   \   00000C   EE           MOV     A,R6
   \   00000D   C3           CLR     C
   \   00000E   941D         SUBB    A,#0x1d
   \   000010   4003         JC      ??macRadioSetChannel_1
   \                     ??macRadioSetChannel_0:
   \   000012                ; Setup parameters for call to function halAssertHandler
   \   000012   12....       LCALL   ??halAssertHandler?relay
    362          
    363            /* critical section to make sure transmit does not start while updating channel */
    364            HAL_ENTER_CRITICAL_SECTION(s);
   \                     ??macRadioSetChannel_1:
   \   000015   A2AF         MOV     C,0xa8.7
   \   000017   E4           CLR     A
   \   000018   92E0         MOV     0xE0 /* A   */.0,C
   \   00001A   FF           MOV     R7,A
   \   00001B   C2AF         CLR     0xa8.7
    365          
    366            /* set requested channel */
    367            reqChannel = channel;
   \   00001D   EE           MOV     A,R6
   \   00001E   90....       MOV     DPTR,#reqChannel
   \   000021   F0           MOVX    @DPTR,A
    368          
    369            /*
    370             *  If transmit is not active, update the radio hardware immediately.  If transmit is active,
    371             *  the channel will be updated at the end of the current transmit.
    372             */
    373            if (!macTxActive)
   \   000022   90....       MOV     DPTR,#macTxActive
   \   000025   E0           MOVX    A,@DPTR
   \   000026   7003         JNZ     ??macRadioSetChannel_2
    374            {
    375              macRadioUpdateChannel();
   \   000028                ; Setup parameters for call to function macRadioUpdateChannel
   \   000028   12....       LCALL   ??macRadioUpdateChannel?relay
    376            }
    377          
    378            HAL_EXIT_CRITICAL_SECTION(s);
   \                     ??macRadioSetChannel_2:
   \   00002B   EF           MOV     A,R7
   \   00002C   A2E0         MOV     C,0xE0 /* A   */.0
   \   00002E   92AF         MOV     0xa8.7,C
    379          }
   \   000030                REQUIRE ?Subroutine1
   \   000030                REQUIRE _A_IEN0
   \   000030                ; // Fall through to label ?Subroutine1

   \                                 In  segment BANKED_CODE, align 1, keep-with-next
   \                     ?Subroutine1:
   \   000000   7F01         MOV     R7,#0x1
   \   000002   02....       LJMP    ?BANKED_LEAVE_XDATA
    380          
    381          
    382          /**************************************************************************************************
    383           * @fn          macRadioUpdateChannel
    384           *
    385           * @brief       Update the radio channel if a new channel has been requested.
    386           *
    387           * @param       none
    388           *
    389           * @return      none
    390           **************************************************************************************************
    391           */

   \                                 In  segment BANKED_CODE, align 1, keep-with-next
    392          MAC_INTERNAL_API void macRadioUpdateChannel(void)
   \                     macRadioUpdateChannel:
    393          {
   \   000000   C082         PUSH    DPL
   \   000002   C083         PUSH    DPH
   \   000004                ; Saved register size: 2
   \   000004                ; Auto size: 0
    394            halIntState_t  s;
    395          
    396            MAC_ASSERT(!macTxActive); /* cannot change channel during a transmit */
   \   000004   90....       MOV     DPTR,#macTxActive
   \   000007   E0           MOVX    A,@DPTR
   \   000008   6003         JZ      ??macRadioUpdateChannel_0
   \   00000A                ; Setup parameters for call to function halAssertHandler
   \   00000A   12....       LCALL   ??halAssertHandler?relay
    397          
    398            /* if the channel has changed, set the radio to the new channel */
    399            HAL_ENTER_CRITICAL_SECTION(s);
   \                     ??macRadioUpdateChannel_0:
   \   00000D   A2AF         MOV     C,0xa8.7
   \   00000F   E4           CLR     A
   \   000010   92E0         MOV     0xE0 /* A   */.0,C
   \   000012   FB           MOV     R3,A
   \   000013   C2AF         CLR     0xa8.7
    400            if (reqChannel != macPhyChannel)
   \   000015   90....       MOV     DPTR,#reqChannel
   \   000018   E0           MOVX    A,@DPTR
   \   000019   FA           MOV     R2,A
   \   00001A   90....       MOV     DPTR,#macPhyChannel
   \   00001D   E0           MOVX    A,@DPTR
   \   00001E   6A           XRL     A,R2
   \   00001F   6026         JZ      ??macRadioUpdateChannel_1
    401            {
    402              macPhyChannel = reqChannel;
   \   000021   90....       MOV     DPTR,#reqChannel
   \   000024   E0           MOVX    A,@DPTR
   \   000025   90....       MOV     DPTR,#macPhyChannel
   \   000028   F0           MOVX    @DPTR,A
    403              HAL_EXIT_CRITICAL_SECTION(s);
   \   000029   EB           MOV     A,R3
   \   00002A   A2E0         MOV     C,0xE0 /* A   */.0
   \   00002C   92AF         MOV     0xa8.7,C
    404          
    405              /* changing the channel stops any receive in progress */
    406              macRxOff();
   \   00002E                ; Setup parameters for call to function macRxOff
   \   00002E   12....       LCALL   ??macRxOff?relay
    407              MAC_RADIO_SET_CHANNEL(macPhyChannel);
   \   000031   75F005       MOV     B,#0x5
   \   000034   90....       MOV     DPTR,#macPhyChannel
   \   000037   E0           MOVX    A,@DPTR
   \   000038   A4           MUL     AB
   \   000039   24D4         ADD     A,#-0x2c
   \   00003B   90618F       MOV     DPTR,#0x618f
   \   00003E   F0           MOVX    @DPTR,A
    408          
    409              /* If the channel is updated in the middle of receiving a frame, we must
    410               * clean up the Rx logic.
    411               */
    412              macRxHaltCleanup();
   \   00003F                ; Setup parameters for call to function macRxHaltCleanup
   \   00003F   12....       LCALL   ??macRxHaltCleanup?relay
    413          
    414              macRxOnRequest();
   \   000042                ; Setup parameters for call to function macRxOnRequest
   \   000042   12....       LCALL   ??macRxOnRequest?relay
   \   000045   8005         SJMP    ??macRadioUpdateChannel_2
    415            }
    416            else
    417            {
    418              HAL_EXIT_CRITICAL_SECTION(s);
   \                     ??macRadioUpdateChannel_1:
   \   000047   EB           MOV     A,R3
   \   000048   A2E0         MOV     C,0xE0 /* A   */.0
   \   00004A   92AF         MOV     0xa8.7,C
    419            }
    420          }
   \                     ??macRadioUpdateChannel_2:
   \   00004C   02....       LJMP    ??Subroutine4_0 & 0xFFFF
   \   00004F                REQUIRE _A_IEN0
    421          
    422          
    423          /**************************************************************************************************
    424           * @fn          macRadioStartScan
    425           *
    426           * @brief       Puts radio into selected scan mode.
    427           *
    428           * @param       scanMode - scan mode, see #defines in .h file
    429           *
    430           * @return      none
    431           **************************************************************************************************
    432           */

   \                                 In  segment BANKED_CODE, align 1, keep-with-next
    433          MAC_INTERNAL_API void macRadioStartScan(uint8 scanMode)
   \                     macRadioStartScan:
    434          {
   \   000000   74F7         MOV     A,#-0x9
   \   000002   12....       LCALL   ?BANKED_ENTER_XDATA
   \   000005                ; Saved register size: 9
   \   000005                ; Auto size: 0
   \   000005   E9           MOV     A,R1
   \   000006   FE           MOV     R6,A
    435            MAC_ASSERT(macSleepState == MAC_SLEEP_STATE_AWAKE); /* radio must be awake */
   \   000007   90....       MOV     DPTR,#macSleepState
   \   00000A   E0           MOVX    A,@DPTR
   \   00000B   6003         JZ      ??macRadioStartScan_0
   \   00000D                ; Setup parameters for call to function halAssertHandler
   \   00000D   12....       LCALL   ??halAssertHandler?relay
    436            MAC_ASSERT(macRxFilter == RX_FILTER_OFF); /* all filtering must be off to start scan */
   \                     ??macRadioStartScan_0:
   \   000010   90....       MOV     DPTR,#macRxFilter
   \   000013   E0           MOVX    A,@DPTR
   \   000014   6003         JZ      ??macRadioStartScan_1
   \   000016                ; Setup parameters for call to function halAssertHandler
   \   000016   12....       LCALL   ??halAssertHandler?relay
    437          
    438            /* set the receive filter based on the selected scan mode */
    439            if (scanMode == MAC_SCAN_ED)
   \                     ??macRadioStartScan_1:
   \   000019   EE           MOV     A,R6
   \   00001A   7007         JNZ     ??macRadioStartScan_2
    440            {
    441              macRxFilter = RX_FILTER_ALL;
   \   00001C   7401         MOV     A,#0x1
   \                     ??macRadioStartScan_3:
   \   00001E   90....       MOV     DPTR,#macRxFilter
   \   000021   8025         SJMP    ??macRadioStartScan_4
    442            }
    443            else if (scanMode == MAC_SCAN_ORPHAN)
   \                     ??macRadioStartScan_2:
   \   000023   7403         MOV     A,#0x3
   \   000025   6E           XRL     A,R6
   \   000026   7004         JNZ     ??macRadioStartScan_5
    444            {
    445              macRxFilter = RX_FILTER_NON_COMMAND_FRAMES;
   \   000028   7403         MOV     A,#0x3
   \   00002A   80F2         SJMP    ??macRadioStartScan_3
    446            }
    447            else
    448            {
    449              MAC_ASSERT((scanMode == MAC_SCAN_ACTIVE) || (scanMode == MAC_SCAN_PASSIVE)); /* invalid scan type */
   \                     ??macRadioStartScan_5:
   \   00002C   7401         MOV     A,#0x1
   \   00002E   6E           XRL     A,R6
   \   00002F   6008         JZ      ??macRadioStartScan_6
   \   000031   7402         MOV     A,#0x2
   \   000033   6E           XRL     A,R6
   \   000034   6003         JZ      ??macRadioStartScan_6
   \   000036                ; Setup parameters for call to function halAssertHandler
   \   000036   12....       LCALL   ??halAssertHandler?relay
    450              macRxFilter = RX_FILTER_NON_BEACON_FRAMES;
   \                     ??macRadioStartScan_6:
   \   000039   7402         MOV     A,#0x2
   \   00003B   90....       MOV     DPTR,#macRxFilter
   \   00003E   F0           MOVX    @DPTR,A
    451          
    452              /* for active and passive scans, per spec the pan ID must be 0xFFFF */
    453              MAC_RADIO_SET_PAN_ID(0xFFFF);
   \   00003F   74FF         MOV     A,#-0x1
   \   000041   906172       MOV     DPTR,#0x6172
   \   000044   F0           MOVX    @DPTR,A
   \   000045   906173       MOV     DPTR,#0x6173
   \                     ??macRadioStartScan_4:
   \   000048   F0           MOVX    @DPTR,A
    454            }
    455          }
   \   000049   02....       LJMP    ?Subroutine1 & 0xFFFF
    456          
    457          
    458          /**************************************************************************************************
    459           * @fn          macRadioStopScan
    460           *
    461           * @brief       Takes radio out of scan mode.  Note can be called if
    462           *
    463           * @param       none
    464           *
    465           * @return      none
    466           **************************************************************************************************
    467           */

   \                                 In  segment BANKED_CODE, align 1, keep-with-next
    468          MAC_INTERNAL_API void macRadioStopScan(void)
   \                     macRadioStopScan:
    469          {
   \   000000   C082         PUSH    DPL
   \   000002   C083         PUSH    DPH
   \   000004                ; Saved register size: 2
   \   000004                ; Auto size: 0
    470            macRxFilter = RX_FILTER_OFF;
   \   000004   E4           CLR     A
   \   000005   90....       MOV     DPTR,#macRxFilter
   \   000008   F0           MOVX    @DPTR,A
    471          
    472            /* restore the pan ID (passive and active scans set pan ID to 0xFFFF) */
    473            MAC_RADIO_SET_PAN_ID(macPib.panId);
   \   000009   90....       MOV     DPTR,#(macPib + 29)
   \   00000C   E0           MOVX    A,@DPTR
   \   00000D   906172       MOV     DPTR,#0x6172
   \   000010   F0           MOVX    @DPTR,A
   \   000011   90....       MOV     DPTR,#(macPib + 30)
   \   000014   E0           MOVX    A,@DPTR
   \   000015   02....       LJMP    ?Subroutine0 & 0xFFFF
    474          }
    475          
    476          
    477          /**************************************************************************************************
    478           * @fn          macRadioEnergyDetectStart
    479           *
    480           * @brief       Initiates energy detect.  The highest energy detected is recorded from the time
    481           *              when this function is called until the energy detect is stopped.
    482           *
    483           * @param       none
    484           *
    485           * @return      none
    486           **************************************************************************************************
    487           */

   \                                 In  segment BANKED_CODE, align 1, keep-with-next
    488          void macRadioEnergyDetectStart(void)
   \                     macRadioEnergyDetectStart:
    489          {
   \   000000   C082         PUSH    DPL
   \   000002   C083         PUSH    DPH
   \   000004                ; Saved register size: 2
   \   000004                ; Auto size: 0
    490            MAC_RADIO_RECORD_MAX_RSSI_START();
   \   000004                ; Setup parameters for call to function macMcuRecordMaxRssiStart
   \   000004   12....       LCALL   ??macMcuRecordMaxRssiStart?relay
    491          }
   \   000007   02....       LJMP    ??Subroutine4_0 & 0xFFFF
    492          
    493          
    494          /**************************************************************************************************
    495           * @fn          macRadioEnergyDetectStop
    496           *
    497           * @brief       Called at completion of an energy detect.  Note: can be called even if energy
    498           *              detect is already stopped (needed by reset).
    499           *
    500           * @param       none
    501           *
    502           * @return      highest energy detect measurement
    503           **************************************************************************************************
    504           */

   \                                 In  segment BANKED_CODE, align 1, keep-with-next
    505          uint8 macRadioEnergyDetectStop(void)
   \                     macRadioEnergyDetectStop:
    506          {
   \   000000   C082         PUSH    DPL
   \   000002   C083         PUSH    DPH
   \   000004                ; Saved register size: 2
   \   000004                ; Auto size: 0
    507            uint8 rssiDbm;
    508            uint8 energyDetectMeasurement;
    509          
    510            rssiDbm = MAC_RADIO_RECORD_MAX_RSSI_STOP() + MAC_RADIO_RSSI_OFFSET;
   \   000004                ; Setup parameters for call to function macMcuRecordMaxRssiStop
   \   000004   12....       LCALL   ??macMcuRecordMaxRssiStop?relay
   \   000007   E9           MOV     A,R1
   \   000008   24B7         ADD     A,#-0x49
   \   00000A   F9           MOV     R1,A
    511            MAC_RADIO_RSSI_LNA_OFFSET(rssiDbm);
    512            energyDetectMeasurement = radioComputeED(rssiDbm);
    513          
    514            return(energyDetectMeasurement);
   \   00000B                ; Setup parameters for call to function radioComputeED
   \   00000B                REQUIRE ?Subroutine2
   \   00000B                ; // Fall through to label ?Subroutine2
    515          }

   \                                 In  segment BANKED_CODE, align 1, keep-with-next
   \                     ?Subroutine2:
   \   000000   12....       LCALL   ??radioComputeED?relay
   \   000003   02....       LJMP    ??Subroutine4_0 & 0xFFFF
    516          
    517          /*=================================================================================================
    518           * @fn          radioComputeED
    519           *
    520           * @brief       Compute energy detect measurement.
    521           *
    522           * @param       rssi - raw RSSI value from radio hardware
    523           *
    524           * @return      energy detect measurement in the range of 0x00-0xFF
    525           *=================================================================================================
    526           */

   \                                 In  segment BANKED_CODE, align 1, keep-with-next
    527          static uint8 radioComputeED(int8 rssiDbm)
   \                     radioComputeED:
    528          {
   \   000000                ; Saved register size: 0
   \   000000                ; Auto size: 0
    529            uint8 ed;
    530          
    531            /*
    532             *  Keep RF power between minimum and maximum values.
    533             *  This min/max range is derived from datasheet and specification.
    534             */
    535            if (rssiDbm < ED_RF_POWER_MIN_DBM)
   \   000000   E9           MOV     A,R1
   \   000001   C3           CLR     C
   \   000002   94AF         SUBB    A,#-0x51
   \   000004   A2D2         MOV     C,0xD0 /* PSW */.2
   \   000006   65D0         XRL     A,PSW
   \   000008   33           RLC     A
   \   000009   5004         JNC     ??radioComputeED_0
    536            {
    537              rssiDbm = ED_RF_POWER_MIN_DBM;
   \   00000B   79AF         MOV     R1,#-0x51
   \   00000D   800D         SJMP    ??radioComputeED_1
    538            }
    539            else if (rssiDbm > ED_RF_POWER_MAX_DBM)
   \                     ??radioComputeED_0:
   \   00000F   E9           MOV     A,R1
   \   000010   C3           CLR     C
   \   000011   940B         SUBB    A,#0xb
   \   000013   A2D2         MOV     C,0xD0 /* PSW */.2
   \   000015   65D0         XRL     A,PSW
   \   000017   33           RLC     A
   \   000018   4002         JC      ??radioComputeED_1
    540            {
    541              rssiDbm = ED_RF_POWER_MAX_DBM;
   \   00001A   790A         MOV     R1,#0xa
    542            }
    543          
    544            /*
    545             *  Create energy detect measurement by normalizing and scaling RF power level.
    546             *
    547             *  Note : The division operation below is designed for maximum accuracy and
    548             *         best granularity.  This is done by grouping the math operations to
    549             *         compute the entire numerator before doing any division.
    550             */
    551            ed = (MAC_SPEC_ED_MAX * (rssiDbm - ED_RF_POWER_MIN_DBM)) / (ED_RF_POWER_MAX_DBM - ED_RF_POWER_MIN_DBM);
    552          
    553            return(ed);
   \                     ??radioComputeED_1:
   \   00001C   E9           MOV     A,R1
   \   00001D   F8           MOV     R0,A
   \   00001E   33           RLC     A
   \   00001F   95E0         SUBB    A,0xE0 /* A   */
   \   000021   F9           MOV     R1,A
   \   000022   7451         MOV     A,#0x51
   \   000024   28           ADD     A,R0
   \   000025   F8           MOV     R0,A
   \   000026   E4           CLR     A
   \   000027   39           ADDC    A,R1
   \   000028   F9           MOV     R1,A
   \   000029   E8           MOV     A,R0
   \   00002A   75F0FF       MOV     B,#-0x1
   \   00002D   A4           MUL     AB
   \   00002E   F8           MOV     R0,A
   \   00002F   AAF0         MOV     R2,B
   \   000031   75F0FF       MOV     B,#-0x1
   \   000034   E9           MOV     A,R1
   \   000035   A4           MUL     AB
   \   000036   2A           ADD     A,R2
   \   000037   F9           MOV     R1,A
   \   000038   7A5B         MOV     R2,#0x5b
   \   00003A   7B00         MOV     R3,#0x0
   \   00003C   12....       LCALL   ?S_DIV_MOD
   \   00003F   E8           MOV     A,R0
   \   000040   F9           MOV     R1,A
   \   000041   02....       LJMP    ?BRET
    554          }
    555          
    556          
    557          /**************************************************************************************************
    558           * @fn          macRadioComputeLQI
    559           *
    560           * @brief       Compute link quality indication.
    561           *
    562           * @param       rssi - raw RSSI value from radio hardware
    563           *              corr - correlation value from radio hardware
    564           *
    565           * @return      link quality indicator value
    566           **************************************************************************************************
    567           */

   \                                 In  segment BANKED_CODE, align 1, keep-with-next
    568          MAC_INTERNAL_API uint8 macRadioComputeLQI(int8 rssiDbm, uint8 corr)
   \                     macRadioComputeLQI:
    569          {
   \   000000   C082         PUSH    DPL
   \   000002   C083         PUSH    DPH
   \   000004                ; Saved register size: 2
   \   000004                ; Auto size: 0
    570            (void) corr; /* suppress compiler warning of unused parameter */
    571          
    572            /*
    573             *  Note : Currently the LQI value is simply the energy detect measurement.
    574             *         A more accurate value could be derived by using the correlation
    575             *         value along with the RSSI value.
    576             */
    577            return(radioComputeED(rssiDbm));
   \   000004                ; Setup parameters for call to function radioComputeED
   \   000004   80..         SJMP    ?Subroutine2
    578          }

   \                                 In  segment BANK_RELAYS, align 1
   \                     ??macRadioInit?relay:
   \   000000   12....       LCALL   ?BDISPATCH
   \   000003   ......       DC24    macRadioInit

   \                                 In  segment BANK_RELAYS, align 1
   \                     ??macRadioReset?relay:
   \   000000   12....       LCALL   ?BDISPATCH
   \   000003   ......       DC24    macRadioReset

   \                                 In  segment BANK_RELAYS, align 1
   \                     ??macRadioRandomByte?relay:
   \   000000   12....       LCALL   ?BDISPATCH
   \   000003   ......       DC24    macRadioRandomByte

   \                                 In  segment BANK_RELAYS, align 1
   \                     ??macRadioSetPanCoordinator?relay:
   \   000000   12....       LCALL   ?BDISPATCH
   \   000003   ......       DC24    macRadioSetPanCoordinator

   \                                 In  segment BANK_RELAYS, align 1
   \                     ??macRadioSetPanID?relay:
   \   000000   12....       LCALL   ?BDISPATCH
   \   000003   ......       DC24    macRadioSetPanID

   \                                 In  segment BANK_RELAYS, align 1
   \                     ??macRadioSetShortAddr?relay:
   \   000000   12....       LCALL   ?BDISPATCH
   \   000003   ......       DC24    macRadioSetShortAddr

   \                                 In  segment BANK_RELAYS, align 1
   \                     ??macRadioSetIEEEAddr?relay:
   \   000000   12....       LCALL   ?BDISPATCH
   \   000003   ......       DC24    macRadioSetIEEEAddr

   \                                 In  segment BANK_RELAYS, align 1
   \                     ??macRadioSetTxPower?relay:
   \   000000   12....       LCALL   ?BDISPATCH
   \   000003   ......       DC24    macRadioSetTxPower

   \                                 In  segment BANK_RELAYS, align 1
   \                     ??macRadioUpdateTxPower?relay:
   \   000000   12....       LCALL   ?BDISPATCH
   \   000003   ......       DC24    macRadioUpdateTxPower

   \                                 In  segment BANK_RELAYS, align 1
   \                     ??macRadioSetChannel?relay:
   \   000000   12....       LCALL   ?BDISPATCH
   \   000003   ......       DC24    macRadioSetChannel

   \                                 In  segment BANK_RELAYS, align 1
   \                     ??macRadioUpdateChannel?relay:
   \   000000   12....       LCALL   ?BDISPATCH
   \   000003   ......       DC24    macRadioUpdateChannel

   \                                 In  segment BANK_RELAYS, align 1
   \                     ??macRadioStartScan?relay:
   \   000000   12....       LCALL   ?BDISPATCH
   \   000003   ......       DC24    macRadioStartScan

   \                                 In  segment BANK_RELAYS, align 1
   \                     ??macRadioStopScan?relay:
   \   000000   12....       LCALL   ?BDISPATCH
   \   000003   ......       DC24    macRadioStopScan

   \                                 In  segment BANK_RELAYS, align 1
   \                     ??macRadioEnergyDetectStart?relay:
   \   000000   12....       LCALL   ?BDISPATCH
   \   000003   ......       DC24    macRadioEnergyDetectStart

   \                                 In  segment BANK_RELAYS, align 1
   \                     ??macRadioEnergyDetectStop?relay:
   \   000000   12....       LCALL   ?BDISPATCH
   \   000003   ......       DC24    macRadioEnergyDetectStop

   \                                 In  segment BANK_RELAYS, align 1
   \                     ??radioComputeED?relay:
   \   000000   12....       LCALL   ?BDISPATCH
   \   000003   ......       DC24    radioComputeED

   \                                 In  segment BANK_RELAYS, align 1
   \                     ??macRadioComputeLQI?relay:
   \   000000   12....       LCALL   ?BDISPATCH
   \   000003   ......       DC24    macRadioComputeLQI
    579          
    580          
    581          /**************************************************************************************************
    582          */

   Maximum stack usage in bytes:

     Function                      ISTACK PSTACK XSTACK
     --------                      ------ ------ ------
     macRadioComputeLQI                2      0      0
       -> radioComputeED               4      0      0
     macRadioEnergyDetectStart         2      0      0
       -> macMcuRecordMaxRssiStart     4      0      0
     macRadioEnergyDetectStop          2      0      0
       -> macMcuRecordMaxRssiStop      4      0      0
       -> radioComputeED               4      0      0
     macRadioInit                      2      0      0
     macRadioRandomByte                2      0      0
       -> macMcuRandomByte             4      0      0
     macRadioReset                     2      0      0
       -> macRadioStopScan             4      0      0
       -> macRadioEnergyDetectStop     4      0      0
     macRadioSetChannel                0      0      9
       -> halAssertHandler             0      0     18
       -> macRadioUpdateChannel        0      0     18
     macRadioSetIEEEAddr               2      0      0
       -> macMemWriteRam               4      0      0
     macRadioSetPanCoordinator         3      0      0
     macRadioSetPanID                  2      0      0
     macRadioSetShortAddr              2      0      0
     macRadioSetTxPower                2      0      0
       -> macRadioUpdateTxPower        4      0      0
     macRadioStartScan                 0      0      9
       -> halAssertHandler             0      0     18
       -> halAssertHandler             0      0     18
       -> halAssertHandler             0      0     18
     macRadioStopScan                  2      0      0
     macRadioUpdateChannel             2      0      9
       -> halAssertHandler             4      0      0
       -> macRxOff                     4      0      0
       -> macRxHaltCleanup             4      0      0
       -> macRxOnRequest               4      0      0
     macRadioUpdateTxPower             2      0      0
     radioComputeED                    0      0      0


   Segment part sizes:

     Function/Label                    Bytes
     --------------                    -----
     _A_IEN0                              1
     macPhyTxPower                        1
     macPhyChannel                        1
     reqChannel                           1
     reqTxPower                           1
     macRadioInit                        25
     ??Subroutine3_0                      1
     ??Subroutine4_0                      7
     macRadioReset                       12
     macRadioRandomByte                   9
     macRadioSetPanCoordinator           36
     macRadioSetPanID                    12
     ?Subroutine0                         3
     macRadioSetShortAddr                15
     macRadioSetIEEEAddr                 19
     macRadioSetTxPower                  82
     macRadioUpdateTxPower               58
     macRadioSetChannel                  48
     ?Subroutine1                         5
     macRadioUpdateChannel               79
     macRadioStartScan                   76
     macRadioStopScan                    24
     macRadioEnergyDetectStart           10
     macRadioEnergyDetectStop            11
     ?Subroutine2                         6
     radioComputeED                      68
     macRadioComputeLQI                   6
     ??macRadioInit?relay                 6
     ??macRadioReset?relay                6
     ??macRadioRandomByte?relay           6
     ??macRadioSetPanCoordinator?relay    6
     ??macRadioSetPanID?relay             6
     ??macRadioSetShortAddr?relay         6
     ??macRadioSetIEEEAddr?relay          6
     ??macRadioSetTxPower?relay           6
     ??macRadioUpdateTxPower?relay        6
     ??macRadioSetChannel?relay           6
     ??macRadioUpdateChannel?relay        6
     ??macRadioStartScan?relay            6
     ??macRadioStopScan?relay             6
     ??macRadioEnergyDetectStart?relay    6
     ??macRadioEnergyDetectStop?relay     6
     ??radioComputeED?relay               6
     ??macRadioComputeLQI?relay           6

 
 612 bytes in segment BANKED_CODE
 102 bytes in segment BANK_RELAYS
   1 byte  in segment SFR_AN
   4 bytes in segment XDATA_Z
 
 714 bytes of CODE  memory
   0 bytes of DATA  memory (+ 1 byte shared)
   4 bytes of XDATA memory

Errors: none
Warnings: none
