###############################################################################
#                                                                             #
# IAR C/C++ Compiler V7.51A/W32 for 8051                24/May/2015  19:07:19 #
# Copyright 2004-2009 IAR Systems AB.                                         #
#                                                                             #
#    Core               =  plain                                              #
#    Code model         =  banked                                             #
#    Data model         =  large                                              #
#    Calling convention =  xdata reentrant                                    #
#    Constant location  =  data_rom                                           #
#    Dptr setup         =  1,16                                               #
#    Source file        =  C:\Texas Instruments\ZStack-CC2530-2.3.0-1.4.0\Com #
#                          ponents\mac\low_level\srf04\mac_autopend.c         #
#    Command line       =  -f "C:\Texas Instruments\ZStack-CC2530-2.3.0-1.4.0 #
#                          \Projects\zstack\Samples\ParkingS\CC2530DB\..\..\. #
#                          .\Tools\CC2530DB\f8wRouter.cfg" (-DCPU32MHZ        #
#                          -DROOT=__near_func -DMAC_CFG_APP_PENDING_QUEUE=TRU #
#                          E -DRTR_NWK -DBLINK_LEDS) -f "C:\Texas             #
#                          Instruments\ZStack-CC2530-2.3.0-1.4.0\Projects\zst #
#                          ack\Samples\ParkingS\CC2530DB\..\..\..\Tools\CC253 #
#                          0DB\f8wConfig.cfg" (-DSECURE=0                     #
#                          -DZG_SECURE_DYNAMIC=0 -DREFLECTOR                  #
#                          -DDEFAULT_CHANLIST=0x00000800                      #
#                          -DZDAPP_CONFIG_PAN_ID=0xFFFF                       #
#                          -DNWK_START_DELAY=100 -DEXTENDED_JOINING_RANDOM_MA #
#                          SK=0x007F -DBEACON_REQUEST_DELAY=100               #
#                          -DBEACON_REQ_DELAY_MASK=0x00FF                     #
#                          -DROUTE_EXPIRY_TIME=30 -DAPSC_ACK_WAIT_DURATION_PO #
#                          LLED=3000 -DNWK_INDIRECT_MSG_TIMEOUT=7             #
#                          -DMAX_RREQ_ENTRIES=8 -DAPSC_MAX_FRAME_RETRIES=3    #
#                          -DNWK_MAX_DATA_RETRIES=2                           #
#                          -DMAX_POLL_FAILURE_RETRIES=2 -DMAX_BCAST=9         #
#                          -DAPS_MAX_GROUPS=16 -DMAX_RTG_ENTRIES=40           #
#                          -DNWK_MAX_BINDING_ENTRIES=4                        #
#                          -DMAX_BINDING_CLUSTER_IDS=4 "-DDEFAULT_KEY={0x01,  #
#                          0x03, 0x05, 0x07, 0x09, 0x0B, 0x0D, 0x0F, 0x00,    #
#                          0x02, 0x04, 0x06, 0x08, 0x0A, 0x0C, 0x0D}"         #
#                          -DMAC_MAX_FRAME_SIZE=116 "-DCONST=const __code"    #
#                          -DGENERIC=__generic -DRFD_RCVC_ALWAYS_ON=FALSE     #
#                          -DPOLL_RATE=1000 -DQUEUED_POLL_RATE=100            #
#                          -DRESPONSE_POLL_RATE=100) -DREJOIN_POLL_RATE=440   #
#                          "C:\Texas Instruments\ZStack-CC2530-2.3.0-1.4.0\Co #
#                          mponents\mac\low_level\srf04\mac_autopend.c" -D    #
#                          ZTOOL_P1 -D MT_TASK -D MT_SYS_FUNC -D MT_ZDO_FUNC  #
#                          -D LCD_SUPPORTED=DEBUG -lC "C:\Texas               #
#                          Instruments\ZStack-CC2530-2.3.0-1.4.0\Projects\zst #
#                          ack\Samples\ParkingS\CC2530DB\RouterEB\List\" -lA  #
#                          "C:\Texas Instruments\ZStack-CC2530-2.3.0-1.4.0\Pr #
#                          ojects\zstack\Samples\ParkingS\CC2530DB\RouterEB\L #
#                          ist\" --diag_suppress Pe001,Pa010 -o "C:\Texas     #
#                          Instruments\ZStack-CC2530-2.3.0-1.4.0\Projects\zst #
#                          ack\Samples\ParkingS\CC2530DB\RouterEB\Obj\" -e    #
#                          --require_prototypes --debug --core=plain          #
#                          --dptr=16,1 --data_model=large                     #
#                          --code_model=banked --calling_convention=xdata_ree #
#                          ntrant --place_constants=data_rom                  #
#                          --nr_virtual_regs 16 -I "C:\Texas                  #
#                          Instruments\ZStack-CC2530-2.3.0-1.4.0\Projects\zst #
#                          ack\Samples\ParkingS\CC2530DB\" -I "C:\Texas       #
#                          Instruments\ZStack-CC2530-2.3.0-1.4.0\Projects\zst #
#                          ack\Samples\ParkingS\CC2530DB\..\SOURCE\" -I       #
#                          "C:\Texas Instruments\ZStack-CC2530-2.3.0-1.4.0\Pr #
#                          ojects\zstack\Samples\ParkingS\CC2530DB\..\..\..\Z #
#                          MAIN\TI2530DB\" -I "C:\Texas                       #
#                          Instruments\ZStack-CC2530-2.3.0-1.4.0\Projects\zst #
#                          ack\Samples\ParkingS\CC2530DB\..\..\..\..\..\COMPO #
#                          NENTS\MT\" -I "C:\Texas Instruments\ZStack-CC2530- #
#                          2.3.0-1.4.0\Projects\zstack\Samples\ParkingS\CC253 #
#                          0DB\..\..\..\..\..\COMPONENTS\HAL\INCLUDE\" -I     #
#                          "C:\Texas Instruments\ZStack-CC2530-2.3.0-1.4.0\Pr #
#                          ojects\zstack\Samples\ParkingS\CC2530DB\..\..\..\. #
#                          .\..\COMPONENTS\HAL\TARGET\CC2530EB\" -I           #
#                          "C:\Texas Instruments\ZStack-CC2530-2.3.0-1.4.0\Pr #
#                          ojects\zstack\Samples\ParkingS\CC2530DB\..\..\..\. #
#                          .\..\COMPONENTS\OSAL\MCU\CCSOC\" -I "C:\Texas      #
#                          Instruments\ZStack-CC2530-2.3.0-1.4.0\Projects\zst #
#                          ack\Samples\ParkingS\CC2530DB\..\..\..\..\..\COMPO #
#                          NENTS\OSAL\INCLUDE\" -I "C:\Texas                  #
#                          Instruments\ZStack-CC2530-2.3.0-1.4.0\Projects\zst #
#                          ack\Samples\ParkingS\CC2530DB\..\..\..\..\..\COMPO #
#                          NENTS\STACK\AF\" -I "C:\Texas                      #
#                          Instruments\ZStack-CC2530-2.3.0-1.4.0\Projects\zst #
#                          ack\Samples\ParkingS\CC2530DB\..\..\..\..\..\COMPO #
#                          NENTS\STACK\NWK\" -I "C:\Texas                     #
#                          Instruments\ZStack-CC2530-2.3.0-1.4.0\Projects\zst #
#                          ack\Samples\ParkingS\CC2530DB\..\..\..\..\..\COMPO #
#                          NENTS\STACK\SEC\" -I "C:\Texas                     #
#                          Instruments\ZStack-CC2530-2.3.0-1.4.0\Projects\zst #
#                          ack\Samples\ParkingS\CC2530DB\..\..\..\..\..\COMPO #
#                          NENTS\STACK\SAPI\" -I "C:\Texas                    #
#                          Instruments\ZStack-CC2530-2.3.0-1.4.0\Projects\zst #
#                          ack\Samples\ParkingS\CC2530DB\..\..\..\..\..\COMPO #
#                          NENTS\STACK\SYS\" -I "C:\Texas                     #
#                          Instruments\ZStack-CC2530-2.3.0-1.4.0\Projects\zst #
#                          ack\Samples\ParkingS\CC2530DB\..\..\..\..\..\COMPO #
#                          NENTS\STACK\ZDO\" -I "C:\Texas                     #
#                          Instruments\ZStack-CC2530-2.3.0-1.4.0\Projects\zst #
#                          ack\Samples\ParkingS\CC2530DB\..\..\..\..\..\COMPO #
#                          NENTS\ZMAC\F8W\" -I "C:\Texas                      #
#                          Instruments\ZStack-CC2530-2.3.0-1.4.0\Projects\zst #
#                          ack\Samples\ParkingS\CC2530DB\..\..\..\..\..\COMPO #
#                          NENTS\ZMAC\" -I "C:\Texas                          #
#                          Instruments\ZStack-CC2530-2.3.0-1.4.0\Projects\zst #
#                          ack\Samples\ParkingS\CC2530DB\..\..\..\..\..\COMPO #
#                          NENTS\SERVICES\SADDR\" -I "C:\Texas                #
#                          Instruments\ZStack-CC2530-2.3.0-1.4.0\Projects\zst #
#                          ack\Samples\ParkingS\CC2530DB\..\..\..\..\..\COMPO #
#                          NENTS\SERVICES\SDATA\" -I "C:\Texas                #
#                          Instruments\ZStack-CC2530-2.3.0-1.4.0\Projects\zst #
#                          ack\Samples\ParkingS\CC2530DB\..\..\..\..\..\COMPO #
#                          NENTS\MAC\INCLUDE\" -I "C:\Texas                   #
#                          Instruments\ZStack-CC2530-2.3.0-1.4.0\Projects\zst #
#                          ack\Samples\ParkingS\CC2530DB\..\..\..\..\..\COMPO #
#                          NENTS\MAC\HIGH_LEVEL\" -I "C:\Texas                #
#                          Instruments\ZStack-CC2530-2.3.0-1.4.0\Projects\zst #
#                          ack\Samples\ParkingS\CC2530DB\..\..\..\..\..\COMPO #
#                          NENTS\MAC\LOW_LEVEL\srf04\" -I "C:\Texas           #
#                          Instruments\ZStack-CC2530-2.3.0-1.4.0\Projects\zst #
#                          ack\Samples\ParkingS\CC2530DB\..\..\..\..\..\COMPO #
#                          NENTS\MAC\LOW_LEVEL\srf04\SINGLE_CHIP\" -I         #
#                          "C:\Program Files\IAR Systems\Embedded Workbench   #
#                          5.3\8051\INC\" -I "C:\Program Files\IAR            #
#                          Systems\Embedded Workbench 5.3\8051\INC\CLIB\"     #
#                          -Ohz                                               #
#    List file          =  C:\Texas Instruments\ZStack-CC2530-2.3.0-1.4.0\Pro #
#                          jects\zstack\Samples\ParkingS\CC2530DB\RouterEB\Li #
#                          st\mac_autopend.lst                                #
#    Object file        =  C:\Texas Instruments\ZStack-CC2530-2.3.0-1.4.0\Pro #
#                          jects\zstack\Samples\ParkingS\CC2530DB\RouterEB\Ob #
#                          j\mac_autopend.r51                                 #
#                                                                             #
#                                                                             #
###############################################################################

C:\Texas Instruments\ZStack-CC2530-2.3.0-1.4.0\Components\mac\low_level\srf04\mac_autopend.c
      1          /**************************************************************************************************
      2            Filename:       mac_autopend.c
      3            Revised:        $Date: 2009-08-28 09:29:33 -0700 (Fri, 28 Aug 2009) $
      4            Revision:       $Revision: 20674 $
      5          
      6            Description:    This file implements the TIMAC Autopend feature.
      7          
      8          
      9            Copyright 2006-2009 Texas Instruments Incorporated. All rights reserved.
     10          
     11            IMPORTANT: Your use of this Software is limited to those specific rights
     12            granted under the terms of a software license agreement between the user
     13            who downloaded the software, his/her employer (which must be your employer)
     14            and Texas Instruments Incorporated (the "License").  You may not use this
     15            Software unless you agree to abide by the terms of the License. The License
     16            limits your use, and you acknowledge, that the Software may not be modified,
     17            copied or distributed unless embedded on a Texas Instruments microcontroller
     18            or used solely and exclusively in conjunction with a Texas Instruments radio
     19            frequency transceiver, which is integrated into your product.  Other than for
     20            the foregoing purpose, you may not use, reproduce, copy, prepare derivative
     21            works of, modify, distribute, perform, display or sell this Software and/or
     22            its documentation for any purpose.
     23          
     24            YOU FURTHER ACKNOWLEDGE AND AGREE THAT THE SOFTWARE AND DOCUMENTATION ARE
     25            PROVIDED “AS IS” WITHOUT WARRANTY OF ANY KIND, EITHER EXPRESS OR IMPLIED,
     26            INCLUDING WITHOUT LIMITATION, ANY WARRANTY OF MERCHANTABILITY, TITLE,
     27            NON-INFRINGEMENT AND FITNESS FOR A PARTICULAR PURPOSE. IN NO EVENT SHALL
     28            TEXAS INSTRUMENTS OR ITS LICENSORS BE LIABLE OR OBLIGATED UNDER CONTRACT,
     29            NEGLIGENCE, STRICT LIABILITY, CONTRIBUTION, BREACH OF WARRANTY, OR OTHER
     30            LEGAL EQUITABLE THEORY ANY DIRECT OR INDIRECT DAMAGES OR EXPENSES
     31            INCLUDING BUT NOT LIMITED TO ANY INCIDENTAL, SPECIAL, INDIRECT, PUNITIVE
     32            OR CONSEQUENTIAL DAMAGES, LOST PROFITS OR LOST DATA, COST OF PROCUREMENT
     33            OF SUBSTITUTE GOODS, TECHNOLOGY, SERVICES, OR ANY CLAIMS BY THIRD PARTIES
     34            (INCLUDING BUT NOT LIMITED TO ANY DEFENSE THEREOF), OR OTHER SIMILAR COSTS.
     35          
     36            Should you have any questions regarding your right to use this Software,
     37            contact Texas Instruments Incorporated at www.TI.com.
     38          **************************************************************************************************/
     39          
     40          /* low-level */
     41          #include "mac_api.h"
     42          #include "mac_radio_defs.h"
     43          
     44          /* osal */
     45          #include "OSAL.h"
     46          #include "saddr.h"
     47          #include "ZComDef.h"
     48          
     49          #include "mac_autopend.h"
     50          
     51          /* ------------------------------------------------------------------------------------------------
     52           *                                           Defines
     53           * ------------------------------------------------------------------------------------------------
     54           */
     55          #define MAC_SRCMATCH_INVALID_INDEX           0xFF
     56          
     57          #define MAC_SRCMATCH_SHORT_ENTRY_SIZE        4
     58          #define MAC_SRCMATCH_EXT_ENTRY_SIZE          Z_EXTADDR_LEN
     59          
     60          #define MAC_SRCMATCH_SHORT_MAX_NUM_ENTRIES   24
     61          #define MAC_SRCMATCH_EXT_MAX_NUM_ENTRIES     12
     62          
     63          #define MAC_SRCMATCH_ENABLE_BITMAP_LEN       3
     64                    
     65          /* ------------------------------------------------------------------------------------------------
     66           *                                      Global Variables
     67           * ------------------------------------------------------------------------------------------------
     68           */

   \                                 In  segment XDATA_Z, align 1, keep-with-next
     69          bool macSrcMatchIsEnabled = FALSE; 
   \                     macSrcMatchIsEnabled:
   \   000000                DS 1
   \   000001                REQUIRE __INIT_XDATA_Z
     70          
     71          /* ------------------------------------------------------------------------------------------------
     72           *                                         Local Variables
     73           * ------------------------------------------------------------------------------------------------
     74           */
     75          
     76          /* 
     77           The following local Varables are only set in MAC_SrcMatchEnable()  
     78           They are read only to the rest of the module.
     79           */

   \                                 In  segment XDATA_Z, align 1, keep-with-next
     80          uint8 macSrcMatchMaxNumEntries = 0;   
   \                     macSrcMatchMaxNumEntries:
   \   000000                DS 1
   \   000001                REQUIRE __INIT_XDATA_Z

   \                                 In  segment XDATA_I, align 1, keep-with-next
     81          uint8 macSrcMatchAddrMode = SADDR_MODE_SHORT;  
   \                     macSrcMatchAddrMode:
   \   000000                DS 1
   \   000001                REQUIRE `?<Initializer for macSrcMatchAddrMode>`
   \   000001                REQUIRE __INIT_XDATA_I

   \                                 In  segment XDATA_Z, align 1, keep-with-next
     82          bool macSrcMatchIsAckAllPending = FALSE;
   \                     macSrcMatchIsAckAllPending:
   \   000000                DS 1
   \   000001                REQUIRE __INIT_XDATA_Z
     83          
     84          /* ------------------------------------------------------------------------------------------------
     85           *                                         Local Functions
     86           * ------------------------------------------------------------------------------------------------
     87           */
     88          static uint8 macSrcMatchFindEmptyEntry( void );
     89          static uint8 macSrcMatchCheckSrcAddr ( sAddr_t *addr, uint16 panID  );
     90          static void macSrcMatchSetPendEnBit( uint8 index );
     91          static void macSrcMatchSetEnableBit( uint8 index, bool option );
     92          static bool macSrcMatchCheckEnableBit( uint8 index );
     93          static uint24 macSrcMatchGetEnableBit( void );
     94          static uint24 macSrcMatchGetPendEnBit( void );
     95          
     96          /*********************************************************************
     97           * @fn          MAC_SrcMatchEnable
     98           *
     99           * @brief      Enabled AUTOPEND and source address matching. If number of source
    100           *             address table entries asked for is more than the hardware
    101           *             supports. It will allocate maximum number of entries and return 
    102           *             MAC_INVALID_PARAMETER. This function shall be not be called from 
    103           *             ISR. It is not thread safe.
    104           *
    105           * @param      addressType - address type that the application uses
    106           *                           SADDR_MODE_SHORT or SADDR_MODE_EXT
    107           * @param      num - number of source address table entries to be used
    108           *
    109           * @return     MAC_SUCCESS or MAC_INVALID_PARAMETER
    110           */

   \                                 In  segment BANKED_CODE, align 1, keep-with-next
    111          uint8 MAC_SrcMatchEnable ( uint8 addrType, uint8 num  )
   \                     MAC_SrcMatchEnable:
    112          {
   \   000000   C082         PUSH    DPL
   \   000002   C083         PUSH    DPH
   \   000004                ; Saved register size: 2
   \   000004                ; Auto size: 0
   \   000004   E9           MOV     A,R1
   \   000005   FB           MOV     R3,A
    113            uint8 rtn;
    114            uint8 maxNum;
    115              
    116            /* Verify the address type */
    117            if( addrType != SADDR_MODE_SHORT && addrType != SADDR_MODE_EXT )
   \   000006   7402         MOV     A,#0x2
   \   000008   6B           XRL     A,R3
   \   000009   6009         JZ      ??MAC_SrcMatchEnable_0
   \   00000B   7403         MOV     A,#0x3
   \   00000D   6B           XRL     A,R3
   \   00000E   6008         JZ      ??MAC_SrcMatchEnable_1
    118            {
    119              return MAC_INVALID_PARAMETER;
   \   000010   79E8         MOV     R1,#-0x18
   \   000012   803C         SJMP    ??MAC_SrcMatchEnable_2
    120            }
   \                     ??MAC_SrcMatchEnable_0:
   \   000014   7C18         MOV     R4,#0x18
   \   000016   8002         SJMP    ??MAC_SrcMatchEnable_3
   \                     ??MAC_SrcMatchEnable_1:
   \   000018   7C0C         MOV     R4,#0xc
    121            
    122            maxNum = ( addrType == SADDR_MODE_SHORT ) ? 
    123                     MAC_SRCMATCH_SHORT_MAX_NUM_ENTRIES : MAC_SRCMATCH_EXT_MAX_NUM_ENTRIES;
    124                     
    125            if( num > maxNum )
   \                     ??MAC_SrcMatchEnable_3:
   \   00001A   EC           MOV     A,R4
   \   00001B   C3           CLR     C
   \   00001C   9A           SUBB    A,R2
   \   00001D   5006         JNC     ??MAC_SrcMatchEnable_4
    126            {
    127              rtn = MAC_INVALID_PARAMETER;
   \   00001F   79E8         MOV     R1,#-0x18
    128              num = maxNum;
   \   000021   EC           MOV     A,R4
   \   000022   FA           MOV     R2,A
   \   000023   8002         SJMP    ??MAC_SrcMatchEnable_5
    129            }
    130            else
    131            {
    132              rtn = MAC_SUCCESS;
   \                     ??MAC_SrcMatchEnable_4:
   \   000025   7900         MOV     R1,#0x0
    133            }
    134              
    135            /* Turn on Frame Filter (TIMAC enables frame filter by default), TBD */
    136            MAC_RADIO_TURN_ON_RX_FRAME_FILTERING();
   \                     ??MAC_SrcMatchEnable_5:
   \   000027   906180       MOV     DPTR,#0x6180
   \   00002A   E0           MOVX    A,@DPTR
   \   00002B   D2E0         SETB    0xE0 /* A   */.0
   \   00002D   F0           MOVX    @DPTR,A
    137            
    138            /* Turn on Auto ACK (TIMAC turn on Auto ACK by default), TBD */
    139            MAC_RADIO_TURN_ON_AUTO_ACK();
   \   00002E   906189       MOV     DPTR,#0x6189
   \   000031   E0           MOVX    A,@DPTR
   \   000032   D2E5         SETB    0xE0 /* A   */.5
   \   000034   F0           MOVX    @DPTR,A
    140            
    141            /* Turn on Autopend: set SRCMATCH.AUTOPEND and SRCMATCH.SRC_MATCH_EN */
    142            MAC_RADIO_TURN_ON_SRC_MATCH();
   \   000035   906182       MOV     DPTR,#0x6182
   \   000038   E0           MOVX    A,@DPTR
   \   000039   D2E0         SETB    0xE0 /* A   */.0
   \   00003B   F0           MOVX    @DPTR,A
    143           
    144            /* Set SRCMATCH.AUTOPEND */
    145            MAC_RADIO_TURN_ON_AUTOPEND();
   \   00003C   E0           MOVX    A,@DPTR
   \   00003D   D2E1         SETB    0xE0 /* A   */.1
   \   00003F   F0           MOVX    @DPTR,A
    146            
    147            /* Configure all the globals */
    148            macSrcMatchIsEnabled = TRUE;
   \   000040   7401         MOV     A,#0x1
   \   000042   90....       MOV     DPTR,#macSrcMatchIsEnabled
   \   000045   F0           MOVX    @DPTR,A
    149            macSrcMatchMaxNumEntries = num;
   \   000046   EA           MOV     A,R2
   \   000047   90....       MOV     DPTR,#macSrcMatchMaxNumEntries
   \   00004A   F0           MOVX    @DPTR,A
    150            macSrcMatchAddrMode = addrType;           
   \   00004B   EB           MOV     A,R3
   \   00004C   90....       MOV     DPTR,#macSrcMatchAddrMode
   \   00004F   F0           MOVX    @DPTR,A
    151          
    152            return rtn;
   \                     ??MAC_SrcMatchEnable_2:
   \   000050   02....       LJMP    ?Subroutine1 & 0xFFFF
    153          }

   \                                 In  segment BANKED_CODE, align 1, keep-with-next
   \                     ?Subroutine1:
   \   000000   D083         POP     DPH
   \   000002   D082         POP     DPL
   \   000004   02....       LJMP    ?BRET
    154          
    155          /*********************************************************************
    156           * @fn          MAC_SrcMatchAddEntry
    157           *
    158           * @brief       Add a short or extended address to source address table. This 
    159           *              function shall be not be called from ISR. It is not thread safe.
    160           *
    161           * @param       addr - a pointer to sAddr_t which contains addrMode 
    162           *                     and a union of a short 16-bit MAC address or an extended 
    163           *                     64-bit MAC address to be added to the source address table. 
    164           * @param       panID - the device PAN ID. It is only used when the addr is 
    165           *                      using short address 
    166          
    167           * @return      MAC_SUCCESS or MAC_NO_RESOURCES (source address table full) 
    168           *              or MAC_DUPLICATED_ENTRY (the entry added is duplicated),
    169           *              or MAC_INVALID_PARAMETER if the input parameters are invalid.
    170           */

   \                                 In  segment BANKED_CODE, align 1, keep-with-next
    171          uint8 MAC_SrcMatchAddEntry ( sAddr_t *addr, uint16 panID )
   \                     MAC_SrcMatchAddEntry:
    172          {
   \   000000   74E8         MOV     A,#-0x18
   \   000002   12....       LCALL   ?BANKED_ENTER_XDATA
   \   000005                ; Saved register size: 24
   \   000005                ; Auto size: 10
   \   000005   74F6         MOV     A,#-0xa
   \   000007   12....       LCALL   ?ALLOC_XSTACK8
   \   00000A   8A..         MOV     ?V0 + 14,R2
   \   00000C   8B..         MOV     ?V0 + 15,R3
   \   00000E   EC           MOV     A,R4
   \   00000F   FE           MOV     R6,A
   \   000010   ED           MOV     A,R5
   \   000011   FF           MOV     R7,A
    173            uint8 index;
    174            uint8 entry[MAC_SRCMATCH_SHORT_ENTRY_SIZE];
    175            
    176            /* Check if the input parameters are valid */
    177            if ( addr == NULL || addr->addrMode != macSrcMatchAddrMode )
   \   000012   EA           MOV     A,R2
   \   000013   7001         JNZ     ??MAC_SrcMatchAddEntry_0
   \   000015   EB           MOV     A,R3
   \                     ??MAC_SrcMatchAddEntry_0:
   \   000016   6015         JZ      ??MAC_SrcMatchAddEntry_1
   \   000018   8A82         MOV     DPL,R2
   \   00001A   8B83         MOV     DPH,R3
   \   00001C   A3           INC     DPTR
   \   00001D   A3           INC     DPTR
   \   00001E   A3           INC     DPTR
   \   00001F   A3           INC     DPTR
   \   000020   A3           INC     DPTR
   \   000021   A3           INC     DPTR
   \   000022   A3           INC     DPTR
   \   000023   A3           INC     DPTR
   \   000024   E0           MOVX    A,@DPTR
   \   000025   FA           MOV     R2,A
   \   000026   90....       MOV     DPTR,#macSrcMatchAddrMode
   \   000029   E0           MOVX    A,@DPTR
   \   00002A   6A           XRL     A,R2
   \   00002B   6005         JZ      ??MAC_SrcMatchAddEntry_2
    178            {
    179              return MAC_INVALID_PARAMETER;  
   \                     ??MAC_SrcMatchAddEntry_1:
   \   00002D   79E8         MOV     R1,#-0x18
   \   00002F   02....       LJMP    ??MAC_SrcMatchAddEntry_3 & 0xFFFF
    180            }
    181            
    182            /* Check if the entry already exists. Do not add duplicated entry */
    183            if ( macSrcMatchCheckSrcAddr( addr, panID ) != MAC_SRCMATCH_INVALID_INDEX )
   \                     ??MAC_SrcMatchAddEntry_2:
   \   000032                ; Setup parameters for call to function macSrcMatchCheckSrcAddr
   \   000032   AA..         MOV     R2,?V0 + 14
   \   000034   12....       LCALL   ??macSrcMatchCheckSrcAddr?relay
   \   000037   E9           MOV     A,R1
   \   000038   64FF         XRL     A,#0xff
   \   00003A   6005         JZ      ??MAC_SrcMatchAddEntry_4
    184            {
    185              return MAC_DUPLICATED_ENTRY; 
   \   00003C   791E         MOV     R1,#0x1e
   \   00003E   02....       LJMP    ??MAC_SrcMatchAddEntry_3 & 0xFFFF
    186            }
    187            
    188            /* If not duplicated, write to the radio RAM and enable the control bit */
    189            
    190            /* Find the first empty entry */
    191            index = macSrcMatchFindEmptyEntry();
   \                     ??MAC_SrcMatchAddEntry_4:
   \   000041                ; Setup parameters for call to function macSrcMatchGetEnableBit
   \   000041   12....       LCALL   ??macSrcMatchGetEnableBit?relay
   \   000044   8A..         MOV     ?V0 + 4,R2
   \   000046   90....       MOV     DPTR,#macSrcMatchAddrMode
   \   000049   E0           MOVX    A,@DPTR
   \   00004A   6402         XRL     A,#0x2
   \   00004C   75..00       MOV     ?V0 + 12,#0x0
   \   00004F   7046         JNZ     ??MAC_SrcMatchAddEntry_5
   \   000051   802F         SJMP    ??MAC_SrcMatchAddEntry_6
   \                     ??MAC_SrcMatchAddEntry_7:
   \   000053   85....       MOV     ?V0 + 0,?V0 + 4
   \   000056   8B..         MOV     ?V0 + 1,R3
   \   000058   8C..         MOV     ?V0 + 2,R4
   \   00005A   8D..         MOV     ?V0 + 3,R5
   \   00005C   75..01       MOV     ?V0 + 8,#0x1
   \   00005F   75..00       MOV     ?V0 + 9,#0x0
   \   000062   75..00       MOV     ?V0 + 10,#0x0
   \   000065   75..00       MOV     ?V0 + 11,#0x0
   \   000068   E5..         MOV     A,?V0 + 12
   \   00006A   78..         MOV     R0,#?V0 + 8
   \   00006C   12....       LCALL   ?L_SHL
   \   00006F   78..         MOV     R0,#?V0 + 0
   \   000071   79..         MOV     R1,#?V0 + 8
   \   000073   12....       LCALL   ?L_AND
   \   000076   90....       MOV     DPTR,#__Constant_0
   \   000079   78..         MOV     R0,#?V0 + 0
   \   00007B   12....       LCALL   ?L_EQ_X
   \   00007E   605D         JZ      ??MAC_SrcMatchAddEntry_8
   \   000080   05..         INC     ?V0 + 12
   \                     ??MAC_SrcMatchAddEntry_6:
   \   000082   90....       MOV     DPTR,#macSrcMatchMaxNumEntries
   \   000085   E0           MOVX    A,@DPTR
   \   000086   FA           MOV     R2,A
   \   000087   E5..         MOV     A,?V0 + 12
   \   000089   C3           CLR     C
   \   00008A   9A           SUBB    A,R2
   \   00008B   40C6         JC      ??MAC_SrcMatchAddEntry_7
    192            if ( index == macSrcMatchMaxNumEntries )
   \                     ??MAC_SrcMatchAddEntry_9:
   \   00008D   E0           MOVX    A,@DPTR
   \   00008E   65..         XRL     A,?V0 + 12
   \   000090   7043         JNZ     ??MAC_SrcMatchAddEntry_10
    193            {
    194              return MAC_NO_RESOURCES;   /* Table is full */
   \   000092   791A         MOV     R1,#0x1a
   \   000094   02....       LJMP    ??MAC_SrcMatchAddEntry_3 & 0xFFFF
   \                     ??MAC_SrcMatchAddEntry_5:
   \   000097   90....       MOV     DPTR,#macSrcMatchMaxNumEntries
   \   00009A   E0           MOVX    A,@DPTR
   \   00009B   FA           MOV     R2,A
   \   00009C   E5..         MOV     A,?V0 + 12
   \   00009E   C3           CLR     C
   \   00009F   9A           SUBB    A,R2
   \   0000A0   50EB         JNC     ??MAC_SrcMatchAddEntry_9
   \   0000A2   85....       MOV     ?V0 + 0,?V0 + 4
   \   0000A5   8B..         MOV     ?V0 + 1,R3
   \   0000A7   8C..         MOV     ?V0 + 2,R4
   \   0000A9   8D..         MOV     ?V0 + 3,R5
   \   0000AB   75..01       MOV     ?V0 + 8,#0x1
   \   0000AE   75..00       MOV     ?V0 + 9,#0x0
   \   0000B1   75..00       MOV     ?V0 + 10,#0x0
   \   0000B4   75..00       MOV     ?V0 + 11,#0x0
   \   0000B7   E5..         MOV     A,?V0 + 12
   \   0000B9   C3           CLR     C
   \   0000BA   33           RLC     A
   \   0000BB   78..         MOV     R0,#?V0 + 8
   \   0000BD   12....       LCALL   ?L_SHL
   \   0000C0   78..         MOV     R0,#?V0 + 0
   \   0000C2   79..         MOV     R1,#?V0 + 8
   \   0000C4   12....       LCALL   ?L_AND
   \   0000C7   90....       MOV     DPTR,#__Constant_0
   \   0000CA   78..         MOV     R0,#?V0 + 0
   \   0000CC   12....       LCALL   ?L_EQ_X
   \   0000CF   6052         JZ      ??MAC_SrcMatchAddEntry_11
   \   0000D1   05..         INC     ?V0 + 12
   \   0000D3   80C2         SJMP    ??MAC_SrcMatchAddEntry_5
    195            }
    196            
    197            if ( macSrcMatchAddrMode == SADDR_MODE_SHORT )
   \                     ??MAC_SrcMatchAddEntry_10:
   \   0000D5   90....       MOV     DPTR,#macSrcMatchAddrMode
   \   0000D8   E0           MOVX    A,@DPTR
   \   0000D9   6402         XRL     A,#0x2
   \   0000DB   7046         JNZ     ??MAC_SrcMatchAddEntry_11
    198            {
    199              /* Write the PanID and short address */
    200              entry[0] = LO_UINT16( panID );  /* Little Endian for the radio RAM */
   \                     ??MAC_SrcMatchAddEntry_8:
   \   0000DD   7403         MOV     A,#0x3
   \   0000DF   12....       LCALL   ?XSTACK_DISP0_8
   \   0000E2   EE           MOV     A,R6
   \   0000E3   F0           MOVX    @DPTR,A
    201              entry[1] = HI_UINT16( panID );
   \   0000E4   7404         MOV     A,#0x4
   \   0000E6   12....       LCALL   ?XSTACK_DISP0_8
   \   0000E9   EF           MOV     A,R7
   \   0000EA   F0           MOVX    @DPTR,A
    202              entry[2] = LO_UINT16( addr->addr.shortAddr );
   \   0000EB   85..82       MOV     DPL,?V0 + 14
   \   0000EE   85..83       MOV     DPH,?V0 + 15
   \   0000F1   E0           MOVX    A,@DPTR
   \   0000F2   C0E0         PUSH    A
   \   0000F4   7405         MOV     A,#0x5
   \   0000F6   12....       LCALL   ?XSTACK_DISP0_8
   \   0000F9   D0E0         POP     A
   \   0000FB   F0           MOVX    @DPTR,A
    203              entry[3] = HI_UINT16( addr->addr.shortAddr );
   \   0000FC   85..82       MOV     DPL,?V0 + 14
   \   0000FF   85..83       MOV     DPH,?V0 + 15
   \   000102   A3           INC     DPTR
   \   000103   E0           MOVX    A,@DPTR
   \   000104   C0E0         PUSH    A
   \   000106   7406         MOV     A,#0x6
   \   000108   12....       LCALL   ?XSTACK_DISP0_8
   \   00010B   D0E0         POP     A
   \   00010D   F0           MOVX    @DPTR,A
    204              MAC_RADIO_SRC_MATCH_TABLE_WRITE( ( index * MAC_SRCMATCH_SHORT_ENTRY_SIZE ), 
    205                             entry, MAC_SRCMATCH_SHORT_ENTRY_SIZE );
   \   00010E                ; Setup parameters for call to function macMemWriteRam
   \   00010E   7904         MOV     R1,#0x4
   \   000110   7403         MOV     A,#0x3
   \   000112   12....       LCALL   ?XSTACK_DISP0_8
   \   000115   AC82         MOV     R4,DPL
   \   000117   AD83         MOV     R5,DPH
   \   000119   85....       MOV     ?V0 + 0,?V0 + 12
   \   00011C   75..00       MOV     ?V0 + 1,#0x0
   \   00011F   7402         MOV     A,#0x2
   \   000121   800E         SJMP    ??MAC_SrcMatchAddEntry_12
    206            }
    207            else
    208            {
    209              /* Write the extended address */
    210              MAC_RADIO_SRC_MATCH_TABLE_WRITE( ( index * MAC_SRCMATCH_EXT_ENTRY_SIZE ), 
    211                             addr->addr.extAddr, MAC_SRCMATCH_EXT_ENTRY_SIZE ); 
   \                     ??MAC_SrcMatchAddEntry_11:
   \   000123                ; Setup parameters for call to function macMemWriteRam
   \   000123   7908         MOV     R1,#0x8
   \   000125   AC..         MOV     R4,?V0 + 14
   \   000127   AD..         MOV     R5,?V0 + 15
   \   000129   85....       MOV     ?V0 + 0,?V0 + 12
   \   00012C   75..00       MOV     ?V0 + 1,#0x0
   \   00012F   7403         MOV     A,#0x3
   \                     ??MAC_SrcMatchAddEntry_12:
   \   000131   78..         MOV     R0,#?V0 + 0
   \   000133   12....       LCALL   ?S_SHL
   \   000136   E5..         MOV     A,?V0 + 0
   \   000138   2400         ADD     A,#0x0
   \   00013A   FA           MOV     R2,A
   \   00013B   E5..         MOV     A,?V0 + 1
   \   00013D   3461         ADDC    A,#0x61
   \   00013F   FB           MOV     R3,A
   \   000140   12....       LCALL   ??macMemWriteRam?relay
    212            }
    213            
    214            /* Set the Autopend enable bits */
    215            macSrcMatchSetPendEnBit( index );
   \   000143   90....       MOV     DPTR,#macSrcMatchAddrMode
   \   000146   E0           MOVX    A,@DPTR
   \   000147   6402         XRL     A,#0x2
   \   000149   7903         MOV     R1,#0x3
   \   00014B   700D         JNZ     ??MAC_SrcMatchAddEntry_13
   \   00014D                ; Setup parameters for call to function macMemReadRam
   \   00014D   7407         MOV     A,#0x7
   \   00014F   12....       LCALL   ?XSTACK_DISP0_8
   \   000152   AC82         MOV     R4,DPL
   \   000154   AD83         MOV     R5,DPH
   \   000156   7A67         MOV     R2,#0x67
   \   000158   800B         SJMP    ??MAC_SrcMatchAddEntry_14
   \                     ??MAC_SrcMatchAddEntry_13:
   \   00015A                ; Setup parameters for call to function macMemReadRam
   \   00015A   7407         MOV     A,#0x7
   \   00015C   12....       LCALL   ?XSTACK_DISP0_8
   \   00015F   AC82         MOV     R4,DPL
   \   000161   AD83         MOV     R5,DPH
   \   000163   7A64         MOV     R2,#0x64
   \                     ??MAC_SrcMatchAddEntry_14:
   \   000165   7B61         MOV     R3,#0x61
   \   000167   12....       LCALL   ??macMemReadRam?relay
   \   00016A                ; Setup parameters for call to function osal_build_uint32
   \   00016A   7903         MOV     R1,#0x3
   \   00016C   7407         MOV     A,#0x7
   \   00016E   12....       LCALL   ?XSTACK_DISP0_8
   \   000171   AA82         MOV     R2,DPL
   \   000173   AB83         MOV     R3,DPH
   \   000175   12....       LCALL   ??osal_build_uint32?relay
   \   000178   8A..         MOV     ?V0 + 0,R2
   \   00017A   8B..         MOV     ?V0 + 1,R3
   \   00017C   8C..         MOV     ?V0 + 2,R4
   \   00017E   8D..         MOV     ?V0 + 3,R5
   \   000180   90....       MOV     DPTR,#macSrcMatchAddrMode
   \   000183   E0           MOVX    A,@DPTR
   \   000184   6402         XRL     A,#0x2
   \   000186   75..01       MOV     ?V0 + 4,#0x1
   \   000189   75..00       MOV     ?V0 + 5,#0x0
   \   00018C   75..00       MOV     ?V0 + 6,#0x0
   \   00018F   75..00       MOV     ?V0 + 7,#0x0
   \   000192   7034         JNZ     ??MAC_SrcMatchAddEntry_15
   \   000194                ; Setup parameters for call to function osal_buffer_uint24
   \   000194   E5..         MOV     A,?V0 + 12
   \   000196   78..         MOV     R0,#?V0 + 4
   \   000198   12....       LCALL   ?L_SHL
   \   00019B   78..         MOV     R0,#?V0 + 0
   \   00019D   79..         MOV     R1,#?V0 + 4
   \   00019F   12....       LCALL   ?L_IOR
   \   0001A2   78..         MOV     R0,#?V0 + 0
   \   0001A4   12....       LCALL   ?PUSH_XSTACK_I_FOUR
   \   0001A7   7404         MOV     A,#0x4
   \   0001A9   12....       LCALL   ?XSTACK_DISP0_8
   \   0001AC   AA82         MOV     R2,DPL
   \   0001AE   AB83         MOV     R3,DPH
   \   0001B0   12....       LCALL   ??osal_buffer_uint24?relay
   \   0001B3   7404         MOV     A,#0x4
   \   0001B5   12....       LCALL   ?DEALLOC_XSTACK8
   \   0001B8                ; Setup parameters for call to function macMemWriteRam
   \   0001B8   7903         MOV     R1,#0x3
   \   0001BA   85..82       MOV     DPL,?XSP + 0
   \   0001BD   85..83       MOV     DPH,?XSP + 1
   \   0001C0   AC82         MOV     R4,DPL
   \   0001C2   AD83         MOV     R5,DPH
   \   0001C4   7A67         MOV     R2,#0x67
   \   0001C6   8034         SJMP    ??MAC_SrcMatchAddEntry_16
   \                     ??MAC_SrcMatchAddEntry_15:
   \   0001C8                ; Setup parameters for call to function osal_buffer_uint24
   \   0001C8   E5..         MOV     A,?V0 + 12
   \   0001CA   C3           CLR     C
   \   0001CB   33           RLC     A
   \   0001CC   78..         MOV     R0,#?V0 + 4
   \   0001CE   12....       LCALL   ?L_SHL
   \   0001D1   78..         MOV     R0,#?V0 + 0
   \   0001D3   79..         MOV     R1,#?V0 + 4
   \   0001D5   12....       LCALL   ?L_IOR
   \   0001D8   78..         MOV     R0,#?V0 + 0
   \   0001DA   12....       LCALL   ?PUSH_XSTACK_I_FOUR
   \   0001DD   7404         MOV     A,#0x4
   \   0001DF   12....       LCALL   ?XSTACK_DISP0_8
   \   0001E2   AA82         MOV     R2,DPL
   \   0001E4   AB83         MOV     R3,DPH
   \   0001E6   12....       LCALL   ??osal_buffer_uint24?relay
   \   0001E9   7404         MOV     A,#0x4
   \   0001EB   12....       LCALL   ?DEALLOC_XSTACK8
   \   0001EE                ; Setup parameters for call to function macMemWriteRam
   \   0001EE   7903         MOV     R1,#0x3
   \   0001F0   85..82       MOV     DPL,?XSP + 0
   \   0001F3   85..83       MOV     DPH,?XSP + 1
   \   0001F6   AC82         MOV     R4,DPL
   \   0001F8   AD83         MOV     R5,DPH
   \   0001FA   7A64         MOV     R2,#0x64
   \                     ??MAC_SrcMatchAddEntry_16:
   \   0001FC   7B61         MOV     R3,#0x61
   \   0001FE   12....       LCALL   ??macMemWriteRam?relay
    216            
    217            /* Set the Src Match enable bits */
    218            macSrcMatchSetEnableBit( index, TRUE );
   \   000201                ; Setup parameters for call to function macSrcMatchSetEnableBit
   \   000201   7A01         MOV     R2,#0x1
   \   000203   A9..         MOV     R1,?V0 + 12
   \   000205   12....       LCALL   ??macSrcMatchSetEnableBit?relay
    219            
    220            return MAC_SUCCESS;
   \   000208   7900         MOV     R1,#0x0
   \                     ??MAC_SrcMatchAddEntry_3:
   \   00020A   740A         MOV     A,#0xa
   \   00020C   12....       LCALL   ?DEALLOC_XSTACK8
   \   00020F   7F10         MOV     R7,#0x10
   \   000211   02....       LJMP    ?BANKED_LEAVE_XDATA
    221          }
    222          
    223          /*********************************************************************
    224           * @fn         MAC_SrcMatchDeleteEntry
    225           *
    226           * @brief      Delete a short or extended address from source address table. 
    227           *             This function shall be not be called from ISR. It is not thread safe.
    228           *
    229           * @param      addr - a pointer to sAddr_t which contains addrMode 
    230           *                    and a union of a short 16-bit MAC address or an extended 
    231           *                    64-bit MAC address to be deleted from the source address table. 
    232           * @param      panID - the device PAN ID. It is only used when the addr is 
    233           *                     using short address  
    234           *
    235           * @return     MAC_SUCCESS or MAC_INVALID_PARAMETER (address to be deleted 
    236           *                  cannot be found in the source address table).
    237           */

   \                                 In  segment BANKED_CODE, align 1, keep-with-next
    238          uint8 MAC_SrcMatchDeleteEntry ( sAddr_t *addr, uint16 panID  )
   \                     MAC_SrcMatchDeleteEntry:
    239          {
   \   000000   74F7         MOV     A,#-0x9
   \   000002   12....       LCALL   ?BANKED_ENTER_XDATA
   \   000005                ; Saved register size: 9
   \   000005                ; Auto size: 0
    240            uint8 index;
    241            
    242            if ( addr == NULL || addr->addrMode != macSrcMatchAddrMode )
   \   000005   EA           MOV     A,R2
   \   000006   7001         JNZ     ??MAC_SrcMatchDeleteEntry_0
   \   000008   EB           MOV     A,R3
   \                     ??MAC_SrcMatchDeleteEntry_0:
   \   000009   6015         JZ      ??MAC_SrcMatchDeleteEntry_1
   \   00000B   8A82         MOV     DPL,R2
   \   00000D   8B83         MOV     DPH,R3
   \   00000F   A3           INC     DPTR
   \   000010   A3           INC     DPTR
   \   000011   A3           INC     DPTR
   \   000012   A3           INC     DPTR
   \   000013   A3           INC     DPTR
   \   000014   A3           INC     DPTR
   \   000015   A3           INC     DPTR
   \   000016   A3           INC     DPTR
   \   000017   E0           MOVX    A,@DPTR
   \   000018   FE           MOV     R6,A
   \   000019   90....       MOV     DPTR,#macSrcMatchAddrMode
   \   00001C   E0           MOVX    A,@DPTR
   \   00001D   6E           XRL     A,R6
   \   00001E   6004         JZ      ??MAC_SrcMatchDeleteEntry_2
    243            {
    244              return MAC_INVALID_PARAMETER;  
   \                     ??MAC_SrcMatchDeleteEntry_1:
   \   000020   79E8         MOV     R1,#-0x18
   \   000022   800F         SJMP    ??MAC_SrcMatchDeleteEntry_3
    245            }
    246            
    247            /* Look up the source address table and find the entry. */
    248            index = macSrcMatchCheckSrcAddr( addr, panID );
   \                     ??MAC_SrcMatchDeleteEntry_2:
   \   000024                ; Setup parameters for call to function macSrcMatchCheckSrcAddr
   \   000024   12....       LCALL   ??macSrcMatchCheckSrcAddr?relay
    249          
    250            if( index == MAC_SRCMATCH_INVALID_INDEX )
   \   000027   74FF         MOV     A,#-0x1
   \   000029   69           XRL     A,R1
   \   00002A   60F4         JZ      ??MAC_SrcMatchDeleteEntry_1
    251            {
    252              return MAC_INVALID_PARAMETER; 
    253            }
    254            
    255            /* Clear Src Match enable bits */
    256            macSrcMatchSetEnableBit( index, FALSE );
   \   00002C                ; Setup parameters for call to function macSrcMatchSetEnableBit
   \   00002C   7A00         MOV     R2,#0x0
   \   00002E   12....       LCALL   ??macSrcMatchSetEnableBit?relay
    257          
    258            return MAC_SUCCESS;
   \   000031   7900         MOV     R1,#0x0
   \                     ??MAC_SrcMatchDeleteEntry_3:
   \   000033   7F01         MOV     R7,#0x1
   \   000035   02....       LJMP    ?BANKED_LEAVE_XDATA
    259          }
    260                            
    261          /*********************************************************************
    262           * @fn          MAC_SrcMatchAckAllPending
    263           *
    264           * @brief       Enabled/disable acknowledging all packets with pending bit set
    265           *              The application normally enables it when adding new entries to 
    266           *              the source address table fails due to the table is full, or 
    267           *              disables it when more entries are deleted and the table has
    268           *              empty slots.
    269           *
    270           * @param       option - TRUE (acknowledging all packets with pending field set)
    271           *                       FALSE (acknowledging all packets with pending field cleared) 
    272           *
    273           * @return      none
    274           */

   \                                 In  segment BANKED_CODE, align 1, keep-with-next
    275          void MAC_SrcMatchAckAllPending ( uint8 option  ) 
   \                     MAC_SrcMatchAckAllPending:
    276          {
   \   000000   C082         PUSH    DPL
   \   000002   C083         PUSH    DPH
   \   000004                ; Saved register size: 2
   \   000004                ; Auto size: 0
    277            if( option == TRUE )
   \   000004   7401         MOV     A,#0x1
   \   000006   69           XRL     A,R1
   \   000007   700E         JNZ     ??MAC_SrcMatchAckAllPending_0
    278            {
    279              macSrcMatchIsAckAllPending = TRUE;
   \   000009   7401         MOV     A,#0x1
   \   00000B   90....       MOV     DPTR,#macSrcMatchIsAckAllPending
   \   00000E   F0           MOVX    @DPTR,A
    280              
    281              /* Set the PENDING_OR register */
    282              MAC_RADIO_TURN_ON_PENDING_OR();
   \   00000F   90618A       MOV     DPTR,#0x618a
   \   000012   E0           MOVX    A,@DPTR
   \   000013   D2E2         SETB    0xE0 /* A   */.2
   \   000015   800B         SJMP    ??MAC_SrcMatchAckAllPending_1
    283            }
    284            else
    285            {
    286              macSrcMatchIsAckAllPending = FALSE;
   \                     ??MAC_SrcMatchAckAllPending_0:
   \   000017   E4           CLR     A
   \   000018   90....       MOV     DPTR,#macSrcMatchIsAckAllPending
   \   00001B   F0           MOVX    @DPTR,A
    287              
    288              /* Clear the PENDING_OR register */
    289              MAC_RADIO_TURN_OFF_PENDING_OR();
   \   00001C   90618A       MOV     DPTR,#0x618a
   \   00001F   E0           MOVX    A,@DPTR
   \   000020   C2E2         CLR     0xE0 /* A   */.2
   \                     ??MAC_SrcMatchAckAllPending_1:
   \   000022   F0           MOVX    @DPTR,A
    290            }
    291          }
   \   000023   80..         SJMP    ?Subroutine1
    292          
    293          /*********************************************************************
    294           * @fn          MAC_SrcMatchCheckAllPending
    295           *
    296           * @brief       Check if acknowledging all packets with pending bit set
    297           *              is enabled. 
    298           *
    299           * @param       none 
    300           *
    301           * @return      MAC_AUTOACK_PENDING_ALL_ON or MAC_AUTOACK_PENDING_ALL_OFF
    302           */

   \                                 In  segment BANKED_CODE, align 1, keep-with-next
    303          uint8 MAC_SrcMatchCheckAllPending ( void )
   \                     MAC_SrcMatchCheckAllPending:
    304          {
   \   000000   C082         PUSH    DPL
   \   000002   C083         PUSH    DPH
   \   000004                ; Saved register size: 2
   \   000004                ; Auto size: 0
    305            if( macSrcMatchIsAckAllPending == TRUE )
   \   000004   90....       MOV     DPTR,#macSrcMatchIsAckAllPending
   \   000007   E0           MOVX    A,@DPTR
   \   000008   6401         XRL     A,#0x1
   \   00000A   7004         JNZ     ??MAC_SrcMatchCheckAllPending_0
    306            {
    307              return MAC_AUTOACK_PENDING_ALL_ON; 
   \   00000C   79FE         MOV     R1,#-0x2
   \   00000E   8002         SJMP    ??MAC_SrcMatchCheckAllPending_1
    308            }
    309            
    310            return MAC_AUTOACK_PENDING_ALL_OFF;
   \                     ??MAC_SrcMatchCheckAllPending_0:
   \   000010   79FF         MOV     R1,#-0x1
   \                     ??MAC_SrcMatchCheckAllPending_1:
   \   000012                REQUIRE ?Subroutine1
   \   000012                ; // Fall through to label ?Subroutine1
    311          }
    312          
    313          /*********************************************************************
    314           * @fn          MAC_SrcMatchCheckResult
    315           *
    316           * @brief       Check the result of source matching
    317           *
    318           * @param       index - index of the entry in the source address table
    319           *
    320           * @return      TRUE or FALSE
    321           */

   \                                 In  segment BANKED_CODE, align 1, keep-with-next
    322          MAC_INTERNAL_API bool MAC_SrcMatchCheckResult( void )
   \                     MAC_SrcMatchCheckResult:
    323          {
   \   000000   C082         PUSH    DPL
   \   000002   C083         PUSH    DPH
   \   000004                ; Saved register size: 2
   \   000004                ; Auto size: 0
    324            uint8 resIndex;
    325            
    326            if ( macSrcMatchIsAckAllPending )
   \   000004   90....       MOV     DPTR,#macSrcMatchIsAckAllPending
   \   000007   E0           MOVX    A,@DPTR
   \   000008   6004         JZ      ??MAC_SrcMatchCheckResult_0
    327            {
    328              return (TRUE);
   \   00000A   7901         MOV     R1,#0x1
   \   00000C   8009         SJMP    ??MAC_SrcMatchCheckResult_1
    329            }
    330            
    331            MAC_RADIO_SRC_MATCH_RESINDEX( resIndex );
   \                     ??MAC_SrcMatchCheckResult_0:
   \   00000E   906163       MOV     DPTR,#0x6163
   \   000011   E0           MOVX    A,@DPTR
   \   000012   FA           MOV     R2,A
    332            
    333            return ( resIndex & AUTOPEND_RES );
   \   000013   7440         MOV     A,#0x40
   \   000015   5A           ANL     A,R2
   \   000016   F9           MOV     R1,A
   \                     ??MAC_SrcMatchCheckResult_1:
   \   000017   80..         SJMP    ?Subroutine1
    334          }
    335          
    336          /*********************************************************************
    337           * @fn          macSrcMatchFindEmptyEntry
    338           *
    339           * @brief       return index of the first empty entry found
    340           *
    341           * @param       none
    342           *
    343           * @return      uint8 - return index of the first empty entry found
    344           */
    345          static uint8 macSrcMatchFindEmptyEntry( void )
    346          {
    347            uint8  index;
    348            uint24 enable;
    349               
    350            enable = MAC_RADIO_SRC_MATCH_GET_EN();
    351                  
    352            if( macSrcMatchAddrMode == SADDR_MODE_SHORT )
    353            {
    354              for( index = 0; index < macSrcMatchMaxNumEntries; index++ )
    355              {  
    356                if( ( enable & ( (uint24)0x01 << index ) ) == 0 )
    357                {
    358                  return index;
    359                }
    360              }
    361            }
    362            else
    363            {
    364              for( index = 0; index < macSrcMatchMaxNumEntries; index++ )
    365              {  
    366                if( ( enable & ( (uint24)0x01 << ( index * 2 ) ) ) == 0 )
    367                {
    368                  return index;
    369                }
    370              }
    371            }
    372            
    373            /* 
    374             The value of index shall be macSrcMatchMaxNumEntries when it executes
    375             here. The table is full.
    376            */
    377            return index;
    378          }
    379          
    380          /*********************************************************************
    381           * @fn         macSrcMatchCheckSrcAddr
    382           *
    383           * @brief      Check if a short or extended address is in the source address table.
    384           *             This function shall not be called from ISR. It is not thread safe.
    385           *
    386           * @param      addr - a pointer to sAddr_t which contains addrMode 
    387           *                    and a union of a short 16-bit MAC address or an extended 
    388           *                    64-bit MAC address to be checked in the source address table. 
    389           * @param      panID - the device PAN ID. It is only used when the addr is 
    390           *                     using short address 
    391          
    392           * @return     uint8 - index of the entry in the table. Return 
    393           *                     MAC_SRCMATCH_INVALID_INDEX (0xFF) if address not found.
    394           */

   \                                 In  segment BANKED_CODE, align 1, keep-with-next
    395          static uint8 macSrcMatchCheckSrcAddr ( sAddr_t *addr, uint16 panID  )
   \                     macSrcMatchCheckSrcAddr:
    396          {
   \   000000   74EC         MOV     A,#-0x14
   \   000002   12....       LCALL   ?BANKED_ENTER_XDATA
   \   000005                ; Saved register size: 20
   \   000005                ; Auto size: 12
   \   000005   74F4         MOV     A,#-0xc
   \   000007   12....       LCALL   ?ALLOC_XSTACK8
    397            uint8 index;     
    398            uint8 *pAddr;
    399            uint8 entrySize;
    400            uint8 entry[MAC_SRCMATCH_SHORT_ENTRY_SIZE];  
    401            uint8 ramEntry[MAC_SRCMATCH_EXT_ENTRY_SIZE];
    402                
    403            /*
    404             Currently, shadow memory is not supported to optimize SPI traffic.
    405            */
    406            
    407            if( macSrcMatchAddrMode == SADDR_MODE_SHORT )
   \   00000A   90....       MOV     DPTR,#macSrcMatchAddrMode
   \   00000D   E0           MOVX    A,@DPTR
   \   00000E   6402         XRL     A,#0x2
   \   000010   703E         JNZ     ??macSrcMatchCheckSrcAddr_0
    408            {
    409              entry[0] = LO_UINT16( panID );  /* Little Endian for the radio RAM */
   \   000012   EC           MOV     A,R4
   \   000013   85..82       MOV     DPL,?XSP + 0
   \   000016   85..83       MOV     DPH,?XSP + 1
   \   000019   F0           MOVX    @DPTR,A
    410              entry[1] = HI_UINT16( panID );
   \   00001A   7401         MOV     A,#0x1
   \   00001C   12....       LCALL   ?XSTACK_DISP0_8
   \   00001F   ED           MOV     A,R5
   \   000020   F0           MOVX    @DPTR,A
    411              entry[2] = LO_UINT16( addr->addr.shortAddr );
   \   000021   8A82         MOV     DPL,R2
   \   000023   8B83         MOV     DPH,R3
   \   000025   E0           MOVX    A,@DPTR
   \   000026   C0E0         PUSH    A
   \   000028   7402         MOV     A,#0x2
   \   00002A   12....       LCALL   ?XSTACK_DISP0_8
   \   00002D   D0E0         POP     A
   \   00002F   F0           MOVX    @DPTR,A
    412              entry[3] = HI_UINT16( addr->addr.shortAddr );
   \   000030   8A82         MOV     DPL,R2
   \   000032   8B83         MOV     DPH,R3
   \   000034   A3           INC     DPTR
   \   000035   E0           MOVX    A,@DPTR
   \   000036   C0E0         PUSH    A
   \   000038   7403         MOV     A,#0x3
   \   00003A   12....       LCALL   ?XSTACK_DISP0_8
   \   00003D   D0E0         POP     A
   \   00003F   F0           MOVX    @DPTR,A
    413              pAddr = entry;
   \   000040   85..82       MOV     DPL,?XSP + 0
   \   000043   85..83       MOV     DPH,?XSP + 1
   \   000046   8582..       MOV     ?V0 + 10,DPL
   \   000049   8583..       MOV     ?V0 + 11,DPH
    414              entrySize = MAC_SRCMATCH_SHORT_ENTRY_SIZE;
   \   00004C   7F04         MOV     R7,#0x4
   \   00004E   8006         SJMP    ??macSrcMatchCheckSrcAddr_1
    415            }
    416            else
    417            {
    418              pAddr = addr->addr.extAddr;
   \                     ??macSrcMatchCheckSrcAddr_0:
   \   000050   8A..         MOV     ?V0 + 10,R2
   \   000052   8B..         MOV     ?V0 + 11,R3
    419              entrySize = MAC_SRCMATCH_EXT_ENTRY_SIZE;
   \   000054   7F08         MOV     R7,#0x8
    420            }
    421            
    422            for( index = 0; index < macSrcMatchMaxNumEntries; index++ )
   \                     ??macSrcMatchCheckSrcAddr_1:
   \   000056   7E00         MOV     R6,#0x0
   \   000058   8001         SJMP    ??macSrcMatchCheckSrcAddr_2
   \                     ??macSrcMatchCheckSrcAddr_3:
   \   00005A   0E           INC     R6
   \                     ??macSrcMatchCheckSrcAddr_2:
   \   00005B   90....       MOV     DPTR,#macSrcMatchMaxNumEntries
   \   00005E   E0           MOVX    A,@DPTR
   \   00005F   FA           MOV     R2,A
   \   000060   EE           MOV     A,R6
   \   000061   C3           CLR     C
   \   000062   9A           SUBB    A,R2
   \   000063   4003         JC      $+5
   \   000065   02....       LJMP    ??macSrcMatchCheckSrcAddr_4 & 0xFFFF
    423            {
    424              /* Check if the entry is enabled */
    425              if( macSrcMatchCheckEnableBit( index ) == FALSE )
   \   000068   8E..         MOV     ?V0 + 8,R6
   \   00006A   90....       MOV     DPTR,#macSrcMatchAddrMode
   \   00006D   E0           MOVX    A,@DPTR
   \   00006E   6403         XRL     A,#0x3
   \   000070   7006         JNZ     ??macSrcMatchCheckSrcAddr_5
   \   000072   E5..         MOV     A,?V0 + 8
   \   000074   C3           CLR     C
   \   000075   33           RLC     A
   \   000076   F5..         MOV     ?V0 + 8,A
   \                     ??macSrcMatchCheckSrcAddr_5:
   \   000078                ; Setup parameters for call to function macSrcMatchGetEnableBit
   \   000078   12....       LCALL   ?Subroutine0 & 0xFFFF
   \                     ??CrossCallReturnLabel_1:
   \   00007B   E5..         MOV     A,?V0 + 8
   \   00007D   78..         MOV     R0,#?V0 + 4
   \   00007F   12....       LCALL   ?L_SHL
   \   000082   78..         MOV     R0,#?V0 + 0
   \   000084   79..         MOV     R1,#?V0 + 4
   \   000086   12....       LCALL   ?L_AND
   \   000089   90....       MOV     DPTR,#__Constant_0
   \   00008C   78..         MOV     R0,#?V0 + 0
   \   00008E   12....       LCALL   ?L_EQ_X
   \   000091   60C7         JZ      ??macSrcMatchCheckSrcAddr_3
    426              {
    427                continue; 
    428              }
    429                
    430              /* Compare the short address and pan ID */
    431              MAC_RADIO_SRC_MATCH_TABLE_READ( ( index * entrySize ), ramEntry, entrySize );
   \   000093                ; Setup parameters for call to function macMemReadRam
   \   000093   EF           MOV     A,R7
   \   000094   F9           MOV     R1,A
   \   000095   7404         MOV     A,#0x4
   \   000097   12....       LCALL   ?XSTACK_DISP0_8
   \   00009A   AC82         MOV     R4,DPL
   \   00009C   AD83         MOV     R5,DPH
   \   00009E   8E..         MOV     ?V0 + 0,R6
   \   0000A0   EF           MOV     A,R7
   \   0000A1   85..F0       MOV     B,?V0 + 0
   \   0000A4   A4           MUL     AB
   \   0000A5   FA           MOV     R2,A
   \   0000A6   A8F0         MOV     R0,B
   \   0000A8   E4           CLR     A
   \   0000A9   28           ADD     A,R0
   \   0000AA   3461         ADDC    A,#0x61
   \   0000AC   FB           MOV     R3,A
   \   0000AD   12....       LCALL   ??macMemReadRam?relay
    432               
    433              if( osal_memcmp( pAddr, ramEntry, entrySize ) == TRUE )
   \   0000B0                ; Setup parameters for call to function osal_memcmp
   \   0000B0   7404         MOV     A,#0x4
   \   0000B2   12....       LCALL   ?XSTACK_DISP0_8
   \   0000B5   A982         MOV     R1,DPL
   \   0000B7   AA83         MOV     R2,DPH
   \   0000B9   89..         MOV     ?V0 + 0,R1
   \   0000BB   8A..         MOV     ?V0 + 1,R2
   \   0000BD   75..00       MOV     ?V0 + 2,#0x0
   \   0000C0   78..         MOV     R0,#?V0 + 0
   \   0000C2   12....       LCALL   ?PUSH_XSTACK_I_THREE
   \   0000C5   EF           MOV     A,R7
   \   0000C6   FC           MOV     R4,A
   \   0000C7   7D00         MOV     R5,#0x0
   \   0000C9   85..82       MOV     DPL,?V0 + 10
   \   0000CC   85..83       MOV     DPH,?V0 + 11
   \   0000CF   A982         MOV     R1,DPL
   \   0000D1   AA83         MOV     R2,DPH
   \   0000D3   7B00         MOV     R3,#0x0
   \   0000D5   12....       LCALL   ??osal_memcmp?relay
   \   0000D8   7403         MOV     A,#0x3
   \   0000DA   12....       LCALL   ?DEALLOC_XSTACK8
   \   0000DD   E9           MOV     A,R1
   \   0000DE   6401         XRL     A,#0x1
   \   0000E0   6003         JZ      $+5
   \   0000E2   02....       LJMP    ??macSrcMatchCheckSrcAddr_3 & 0xFFFF
    434              {
    435                /* Match found */
    436                return index;
   \   0000E5   EE           MOV     A,R6
   \   0000E6   F9           MOV     R1,A
   \   0000E7   8002         SJMP    ??macSrcMatchCheckSrcAddr_6
    437              }
    438            }
    439            
    440            return MAC_SRCMATCH_INVALID_INDEX;
   \                     ??macSrcMatchCheckSrcAddr_4:
   \   0000E9   79FF         MOV     R1,#-0x1
   \                     ??macSrcMatchCheckSrcAddr_6:
   \   0000EB   740C         MOV     A,#0xc
   \   0000ED                REQUIRE ?Subroutine2
   \   0000ED                ; // Fall through to label ?Subroutine2
    441          }

   \                                 In  segment BANKED_CODE, align 1, keep-with-next
   \                     ?Subroutine2:
   \   000000   12....       LCALL   ?DEALLOC_XSTACK8
   \   000003   7F0C         MOV     R7,#0xc
   \   000005   02....       LJMP    ?BANKED_LEAVE_XDATA

   \                                 In  segment BANKED_CODE, align 1, keep-with-next
   \                     ?Subroutine0:
   \   000000   12....       LCALL   ??macSrcMatchGetEnableBit?relay
   \   000003   8A..         MOV     ?V0 + 0,R2
   \   000005   8B..         MOV     ?V0 + 1,R3
   \   000007   8C..         MOV     ?V0 + 2,R4
   \   000009   8D..         MOV     ?V0 + 3,R5
   \   00000B   75..01       MOV     ?V0 + 4,#0x1
   \   00000E   75..00       MOV     ?V0 + 5,#0x0
   \   000011   75..00       MOV     ?V0 + 6,#0x0
   \   000014   75..00       MOV     ?V0 + 7,#0x0
   \   000017   22           RET
    442          
    443          /*********************************************************************
    444           * @fn          macSrcMatchSetPendEnBit
    445           *
    446           * @brief       Set the enable bit in the source address table
    447           *
    448           * @param       index - index of the entry in the source address table
    449           *
    450           * @return      none
    451           */
    452          static void macSrcMatchSetPendEnBit( uint8 index )
    453          {
    454            uint24 enable;
    455            uint8 buf[MAC_SRCMATCH_ENABLE_BITMAP_LEN];
    456                 
    457            enable = MAC_RADIO_SRC_MATCH_GET_PENDEN(); 
    458                
    459            if( macSrcMatchAddrMode == SADDR_MODE_SHORT )
    460            {
    461              enable |= ( (uint24)0x01 << index );
    462              osal_buffer_uint24( buf, enable );
    463              MAC_RADIO_SRC_MATCH_SET_SHORTPENDEN( buf );
    464            }
    465            else
    466            {
    467              enable |= ( (uint24)0x01 << ( index * 2 ) );
    468              osal_buffer_uint24( buf, enable );
    469              MAC_RADIO_SRC_MATCH_SET_EXTPENDEN( buf );
    470            }
    471          }
    472          
    473          /*********************************************************************
    474           * @fn          macSrcMatchSetEnableBit
    475           *
    476           * @brief       Set or clear the enable bit in the SRCMATCH EN register
    477           *
    478           * @param       index - index of the entry in the source address table
    479           * @param       option - true (set the enable bit), or false (clear the enable bit)
    480           *
    481           * @return      none
    482           */

   \                                 In  segment BANKED_CODE, align 1, keep-with-next
    483          static void macSrcMatchSetEnableBit( uint8 index, bool option )
   \                     macSrcMatchSetEnableBit:
    484          {
   \   000000   74EC         MOV     A,#-0x14
   \   000002   12....       LCALL   ?BANKED_ENTER_XDATA
   \   000005                ; Saved register size: 20
   \   000005                ; Auto size: 0
   \   000005   E9           MOV     A,R1
   \   000006   FE           MOV     R6,A
   \   000007   EA           MOV     A,R2
   \   000008   FF           MOV     R7,A
    485            uint24 enable;  
    486            
    487            enable = MAC_RADIO_SRC_MATCH_GET_EN(); 
   \   000009                ; Setup parameters for call to function macSrcMatchGetEnableBit
   \   000009   12....       LCALL   ?Subroutine0 & 0xFFFF
    488                
    489            if( option == TRUE )
   \                     ??CrossCallReturnLabel_0:
   \   00000C   EE           MOV     A,R6
   \   00000D   C3           CLR     C
   \   00000E   33           RLC     A
   \   00000F   78..         MOV     R0,#?V0 + 4
   \   000011   12....       LCALL   ?L_SHL
   \   000014   75..01       MOV     ?V0 + 8,#0x1
   \   000017   F5..         MOV     ?V0 + 9,A
   \   000019   F5..         MOV     ?V0 + 10,A
   \   00001B   F5..         MOV     ?V0 + 11,A
   \   00001D   EE           MOV     A,R6
   \   00001E   78..         MOV     R0,#?V0 + 8
   \   000020   12....       LCALL   ?L_SHL
   \   000023   7401         MOV     A,#0x1
   \   000025   6F           XRL     A,R7
   \   000026   90....       MOV     DPTR,#macSrcMatchAddrMode
   \   000029   701C         JNZ     ??macSrcMatchSetEnableBit_0
    490            {
    491              if( macSrcMatchAddrMode == SADDR_MODE_SHORT )
   \   00002B   E0           MOVX    A,@DPTR
   \   00002C   6402         XRL     A,#0x2
   \   00002E   78..         MOV     R0,#?V0 + 0
   \   000030   700E         JNZ     ??macSrcMatchSetEnableBit_1
    492              {
    493                enable |= ( (uint24)0x01 << index );
    494                MAC_RADIO_SRC_MATCH_SET_SHORTEN( enable );
   \   000032                ; Setup parameters for call to function osal_buffer_uint24
   \   000032   79..         MOV     R1,#?V0 + 8
   \   000034   12....       LCALL   ?L_IOR
   \                     ??macSrcMatchSetEnableBit_2:
   \   000037   78..         MOV     R0,#?V0 + 0
   \   000039   12....       LCALL   ?PUSH_XSTACK_I_FOUR
   \   00003C   7A83         MOV     R2,#-0x7d
   \   00003E   802D         SJMP    ??macSrcMatchSetEnableBit_3
    495              }
    496              else
    497              {
    498                enable |= ( (uint24)0x01 << ( index * 2 ) );
    499                MAC_RADIO_SRC_MATCH_SET_EXTEN( enable );
   \                     ??macSrcMatchSetEnableBit_1:
   \   000040                ; Setup parameters for call to function osal_buffer_uint24
   \   000040   79..         MOV     R1,#?V0 + 4
   \   000042   12....       LCALL   ?L_IOR
   \   000045   801F         SJMP    ??macSrcMatchSetEnableBit_4
    500              }
    501            }
    502            else
    503            {
    504              if( macSrcMatchAddrMode == SADDR_MODE_SHORT )
   \                     ??macSrcMatchSetEnableBit_0:
   \   000047   E0           MOVX    A,@DPTR
   \   000048   6402         XRL     A,#0x2
   \   00004A   700E         JNZ     ??macSrcMatchSetEnableBit_5
    505              {
    506                enable &= ~( (uint24)0x01 << index );
    507                MAC_RADIO_SRC_MATCH_SET_SHORTEN( enable );
   \   00004C                ; Setup parameters for call to function osal_buffer_uint24
   \   00004C   78..         MOV     R0,#?V0 + 8
   \   00004E   12....       LCALL   ?L_NOT
   \   000051   78..         MOV     R0,#?V0 + 0
   \   000053   79..         MOV     R1,#?V0 + 8
   \   000055   12....       LCALL   ?L_AND
   \   000058   80DD         SJMP    ??macSrcMatchSetEnableBit_2
    508              }
    509              else
    510              {
    511                enable &= ~( (uint24)0x01 << ( index * 2 ) );
    512                MAC_RADIO_SRC_MATCH_SET_EXTEN( enable );
   \                     ??macSrcMatchSetEnableBit_5:
   \   00005A                ; Setup parameters for call to function osal_buffer_uint24
   \   00005A   78..         MOV     R0,#?V0 + 4
   \   00005C   12....       LCALL   ?L_NOT
   \   00005F   78..         MOV     R0,#?V0 + 0
   \   000061   79..         MOV     R1,#?V0 + 4
   \   000063   12....       LCALL   ?L_AND
   \                     ??macSrcMatchSetEnableBit_4:
   \   000066   78..         MOV     R0,#?V0 + 0
   \   000068   12....       LCALL   ?PUSH_XSTACK_I_FOUR
   \   00006B   7A86         MOV     R2,#-0x7a
   \                     ??macSrcMatchSetEnableBit_3:
   \   00006D   7B61         MOV     R3,#0x61
   \   00006F   12....       LCALL   ??osal_buffer_uint24?relay
   \   000072   7404         MOV     A,#0x4
    513              }
    514            }
   \   000074   80..         SJMP    ?Subroutine2
    515          }
    516          
    517          /*********************************************************************
    518           * @fn          macSrcMatchCheckEnableBit
    519           *
    520           * @brief       Check the enable bit in the source address table
    521           *
    522           * @param       index - index of the entry in the source address table
    523           *
    524           * @return      TRUE or FALSE
    525           */
    526          static bool macSrcMatchCheckEnableBit( uint8 index )
    527          {
    528            uint24 enable;
    529            
    530            if( macSrcMatchAddrMode == SADDR_MODE_EXT )
    531            {
    532              index *= 2;
    533            }
    534            
    535            enable = MAC_RADIO_SRC_MATCH_GET_EN();
    536               
    537            if( enable & ( (uint24)0x01 << index ) )
    538            {
    539              return TRUE;
    540            }
    541          
    542            return FALSE; 
    543          }
    544           
    545          /*********************************************************************
    546           * @fn          macSrcMatchGetEnableBit
    547           *
    548           * @brief       Return the SRCMATCH enable bitmap
    549           *
    550           * @param       none
    551           *
    552           * @return      uint24 - 24 bits bitmap
    553           */

   \                                 In  segment BANKED_CODE, align 1, keep-with-next
    554          static uint24 macSrcMatchGetEnableBit( void )
   \                     macSrcMatchGetEnableBit:
    555          { 
   \   000000   C082         PUSH    DPL
   \   000002   C083         PUSH    DPH
   \   000004                ; Saved register size: 2
   \   000004                ; Auto size: 3
   \   000004   74FD         MOV     A,#-0x3
   \   000006   12....       LCALL   ?ALLOC_XSTACK8
    556            uint8 buf[MAC_SRCMATCH_ENABLE_BITMAP_LEN];
    557            
    558            if( macSrcMatchAddrMode == SADDR_MODE_SHORT )
   \   000009   90....       MOV     DPTR,#macSrcMatchAddrMode
   \   00000C   E0           MOVX    A,@DPTR
   \   00000D   6402         XRL     A,#0x2
   \   00000F   7903         MOV     R1,#0x3
   \   000011   85..82       MOV     DPL,?XSP + 0
   \   000014   85..83       MOV     DPH,?XSP + 1
   \   000017   AC82         MOV     R4,DPL
   \   000019   AD83         MOV     R5,DPH
   \   00001B   7004         JNZ     ??macSrcMatchGetEnableBit_0
    559            {
    560              MAC_RADIO_GET_SRC_SHORTEN( buf );
   \   00001D                ; Setup parameters for call to function macMemReadRam
   \   00001D   7A83         MOV     R2,#-0x7d
   \   00001F   8002         SJMP    ??macSrcMatchGetEnableBit_1
    561            }
    562            else
    563            {
    564              MAC_RADIO_GET_SRC_EXTEN( buf );
   \                     ??macSrcMatchGetEnableBit_0:
   \   000021                ; Setup parameters for call to function macMemReadRam
   \   000021   7A86         MOV     R2,#-0x7a
   \                     ??macSrcMatchGetEnableBit_1:
   \   000023   7B61         MOV     R3,#0x61
   \   000025   12....       LCALL   ??macMemReadRam?relay
    565            }
    566            
    567            return osal_build_uint32( buf, MAC_SRCMATCH_ENABLE_BITMAP_LEN );
   \   000028                ; Setup parameters for call to function osal_build_uint32
   \   000028   7903         MOV     R1,#0x3
   \   00002A   85..82       MOV     DPL,?XSP + 0
   \   00002D   85..83       MOV     DPH,?XSP + 1
   \   000030   AA82         MOV     R2,DPL
   \   000032   AB83         MOV     R3,DPH
   \   000034   12....       LCALL   ??osal_build_uint32?relay
   \   000037   7403         MOV     A,#0x3
   \   000039   12....       LCALL   ?DEALLOC_XSTACK8
   \   00003C   02....       LJMP    ?Subroutine1 & 0xFFFF
    568          }

   \                                 In  segment XDATA_ID, align 1, keep-with-next
   \                     `?<Initializer for macSrcMatchAddrMode>`:
   \   000000   02           DB 2

   \                                 In  segment XDATA_ROM_C, align 1
   \                     __Constant_0:
   \   000000   00000000     DD 0

   \                                 In  segment BANK_RELAYS, align 1
   \                     ??MAC_SrcMatchEnable?relay:
   \   000000   12....       LCALL   ?BDISPATCH
   \   000003   ......       DC24    MAC_SrcMatchEnable

   \                                 In  segment BANK_RELAYS, align 1
   \                     ??MAC_SrcMatchAddEntry?relay:
   \   000000   12....       LCALL   ?BDISPATCH
   \   000003   ......       DC24    MAC_SrcMatchAddEntry

   \                                 In  segment BANK_RELAYS, align 1
   \                     ??MAC_SrcMatchDeleteEntry?relay:
   \   000000   12....       LCALL   ?BDISPATCH
   \   000003   ......       DC24    MAC_SrcMatchDeleteEntry

   \                                 In  segment BANK_RELAYS, align 1
   \                     ??MAC_SrcMatchAckAllPending?relay:
   \   000000   12....       LCALL   ?BDISPATCH
   \   000003   ......       DC24    MAC_SrcMatchAckAllPending

   \                                 In  segment BANK_RELAYS, align 1
   \                     ??MAC_SrcMatchCheckAllPending?relay:
   \   000000   12....       LCALL   ?BDISPATCH
   \   000003   ......       DC24    MAC_SrcMatchCheckAllPending

   \                                 In  segment BANK_RELAYS, align 1
   \                     ??MAC_SrcMatchCheckResult?relay:
   \   000000   12....       LCALL   ?BDISPATCH
   \   000003   ......       DC24    MAC_SrcMatchCheckResult

   \                                 In  segment BANK_RELAYS, align 1
   \                     ??macSrcMatchCheckSrcAddr?relay:
   \   000000   12....       LCALL   ?BDISPATCH
   \   000003   ......       DC24    macSrcMatchCheckSrcAddr

   \                                 In  segment BANK_RELAYS, align 1
   \                     ??macSrcMatchSetEnableBit?relay:
   \   000000   12....       LCALL   ?BDISPATCH
   \   000003   ......       DC24    macSrcMatchSetEnableBit

   \                                 In  segment BANK_RELAYS, align 1
   \                     ??macSrcMatchGetEnableBit?relay:
   \   000000   12....       LCALL   ?BDISPATCH
   \   000003   ......       DC24    macSrcMatchGetEnableBit
    569          
    570          /*********************************************************************
    571           * @fn          macSrcMatchGetPendEnBit
    572           *
    573           * @brief       Return the SRCMATCH Pend enable bitmap
    574           *
    575           * @param       none
    576           *
    577           * @return      uint24 - 24 bits bitmap
    578           */
    579          static uint24 macSrcMatchGetPendEnBit( void )
    580          {
    581            uint8 buf[MAC_SRCMATCH_ENABLE_BITMAP_LEN];
    582          
    583            if( macSrcMatchAddrMode == SADDR_MODE_SHORT )
    584            {
    585              MAC_RADIO_GET_SRC_SHORTPENDEN( buf );
    586            }
    587            else
    588            {
    589              MAC_RADIO_GET_SRC_EXTENPEND( buf );
    590            }
    591            
    592            return osal_build_uint32( buf, MAC_SRCMATCH_ENABLE_BITMAP_LEN );
    593          }
    594          
    595          

   Maximum stack usage in bytes:

     Function                     ISTACK PSTACK XSTACK
     --------                     ------ ------ ------
     MAC_SrcMatchAckAllPending        2      0      0
     MAC_SrcMatchAddEntry             1      0     38
       -> macSrcMatchCheckSrcAddr     0      0     68
       -> macSrcMatchGetEnableBit     0      0     68
       -> macMemWriteRam              0      0     68
       -> macMemWriteRam              0      0     68
       -> macMemReadRam               0      0     68
       -> macMemReadRam               0      0     68
       -> osal_build_uint32           0      0     68
       -> osal_buffer_uint24          0      0     76
       -> macMemWriteRam              0      0     68
       -> osal_buffer_uint24          0      0     76
       -> macMemWriteRam              0      0     68
       -> macSrcMatchSetEnableBit     0      0     68
     MAC_SrcMatchCheckAllPending      2      0      0
     MAC_SrcMatchCheckResult          2      0      0
     MAC_SrcMatchDeleteEntry          0      0      9
       -> macSrcMatchCheckSrcAddr     0      0     18
       -> macSrcMatchSetEnableBit     0      0     18
     MAC_SrcMatchEnable               2      0      0
     macSrcMatchCheckSrcAddr          1      0     69
       -> macSrcMatchGetEnableBit     0      0     64
       -> macMemReadRam               0      0     64
       -> osal_memcmp                 0      0     70
     macSrcMatchGetEnableBit          2      0     37
       -> macMemReadRam               4      0      6
       -> macMemReadRam               4      0      6
       -> osal_build_uint32           4      0      6
     macSrcMatchSetEnableBit          0      0     58
       -> macSrcMatchGetEnableBit     0      0     40
       -> osal_buffer_uint24          0      0     48
       -> osal_buffer_uint24          0      0     48
       -> osal_buffer_uint24          0      0     48
       -> osal_buffer_uint24          0      0     48


   Segment part sizes:

     Function/Label                         Bytes
     --------------                         -----
     macSrcMatchIsEnabled                      1
     macSrcMatchMaxNumEntries                  1
     macSrcMatchAddrMode                       1
     macSrcMatchIsAckAllPending                1
     MAC_SrcMatchEnable                       83
     ?Subroutine1                              7
     MAC_SrcMatchAddEntry                    532
     MAC_SrcMatchDeleteEntry                  56
     MAC_SrcMatchAckAllPending                37
     MAC_SrcMatchCheckAllPending              18
     MAC_SrcMatchCheckResult                  25
     macSrcMatchCheckSrcAddr                 237
     ?Subroutine2                              8
     ?Subroutine0                             24
     macSrcMatchSetEnableBit                 118
     macSrcMatchGetEnableBit                  63
     ?<Initializer for macSrcMatchAddrMode>    1
     __Constant_0                              4
     ??MAC_SrcMatchEnable?relay                6
     ??MAC_SrcMatchAddEntry?relay              6
     ??MAC_SrcMatchDeleteEntry?relay           6
     ??MAC_SrcMatchAckAllPending?relay         6
     ??MAC_SrcMatchCheckAllPending?relay       6
     ??MAC_SrcMatchCheckResult?relay           6
     ??macSrcMatchCheckSrcAddr?relay           6
     ??macSrcMatchSetEnableBit?relay           6
     ??macSrcMatchGetEnableBit?relay           6

 
 1 208 bytes in segment BANKED_CODE
    54 bytes in segment BANK_RELAYS
     1 byte  in segment XDATA_I
     1 byte  in segment XDATA_ID
     4 bytes in segment XDATA_ROM_C
     3 bytes in segment XDATA_Z
 
 1 263 bytes of CODE  memory
     0 bytes of CONST memory (+ 4 bytes shared)
     4 bytes of XDATA memory

Errors: none
Warnings: none
