###############################################################################
#                                                                             #
# IAR C/C++ Compiler V7.51A/W32 for 8051                24/May/2015  19:07:08 #
# Copyright 2004-2009 IAR Systems AB.                                         #
#                                                                             #
#    Core               =  plain                                              #
#    Code model         =  banked                                             #
#    Data model         =  large                                              #
#    Calling convention =  xdata reentrant                                    #
#    Constant location  =  data_rom                                           #
#    Dptr setup         =  1,16                                               #
#    Source file        =  C:\Texas Instruments\ZStack-CC2530-2.3.0-1.4.0\Com #
#                          ponents\mt\MT_DEBUG.c                              #
#    Command line       =  -f "C:\Texas Instruments\ZStack-CC2530-2.3.0-1.4.0 #
#                          \Projects\zstack\Samples\ParkingS\CC2530DB\..\..\. #
#                          .\Tools\CC2530DB\f8wRouter.cfg" (-DCPU32MHZ        #
#                          -DROOT=__near_func -DMAC_CFG_APP_PENDING_QUEUE=TRU #
#                          E -DRTR_NWK -DBLINK_LEDS) -f "C:\Texas             #
#                          Instruments\ZStack-CC2530-2.3.0-1.4.0\Projects\zst #
#                          ack\Samples\ParkingS\CC2530DB\..\..\..\Tools\CC253 #
#                          0DB\f8wConfig.cfg" (-DSECURE=0                     #
#                          -DZG_SECURE_DYNAMIC=0 -DREFLECTOR                  #
#                          -DDEFAULT_CHANLIST=0x00000800                      #
#                          -DZDAPP_CONFIG_PAN_ID=0xFFFF                       #
#                          -DNWK_START_DELAY=100 -DEXTENDED_JOINING_RANDOM_MA #
#                          SK=0x007F -DBEACON_REQUEST_DELAY=100               #
#                          -DBEACON_REQ_DELAY_MASK=0x00FF                     #
#                          -DROUTE_EXPIRY_TIME=30 -DAPSC_ACK_WAIT_DURATION_PO #
#                          LLED=3000 -DNWK_INDIRECT_MSG_TIMEOUT=7             #
#                          -DMAX_RREQ_ENTRIES=8 -DAPSC_MAX_FRAME_RETRIES=3    #
#                          -DNWK_MAX_DATA_RETRIES=2                           #
#                          -DMAX_POLL_FAILURE_RETRIES=2 -DMAX_BCAST=9         #
#                          -DAPS_MAX_GROUPS=16 -DMAX_RTG_ENTRIES=40           #
#                          -DNWK_MAX_BINDING_ENTRIES=4                        #
#                          -DMAX_BINDING_CLUSTER_IDS=4 "-DDEFAULT_KEY={0x01,  #
#                          0x03, 0x05, 0x07, 0x09, 0x0B, 0x0D, 0x0F, 0x00,    #
#                          0x02, 0x04, 0x06, 0x08, 0x0A, 0x0C, 0x0D}"         #
#                          -DMAC_MAX_FRAME_SIZE=116 "-DCONST=const __code"    #
#                          -DGENERIC=__generic -DRFD_RCVC_ALWAYS_ON=FALSE     #
#                          -DPOLL_RATE=1000 -DQUEUED_POLL_RATE=100            #
#                          -DRESPONSE_POLL_RATE=100) -DREJOIN_POLL_RATE=440   #
#                          "C:\Texas Instruments\ZStack-CC2530-2.3.0-1.4.0\Co #
#                          mponents\mt\MT_DEBUG.c" -D ZTOOL_P1 -D MT_TASK -D  #
#                          MT_SYS_FUNC -D MT_ZDO_FUNC -D LCD_SUPPORTED=DEBUG  #
#                          -lC "C:\Texas Instruments\ZStack-CC2530-2.3.0-1.4. #
#                          0\Projects\zstack\Samples\ParkingS\CC2530DB\Router #
#                          EB\List\" -lA "C:\Texas Instruments\ZStack-CC2530- #
#                          2.3.0-1.4.0\Projects\zstack\Samples\ParkingS\CC253 #
#                          0DB\RouterEB\List\" --diag_suppress Pe001,Pa010    #
#                          -o "C:\Texas Instruments\ZStack-CC2530-2.3.0-1.4.0 #
#                          \Projects\zstack\Samples\ParkingS\CC2530DB\RouterE #
#                          B\Obj\" -e --require_prototypes --debug            #
#                          --core=plain --dptr=16,1 --data_model=large        #
#                          --code_model=banked --calling_convention=xdata_ree #
#                          ntrant --place_constants=data_rom                  #
#                          --nr_virtual_regs 16 -I "C:\Texas                  #
#                          Instruments\ZStack-CC2530-2.3.0-1.4.0\Projects\zst #
#                          ack\Samples\ParkingS\CC2530DB\" -I "C:\Texas       #
#                          Instruments\ZStack-CC2530-2.3.0-1.4.0\Projects\zst #
#                          ack\Samples\ParkingS\CC2530DB\..\SOURCE\" -I       #
#                          "C:\Texas Instruments\ZStack-CC2530-2.3.0-1.4.0\Pr #
#                          ojects\zstack\Samples\ParkingS\CC2530DB\..\..\..\Z #
#                          MAIN\TI2530DB\" -I "C:\Texas                       #
#                          Instruments\ZStack-CC2530-2.3.0-1.4.0\Projects\zst #
#                          ack\Samples\ParkingS\CC2530DB\..\..\..\..\..\COMPO #
#                          NENTS\MT\" -I "C:\Texas Instruments\ZStack-CC2530- #
#                          2.3.0-1.4.0\Projects\zstack\Samples\ParkingS\CC253 #
#                          0DB\..\..\..\..\..\COMPONENTS\HAL\INCLUDE\" -I     #
#                          "C:\Texas Instruments\ZStack-CC2530-2.3.0-1.4.0\Pr #
#                          ojects\zstack\Samples\ParkingS\CC2530DB\..\..\..\. #
#                          .\..\COMPONENTS\HAL\TARGET\CC2530EB\" -I           #
#                          "C:\Texas Instruments\ZStack-CC2530-2.3.0-1.4.0\Pr #
#                          ojects\zstack\Samples\ParkingS\CC2530DB\..\..\..\. #
#                          .\..\COMPONENTS\OSAL\MCU\CCSOC\" -I "C:\Texas      #
#                          Instruments\ZStack-CC2530-2.3.0-1.4.0\Projects\zst #
#                          ack\Samples\ParkingS\CC2530DB\..\..\..\..\..\COMPO #
#                          NENTS\OSAL\INCLUDE\" -I "C:\Texas                  #
#                          Instruments\ZStack-CC2530-2.3.0-1.4.0\Projects\zst #
#                          ack\Samples\ParkingS\CC2530DB\..\..\..\..\..\COMPO #
#                          NENTS\STACK\AF\" -I "C:\Texas                      #
#                          Instruments\ZStack-CC2530-2.3.0-1.4.0\Projects\zst #
#                          ack\Samples\ParkingS\CC2530DB\..\..\..\..\..\COMPO #
#                          NENTS\STACK\NWK\" -I "C:\Texas                     #
#                          Instruments\ZStack-CC2530-2.3.0-1.4.0\Projects\zst #
#                          ack\Samples\ParkingS\CC2530DB\..\..\..\..\..\COMPO #
#                          NENTS\STACK\SEC\" -I "C:\Texas                     #
#                          Instruments\ZStack-CC2530-2.3.0-1.4.0\Projects\zst #
#                          ack\Samples\ParkingS\CC2530DB\..\..\..\..\..\COMPO #
#                          NENTS\STACK\SAPI\" -I "C:\Texas                    #
#                          Instruments\ZStack-CC2530-2.3.0-1.4.0\Projects\zst #
#                          ack\Samples\ParkingS\CC2530DB\..\..\..\..\..\COMPO #
#                          NENTS\STACK\SYS\" -I "C:\Texas                     #
#                          Instruments\ZStack-CC2530-2.3.0-1.4.0\Projects\zst #
#                          ack\Samples\ParkingS\CC2530DB\..\..\..\..\..\COMPO #
#                          NENTS\STACK\ZDO\" -I "C:\Texas                     #
#                          Instruments\ZStack-CC2530-2.3.0-1.4.0\Projects\zst #
#                          ack\Samples\ParkingS\CC2530DB\..\..\..\..\..\COMPO #
#                          NENTS\ZMAC\F8W\" -I "C:\Texas                      #
#                          Instruments\ZStack-CC2530-2.3.0-1.4.0\Projects\zst #
#                          ack\Samples\ParkingS\CC2530DB\..\..\..\..\..\COMPO #
#                          NENTS\ZMAC\" -I "C:\Texas                          #
#                          Instruments\ZStack-CC2530-2.3.0-1.4.0\Projects\zst #
#                          ack\Samples\ParkingS\CC2530DB\..\..\..\..\..\COMPO #
#                          NENTS\SERVICES\SADDR\" -I "C:\Texas                #
#                          Instruments\ZStack-CC2530-2.3.0-1.4.0\Projects\zst #
#                          ack\Samples\ParkingS\CC2530DB\..\..\..\..\..\COMPO #
#                          NENTS\SERVICES\SDATA\" -I "C:\Texas                #
#                          Instruments\ZStack-CC2530-2.3.0-1.4.0\Projects\zst #
#                          ack\Samples\ParkingS\CC2530DB\..\..\..\..\..\COMPO #
#                          NENTS\MAC\INCLUDE\" -I "C:\Texas                   #
#                          Instruments\ZStack-CC2530-2.3.0-1.4.0\Projects\zst #
#                          ack\Samples\ParkingS\CC2530DB\..\..\..\..\..\COMPO #
#                          NENTS\MAC\HIGH_LEVEL\" -I "C:\Texas                #
#                          Instruments\ZStack-CC2530-2.3.0-1.4.0\Projects\zst #
#                          ack\Samples\ParkingS\CC2530DB\..\..\..\..\..\COMPO #
#                          NENTS\MAC\LOW_LEVEL\srf04\" -I "C:\Texas           #
#                          Instruments\ZStack-CC2530-2.3.0-1.4.0\Projects\zst #
#                          ack\Samples\ParkingS\CC2530DB\..\..\..\..\..\COMPO #
#                          NENTS\MAC\LOW_LEVEL\srf04\SINGLE_CHIP\" -I         #
#                          "C:\Program Files\IAR Systems\Embedded Workbench   #
#                          5.3\8051\INC\" -I "C:\Program Files\IAR            #
#                          Systems\Embedded Workbench 5.3\8051\INC\CLIB\"     #
#                          -Ohz                                               #
#    List file          =  C:\Texas Instruments\ZStack-CC2530-2.3.0-1.4.0\Pro #
#                          jects\zstack\Samples\ParkingS\CC2530DB\RouterEB\Li #
#                          st\MT_DEBUG.lst                                    #
#    Object file        =  C:\Texas Instruments\ZStack-CC2530-2.3.0-1.4.0\Pro #
#                          jects\zstack\Samples\ParkingS\CC2530DB\RouterEB\Ob #
#                          j\MT_DEBUG.r51                                     #
#                                                                             #
#                                                                             #
###############################################################################

C:\Texas Instruments\ZStack-CC2530-2.3.0-1.4.0\Components\mt\MT_DEBUG.c
      1          /***************************************************************************************************
      2            Filename:       MT.c
      3            Revised:        $Date: 2008-02-12 16:28:45 -0800 (Tue, 12 Feb 2008) $
      4            Revision:       $Revision: 16392 $
      5          
      6            Description:
      7          
      8            Copyright 2007 Texas Instruments Incorporated. All rights reserved.
      9          
     10            IMPORTANT: Your use of this Software is limited to those specific rights
     11            granted under the terms of a software license agreement between the user
     12            who downloaded the software, his/her employer (which must be your employer)
     13            and Texas Instruments Incorporated (the "License").  You may not use this
     14            Software unless you agree to abide by the terms of the License. The License
     15            limits your use, and you acknowledge, that the Software may not be modified,
     16            copied or distributed unless embedded on a Texas Instruments microcontroller
     17            or used solely and exclusively in conjunction with a Texas Instruments radio
     18            frequency transceiver, which is integrated into your product.  Other than for
     19            the foregoing purpose, you may not use, reproduce, copy, prepare derivative
     20            works of, modify, distribute, perform, display or sell this Software and/or
     21            its documentation for any purpose.
     22          
     23            YOU FURTHER ACKNOWLEDGE AND AGREE THAT THE SOFTWARE AND DOCUMENTATION ARE
     24            PROVIDED “AS IS” WITHOUT WARRANTY OF ANY KIND, EITHER EXPRESS OR IMPLIED,
     25            INCLUDING WITHOUT LIMITATION, ANY WARRANTY OF MERCHANTABILITY, TITLE,
     26            NON-INFRINGEMENT AND FITNESS FOR A PARTICULAR PURPOSE. IN NO EVENT SHALL
     27            TEXAS INSTRUMENTS OR ITS LICENSORS BE LIABLE OR OBLIGATED UNDER CONTRACT,
     28            NEGLIGENCE, STRICT LIABILITY, CONTRIBUTION, BREACH OF WARRANTY, OR OTHER
     29            LEGAL EQUITABLE THEORY ANY DIRECT OR INDIRECT DAMAGES OR EXPENSES
     30            INCLUDING BUT NOT LIMITED TO ANY INCIDENTAL, SPECIAL, INDIRECT, PUNITIVE
     31            OR CONSEQUENTIAL DAMAGES, LOST PROFITS OR LOST DATA, COST OF PROCUREMENT
     32            OF SUBSTITUTE GOODS, TECHNOLOGY, SERVICES, OR ANY CLAIMS BY THIRD PARTIES
     33            (INCLUDING BUT NOT LIMITED TO ANY DEFENSE THEREOF), OR OTHER SIMILAR COSTS.
     34          
     35            Should you have any questions regarding your right to use this Software,
     36            contact Texas Instruments Incorporated at www.TI.com.
     37          
     38           ***************************************************************************************************/
     39          
     40          /***************************************************************************************************
     41           * INCLUDES
     42           ***************************************************************************************************/
     43          #include "ZComDef.h"
     44          #include "MT.h"
     45          #include "MT_DEBUG.h"
     46          #include "MT_UART.h"
     47          
     48          /***************************************************************************************************
     49           * LOCAL FUNCTIONs
     50           ***************************************************************************************************/
     51          #if defined (MT_DEBUG_FUNC)
     52          void MT_DebugSetThreshold(uint8 *pBuf);
     53          #endif
     54          
     55          #if defined (MT_DEBUG_FUNC)
     56          /***************************************************************************************************
     57           * @fn      MT_DebugProcessing
     58           *
     59           * @brief   Process all the DEBUG commands that are issued by test tool
     60           *
     61           * @param   pBuf - pointer to received buffer
     62           *
     63           * @return  status
     64           ***************************************************************************************************/
     65          uint8 MT_DebugCommandProcessing(uint8 *pBuf)
     66          {
     67            uint8 status = MT_RPC_SUCCESS;
     68          
     69            switch (pBuf[MT_RPC_POS_CMD1])
     70            {
     71              case MT_DEBUG_SET_THRESHOLD:
     72                MT_DebugSetThreshold(pBuf);
     73                break;
     74          
     75              default:
     76                status = MT_RPC_ERR_COMMAND_ID;
     77                break;
     78            }
     79          
     80            return status;
     81          }
     82          
     83          /***************************************************************************************************
     84           * @fn      MT_DebugSetThreshold
     85           *
     86           * @brief   Process Debug Set Threshold
     87           *
     88           * @param   pBuf - pointer to received buffer
     89           *
     90           * @return  void
     91           ***************************************************************************************************/
     92          void MT_DebugSetThreshold(uint8 *pBuf)
     93          {
     94            uint8 retValue = ZSuccess;
     95            uint8 cmdId;
     96          
     97            /* parse header */
     98            cmdId = pBuf[MT_RPC_POS_CMD1];
     99            pBuf += MT_RPC_FRAME_HDR_SZ;
    100          
    101            /* Populate info */
    102            debugCompId = *pBuf++;
    103            debugThreshold = *pBuf++;
    104          
    105            /* Build and send back the response */
    106            MT_BuildAndSendZToolResponse(((uint8)MT_RPC_CMD_SRSP | (uint8)MT_RPC_SYS_DBG), cmdId, 1, &retValue);
    107          }
    108          #endif /* MT_DEBUG_FUNC */
    109          
    110          /***************************************************************************************************
    111           * @fn      MT_ProcessDebugMsg
    112           *
    113           * @brief   Build and send a debug message.
    114           *
    115           * @param   byte *data - pointer to the data portion of the debug message
    116           *
    117           * @return  void
    118           ***************************************************************************************************/

   \                                 In  segment BANKED_CODE, align 1, keep-with-next
    119          void MT_ProcessDebugMsg( mtDebugMsg_t *msg )
   \                     MT_ProcessDebugMsg:
    120          {
   \   000000   74F0         MOV     A,#-0x10
   \   000002   12....       LCALL   ?BANKED_ENTER_XDATA
   \   000005                ; Saved register size: 16
   \   000005                ; Auto size: 11
   \   000005   74F5         MOV     A,#-0xb
   \   000007   12....       LCALL   ?ALLOC_XSTACK8
   \   00000A   EA           MOV     A,R2
   \   00000B   FE           MOV     R6,A
   \   00000C   EB           MOV     A,R3
   \   00000D   FF           MOV     R7,A
    121            byte *msg_ptr;
    122            byte dataLen;
    123            uint8 buf[11];
    124            uint8 *pBuf;
    125          
    126            /* Calculate the data length based */
    127            dataLen = 5 + (msg->numParams * sizeof ( uint16 ));
   \   00000E   EE           MOV     A,R6
   \   00000F   2404         ADD     A,#0x4
   \   000011   F8           MOV     R0,A
   \   000012   EF           MOV     A,R7
   \   000013   12....       LCALL   ?Subroutine1 & 0xFFFF
   \                     ??CrossCallReturnLabel_2:
   \   000016   C3           CLR     C
   \   000017   33           RLC     A
   \   000018   2405         ADD     A,#0x5
   \   00001A   F5..         MOV     ?V0 + 4,A
    128          
    129            /* Get a message buffer to build the debug message */
    130            msg_ptr = osal_msg_allocate( (byte)(SPI_0DATA_MSG_LEN + dataLen + 1) );
   \   00001C                ; Setup parameters for call to function osal_msg_allocate
   \   00001C   7406         MOV     A,#0x6
   \   00001E   25..         ADD     A,?V0 + 4
   \   000020   FA           MOV     R2,A
   \   000021   7B00         MOV     R3,#0x0
   \   000023   12....       LCALL   ??osal_msg_allocate?relay
   \   000026   8A..         MOV     ?V0 + 0,R2
   \   000028   8B..         MOV     ?V0 + 1,R3
    131            if ( msg_ptr )
   \   00002A   EA           MOV     A,R2
   \   00002B   7001         JNZ     ??MT_ProcessDebugMsg_0
   \   00002D   EB           MOV     A,R3
   \                     ??MT_ProcessDebugMsg_0:
   \   00002E   7003         JNZ     $+5
   \   000030   02....       LJMP    ??MT_ProcessDebugMsg_1 & 0xFFFF
    132            {
    133              /* Build the message */
    134              pBuf = buf;
    135              *pBuf++ = msg->compID;
   \   000033   8E82         MOV     DPL,R6
   \   000035   8F83         MOV     DPH,R7
   \   000037   A3           INC     DPTR
   \   000038   A3           INC     DPTR
   \   000039   E0           MOVX    A,@DPTR
   \   00003A   85..82       MOV     DPL,?XSP + 0
   \   00003D   85..83       MOV     DPH,?XSP + 1
   \   000040   F0           MOVX    @DPTR,A
    136              *pBuf++ = msg->severity;
   \   000041   8E82         MOV     DPL,R6
   \   000043   8F83         MOV     DPH,R7
   \   000045   A3           INC     DPTR
   \   000046   A3           INC     DPTR
   \   000047   A3           INC     DPTR
   \   000048   E0           MOVX    A,@DPTR
   \   000049   C0E0         PUSH    A
   \   00004B   7401         MOV     A,#0x1
   \   00004D   12....       LCALL   ?XSTACK_DISP0_8
   \   000050   D0E0         POP     A
   \   000052   F0           MOVX    @DPTR,A
    137              *pBuf++ = msg->numParams;
   \   000053   85..82       MOV     DPL,?V0 + 2
   \   000056   85..83       MOV     DPH,?V0 + 3
   \   000059   E0           MOVX    A,@DPTR
   \   00005A   C0E0         PUSH    A
   \   00005C   7402         MOV     A,#0x2
   \   00005E   12....       LCALL   ?XSTACK_DISP0_8
   \   000061   D0E0         POP     A
   \   000063   F0           MOVX    @DPTR,A
   \   000064   7403         MOV     A,#0x3
   \   000066   12....       LCALL   ?XSTACK_DISP0_8
   \   000069   A882         MOV     R0,DPL
   \   00006B   A983         MOV     R1,DPH
    138          
    139              if ( msg->numParams >= 1 )
   \   00006D   85..82       MOV     DPL,?V0 + 2
   \   000070   85..83       MOV     DPH,?V0 + 3
   \   000073   E0           MOVX    A,@DPTR
   \   000074   6073         JZ      ??MT_ProcessDebugMsg_2
    140              {
    141                *pBuf++ = LO_UINT16( msg->param1 );
   \   000076   EE           MOV     A,R6
   \   000077   2405         ADD     A,#0x5
   \   000079   12....       LCALL   ?Subroutine2 & 0xFFFF
   \                     ??CrossCallReturnLabel_4:
   \   00007C   C0E0         PUSH    A
   \   00007E   7403         MOV     A,#0x3
   \   000080   12....       LCALL   ?XSTACK_DISP0_8
   \   000083   D0E0         POP     A
   \   000085   F0           MOVX    @DPTR,A
    142                *pBuf++ = HI_UINT16( msg->param1 );
   \   000086   8882         MOV     DPL,R0
   \   000088   8983         MOV     DPH,R1
   \   00008A   A3           INC     DPTR
   \   00008B   E0           MOVX    A,@DPTR
   \   00008C   C0E0         PUSH    A
   \   00008E   7404         MOV     A,#0x4
   \   000090   12....       LCALL   ?XSTACK_DISP0_8
   \   000093   D0E0         POP     A
   \   000095   F0           MOVX    @DPTR,A
   \   000096   7405         MOV     A,#0x5
   \   000098   12....       LCALL   ?XSTACK_DISP0_8
   \   00009B   A882         MOV     R0,DPL
   \   00009D   A983         MOV     R1,DPH
    143              }
    144          
    145              if ( msg->numParams >= 2 )
   \   00009F   85..82       MOV     DPL,?V0 + 2
   \   0000A2   85..83       MOV     DPH,?V0 + 3
   \   0000A5   E0           MOVX    A,@DPTR
   \   0000A6   C3           CLR     C
   \   0000A7   9402         SUBB    A,#0x2
   \   0000A9   4029         JC      ??MT_ProcessDebugMsg_3
    146              {
    147                *pBuf++ = LO_UINT16( msg->param2 );
   \   0000AB   EE           MOV     A,R6
   \   0000AC   2407         ADD     A,#0x7
   \   0000AE   12....       LCALL   ?Subroutine2 & 0xFFFF
   \                     ??CrossCallReturnLabel_5:
   \   0000B1   C0E0         PUSH    A
   \   0000B3   7405         MOV     A,#0x5
   \   0000B5   12....       LCALL   ?XSTACK_DISP0_8
   \   0000B8   D0E0         POP     A
   \   0000BA   F0           MOVX    @DPTR,A
    148                *pBuf++ = HI_UINT16( msg->param2 );
   \   0000BB   8882         MOV     DPL,R0
   \   0000BD   8983         MOV     DPH,R1
   \   0000BF   A3           INC     DPTR
   \   0000C0   E0           MOVX    A,@DPTR
   \   0000C1   C0E0         PUSH    A
   \   0000C3   7406         MOV     A,#0x6
   \   0000C5   12....       LCALL   ?XSTACK_DISP0_8
   \   0000C8   D0E0         POP     A
   \   0000CA   F0           MOVX    @DPTR,A
   \   0000CB   7407         MOV     A,#0x7
   \   0000CD   12....       LCALL   ?XSTACK_DISP0_8
   \   0000D0   A882         MOV     R0,DPL
   \   0000D2   A983         MOV     R1,DPH
    149              }
    150          
    151              if ( msg->numParams == 3 )
   \                     ??MT_ProcessDebugMsg_3:
   \   0000D4   85..82       MOV     DPL,?V0 + 2
   \   0000D7   85..83       MOV     DPH,?V0 + 3
   \   0000DA   E0           MOVX    A,@DPTR
   \   0000DB   6403         XRL     A,#0x3
   \   0000DD   700A         JNZ     ??MT_ProcessDebugMsg_2
    152              {
    153                *pBuf++ = LO_UINT16( msg->param3 );
   \   0000DF   EE           MOV     A,R6
   \   0000E0   2409         ADD     A,#0x9
   \   0000E2   12....       LCALL   ?Subroutine0 & 0xFFFF
    154                *pBuf++ = HI_UINT16( msg->param3 );
    155              }
   \                     ??CrossCallReturnLabel_0:
   \   0000E5   A3           INC     DPTR
   \   0000E6   08           INC     R0
   \   0000E7   A983         MOV     R1,DPH
    156          
    157              *pBuf++ = LO_UINT16( msg->timestamp );
   \                     ??MT_ProcessDebugMsg_2:
   \   0000E9   EE           MOV     A,R6
   \   0000EA   240B         ADD     A,#0xb
   \   0000EC   12....       LCALL   ?Subroutine0 & 0xFFFF
    158              *pBuf++ = HI_UINT16( msg->timestamp );
    159          
    160          #ifdef MT_UART_DEFAULT_PORT
    161              /* Debug message is set to AREQ CMD 0x80 for now */
    162              /* Build and send back the response */
    163              MT_BuildAndSendZToolResponse(((uint8)MT_RPC_CMD_AREQ | (uint8)MT_RPC_SYS_DBG), 0x80, dataLen, buf);
   \                     ??CrossCallReturnLabel_1:
   \   0000EF                ; Setup parameters for call to function MT_BuildAndSendZToolResponse
   \   0000EF   85..82       MOV     DPL,?XSP + 0
   \   0000F2   85..83       MOV     DPH,?XSP + 1
   \   0000F5   AC82         MOV     R4,DPL
   \   0000F7   AD83         MOV     R5,DPH
   \   0000F9   AB..         MOV     R3,?V0 + 4
   \   0000FB   7A80         MOV     R2,#-0x80
   \   0000FD   7948         MOV     R1,#0x48
   \   0000FF   12....       LCALL   ??MT_BuildAndSendZToolResponse?relay
    164          #endif
    165              osal_msg_deallocate( msg_ptr );
   \   000102                ; Setup parameters for call to function osal_msg_deallocate
   \   000102   AA..         MOV     R2,?V0 + 0
   \   000104   AB..         MOV     R3,?V0 + 1
   \   000106   12....       LCALL   ??osal_msg_deallocate?relay
    166            }
    167          }
   \                     ??MT_ProcessDebugMsg_1:
   \   000109   740B         MOV     A,#0xb
   \   00010B   12....       LCALL   ?DEALLOC_XSTACK8
   \   00010E   7F08         MOV     R7,#0x8
   \   000110   02....       LJMP    ?BANKED_LEAVE_XDATA

   \                                 In  segment BANKED_CODE, align 1, keep-with-next
   \                     ?Subroutine2:
   \   000000   F8           MOV     R0,A
   \   000001   EF           MOV     A,R7
   \   000002   3400         ADDC    A,#0x0
   \   000004   F9           MOV     R1,A
   \   000005   8882         MOV     DPL,R0
   \   000007   8983         MOV     DPH,R1
   \   000009   E0           MOVX    A,@DPTR
   \   00000A   22           RET

   \                                 In  segment BANKED_CODE, align 1, keep-with-next
   \                     ?Subroutine0:
   \   000000   FA           MOV     R2,A
   \   000001   EF           MOV     A,R7
   \   000002   3400         ADDC    A,#0x0
   \   000004   FB           MOV     R3,A
   \   000005   8A82         MOV     DPL,R2
   \   000007   8B83         MOV     DPH,R3
   \   000009   E0           MOVX    A,@DPTR
   \   00000A   8882         MOV     DPL,R0
   \   00000C   8983         MOV     DPH,R1
   \   00000E   F0           MOVX    @DPTR,A
   \   00000F   A3           INC     DPTR
   \   000010   A882         MOV     R0,DPL
   \   000012   A983         MOV     R1,DPH
   \   000014   8A82         MOV     DPL,R2
   \   000016   8B83         MOV     DPH,R3
   \   000018   A3           INC     DPTR
   \   000019   E0           MOVX    A,@DPTR
   \   00001A   8882         MOV     DPL,R0
   \   00001C   8983         MOV     DPH,R1
   \   00001E   F0           MOVX    @DPTR,A
   \   00001F   22           RET

   \                                 In  segment BANKED_CODE, align 1, keep-with-next
   \                     ?Subroutine1:
   \   000000   3400         ADDC    A,#0x0
   \   000002   F9           MOV     R1,A
   \   000003   88..         MOV     ?V0 + 2,R0
   \   000005   89..         MOV     ?V0 + 3,R1
   \   000007                ; Setup parameters for call to function osal_mem_alloc
   \   000007   8882         MOV     DPL,R0
   \   000009   F583         MOV     DPH,A
   \   00000B   E0           MOVX    A,@DPTR
   \   00000C   22           RET
    168          
    169          /***************************************************************************************************
    170           * @fn      MT_ProcessDebugStr
    171           *
    172           * @brief   Build and send a debug string.
    173           *
    174           * @param   byte *dstr - pointer to the data portion of the debug message
    175           *
    176           * @return  void
    177           ***************************************************************************************************/

   \                                 In  segment BANKED_CODE, align 1, keep-with-next
    178          void MT_ProcessDebugStr(mtDebugStr_t *dstr)
   \                     MT_ProcessDebugStr:
    179          {
   \   000000   74F2         MOV     A,#-0xe
   \   000002   12....       LCALL   ?BANKED_ENTER_XDATA
   \   000005                ; Saved register size: 14
   \   000005                ; Auto size: 0
   \   000005   8A..         MOV     ?V0 + 0,R2
   \   000007   8B..         MOV     ?V0 + 1,R3
    180            byte *msg_ptr;
    181          
    182            /* Get a message buffer to build the debug message */
    183            msg_ptr = osal_mem_alloc( (byte)(SPI_0DATA_MSG_LEN + dstr->strLen) );
   \   000009   EA           MOV     A,R2
   \   00000A   2402         ADD     A,#0x2
   \   00000C   F8           MOV     R0,A
   \   00000D   EB           MOV     A,R3
   \   00000E   12....       LCALL   ?Subroutine1 & 0xFFFF
   \                     ??CrossCallReturnLabel_3:
   \   000011   2405         ADD     A,#0x5
   \   000013   FA           MOV     R2,A
   \   000014   7B00         MOV     R3,#0x0
   \   000016   12....       LCALL   ??osal_mem_alloc?relay
   \   000019   8A..         MOV     ?V0 + 4,R2
   \   00001B   8B..         MOV     ?V0 + 5,R3
   \   00001D   AE..         MOV     R6,?V0 + 4
   \   00001F   AF..         MOV     R7,?V0 + 5
    184            if ( msg_ptr )
   \   000021   EE           MOV     A,R6
   \   000022   7001         JNZ     ??MT_ProcessDebugStr_0
   \   000024   EF           MOV     A,R7
   \                     ??MT_ProcessDebugStr_0:
   \   000025   6024         JZ      ??MT_ProcessDebugStr_1
    185            {
    186          #ifdef MT_UART_DEFAULT_PORT
    187              /* Debug message is set to AREQ CMD 0x80 for now */
    188              /* Build and send back the response */
    189              MT_BuildAndSendZToolResponse(((uint8)MT_RPC_CMD_AREQ | (uint8)MT_RPC_SYS_DBG), MT_DEBUG_MSG, dstr->strLen, dstr->pString);
   \   000027                ; Setup parameters for call to function MT_BuildAndSendZToolResponse
   \   000027   85..82       MOV     DPL,?V0 + 0
   \   00002A   85..83       MOV     DPH,?V0 + 1
   \   00002D   A3           INC     DPTR
   \   00002E   A3           INC     DPTR
   \   00002F   A3           INC     DPTR
   \   000030   E0           MOVX    A,@DPTR
   \   000031   FC           MOV     R4,A
   \   000032   A3           INC     DPTR
   \   000033   E0           MOVX    A,@DPTR
   \   000034   FD           MOV     R5,A
   \   000035   85..82       MOV     DPL,?V0 + 2
   \   000038   85..83       MOV     DPH,?V0 + 3
   \   00003B   E0           MOVX    A,@DPTR
   \   00003C   FB           MOV     R3,A
   \   00003D   7A80         MOV     R2,#-0x80
   \   00003F   7948         MOV     R1,#0x48
   \   000041   12....       LCALL   ??MT_BuildAndSendZToolResponse?relay
    190          #endif
    191              osal_mem_free( msg_ptr );
   \   000044                ; Setup parameters for call to function osal_mem_free
   \   000044   EE           MOV     A,R6
   \   000045   FA           MOV     R2,A
   \   000046   EF           MOV     A,R7
   \   000047   FB           MOV     R3,A
   \   000048   12....       LCALL   ??osal_mem_free?relay
    192            }
    193          }
   \                     ??MT_ProcessDebugStr_1:
   \   00004B   7F06         MOV     R7,#0x6
   \   00004D   02....       LJMP    ?BANKED_LEAVE_XDATA

   \                                 In  segment BANK_RELAYS, align 1
   \                     ??MT_ProcessDebugMsg?relay:
   \   000000   12....       LCALL   ?BDISPATCH
   \   000003   ......       DC24    MT_ProcessDebugMsg

   \                                 In  segment BANK_RELAYS, align 1
   \                     ??MT_ProcessDebugStr?relay:
   \   000000   12....       LCALL   ?BDISPATCH
   \   000003   ......       DC24    MT_ProcessDebugStr
    194          /***************************************************************************************************
    195           ***************************************************************************************************/

   Maximum stack usage in bytes:

     Function                       ISTACK PSTACK XSTACK
     --------                       ------ ------ ------
     MT_ProcessDebugMsg                 1      0     27
       -> osal_msg_allocate             0      0     54
       -> MT_BuildAndSendZToolResponse
                                        0      0     54
       -> osal_msg_deallocate           0      0     54
     MT_ProcessDebugStr                 0      0     14
       -> osal_mem_alloc                0      0     28
       -> MT_BuildAndSendZToolResponse
                                        0      0     28
       -> osal_mem_free                 0      0     28


   Segment part sizes:

     Function/Label             Bytes
     --------------             -----
     MT_ProcessDebugMsg          275
     ?Subroutine2                 11
     ?Subroutine0                 32
     ?Subroutine1                 13
     MT_ProcessDebugStr           80
     ??MT_ProcessDebugMsg?relay    6
     ??MT_ProcessDebugStr?relay    6

 
 411 bytes in segment BANKED_CODE
  12 bytes in segment BANK_RELAYS
 
 423 bytes of CODE memory

Errors: none
Warnings: none
